10-12-17_10:27:10 AM :: .CTOR: 
########################## Application Start ##########################

10-12-17_10:27:10 AM :: SETUPCONFIG: Found Log Directory at: C:\Users\mpegler\Source\Repos\ServerRPGAdventure\PersonalDiscordBot\bin\x64\Debug\Logs
10-12-17_10:27:10 AM :: SETUPCONFIG: Found Config Directory at: C:\Users\mpegler\Source\Repos\ServerRPGAdventure\PersonalDiscordBot\bin\x64\Debug\Config
10-12-17_10:27:10 AM :: SETUPCONFIG: Found Paths.json at: C:\Users\mpegler\Source\Repos\ServerRPGAdventure\PersonalDiscordBot\bin\x64\Debug\Config\Paths.json
10-12-17_10:27:10 AM :: SETUPCONFIG: Found ServerConfig.xml at: C:\Users\mpegler\Source\Repos\ServerRPGAdventure\PersonalDiscordBot\bin\x64\Debug\Config\ServerConfig.xml
10-12-17_10:27:11 AM :: FULLEXCEPTIONLOG: EXCEPTION: ReadConfig at 727
10-12-17_10:27:11 AM :: SETUPCONFIG: Finished reading config
10-12-17_10:27:12 AM :: USTATUSUPDATE: STATUS: Deserializing Permission Data
10-12-17_10:27:12 AM :: USTATUSUPDATE: STATUS: Running DEBUG Mode
10-12-17_10:27:12 AM :: USTATUSUPDATE: STATUS: Deserializing Sava Data
10-12-17_10:27:12 AM :: DESERIALIZEPERMISSIONS: Cleared Administrators and AllowedChannels
10-12-17_10:27:12 AM :: DESERIALIZEPERMISSIONS: Found Administrators.perm file: C:\Users\mpegler\Source\Repos\ServerRPGAdventure\PersonalDiscordBot\bin\x64\Debug\Permissions\Administrators.perm
10-12-17_10:27:12 AM :: DESERIALIZEPERMISSIONS: Deserialized Administrators.perm
10-12-17_10:27:12 AM :: DESERIALIZEPERMISSIONS: Found RPGChannels.perm file: C:\Users\mpegler\Source\Repos\ServerRPGAdventure\PersonalDiscordBot\bin\x64\Debug\Permissions\RPGChannels.perm
10-12-17_10:27:12 AM :: DESERIALIZEPERMISSIONS: Deserialized RPGChannels.perm
10-12-17_10:27:12 AM :: DESERIALIZEPERMISSIONS: Found GeneralPermissions.perm file: C:\Users\mpegler\Source\Repos\ServerRPGAdventure\PersonalDiscordBot\bin\x64\Debug\Permissions\GeneralPermissions.perm
10-12-17_10:27:12 AM :: DESERIALIZEPERMISSIONS: Deserialized GeneralPermissions.perm
10-12-17_10:27:12 AM :: LOADWINDOWLOCATION: Loading window location
10-12-17_10:27:12 AM :: LOADWINDOWLOCATION: Window Location Loaded and applied: [L]0 [T]0 [R]0 [B]0
10-12-17_10:27:12 AM :: HIDEGRIDS: Set Grid grdStatus to Hidden on launch
10-12-17_10:27:12 AM :: HIDEGRIDS: Set Grid grdSettings to Hidden on launch
10-12-17_10:27:12 AM :: HIDEGRIDS: Set Grid grdServers to Hidden on launch
10-12-17_10:27:12 AM :: HIDEGRIDS: Set Grid grdBotInfo to Hidden on launch
10-12-17_10:27:12 AM :: USTATUSUPDATE: STATUS: Owner Deserialization Complete
10-12-17_10:27:12 AM :: USTATUSUPDATE: STATUS: Admin Deserialization Complete
10-12-17_10:27:12 AM :: USTATUSUPDATE: STATUS: Version updated to 
10-12-17_10:27:12 AM :: CLEANUPLOGDIR: Cleaning up Log Directory: C:\Users\mpegler\Source\Repos\ServerRPGAdventure\PersonalDiscordBot\bin\x64\Debug\Logs
10-12-17_10:27:12 AM :: TREFRESHADMINLIST: Refreshing admin list
10-12-17_10:27:12 AM :: CLEANUPLOGDIR: Deleted old log file: Exceptions.log
10-12-17_10:27:12 AM :: CLEANUPLOGDIR: Finished cleaning up Log directory
10-12-17_10:27:14 AM :: USTATUSUPDATE: STATUS: Newer release found, updating now... [Current]0.1.0.0 [Release]0.1.0.9
10-12-17_10:27:14 AM :: SAVECONFIG: Saved current config to Paths.json
10-12-17_10:27:14 AM :: SAVECONFIG: Saved current config to Paths.json
10-12-17_10:27:14 AM :: SAVECONFIG: Saved current game server list to ServerConfig.xml
10-12-17_10:27:14 AM :: FULLEXCEPTIONLOG: EXCEPTION: StartUpdate at 1133
10-12-17_10:27:14 AM :: USTATUSUPDATE: STATUS: Serializing Save Data
10-12-17_10:27:14 AM :: USTATUSUPDATE: STATUS: Serializing Permission Data
10-12-17_10:27:14 AM :: USTATUSUPDATE: STATUS: Serializing Permission Data
10-12-17_10:27:14 AM :: SERIALIZEDATA: SaveData already exists: C:\Users\mpegler\Source\Repos\ServerRPGAdventure\PersonalDiscordBot\bin\x64\Debug\SaveData
10-12-17_10:27:14 AM :: SERIALIZEPERMISSIONS: Permissions already exists: C:\Users\mpegler\Source\Repos\ServerRPGAdventure\PersonalDiscordBot\bin\x64\Debug\Permissions
10-12-17_10:27:14 AM :: SERIALIZEPERMISSIONS: Permissions already exists: C:\Users\mpegler\Source\Repos\ServerRPGAdventure\PersonalDiscordBot\bin\x64\Debug\Permissions
10-12-17_10:27:14 AM :: USTATUSUPDATE: STATUS: Serializing Save Data
10-12-17_10:27:14 AM :: USTATUSUPDATE: STATUS: Owner Serializing Complete
10-12-17_10:27:14 AM :: SERIALIZEDATA: SaveData already exists: C:\Users\mpegler\Source\Repos\ServerRPGAdventure\PersonalDiscordBot\bin\x64\Debug\SaveData
10-12-17_10:27:14 AM :: USTATUSUPDATE: STATUS: Owner Serializing Complete
10-12-17_10:27:14 AM :: SERIALIZEPERMISSIONS: Serialized Administrators.perm
10-12-17_10:27:14 AM :: SERIALIZEPERMISSIONS: Serialized RPGChannels.perm
10-12-17_10:27:14 AM :: SERIALIZEPERMISSIONS: Serialized GeneralPermissions.perm
10-12-17_10:27:14 AM :: USTATUSUPDATE: STATUS: Admin Serialization Complete
10-12-17_10:27:14 AM :: FULLEXCEPTIONLOG: EXCEPTION: SerializePermissions at 57

10-12-17_10:27:14 AM :: USTATUSUPDATE: STATUS: Admin Serialization Complete
10-12-17_10:27:15 AM :: USTATUSUPDATE: STATUS: Refreshed admin list, total admins: 0
10-12-17_10:27:50 AM :: WINMAIN_CLOSING: 
########################## Application Stop ##########################


