10-13-17_8:04:29 AM :: .CTOR: 
########################## Application Start ##########################

10-13-17_8:04:29 AM :: SETUPCONFIG: Found Log Directory at: C:\Users\mpegler\Source\Repos\ServerRPGAdventure\PersonalDiscordBot\bin\x64\Debug\Logs
10-13-17_8:04:29 AM :: SETUPCONFIG: Found Config Directory at: C:\Users\mpegler\Source\Repos\ServerRPGAdventure\PersonalDiscordBot\bin\x64\Debug\Config
10-13-17_8:04:29 AM :: SETUPCONFIG: Found Paths.json at: C:\Users\mpegler\Source\Repos\ServerRPGAdventure\PersonalDiscordBot\bin\x64\Debug\Config\Paths.json
10-13-17_8:04:29 AM :: SETUPCONFIG: Found ServerConfig.xml at: C:\Users\mpegler\Source\Repos\ServerRPGAdventure\PersonalDiscordBot\bin\x64\Debug\Config\ServerConfig.xml
10-13-17_8:04:30 AM :: FULLEXCEPTIONLOG: EXCEPTION: ReadConfig at 727
10-13-17_8:04:30 AM :: SETUPCONFIG: Finished reading config
10-13-17_8:04:32 AM :: USTATUSUPDATE: STATUS: Running DEBUG Mode
10-13-17_8:04:32 AM :: USTATUSUPDATE: STATUS: Deserializing Sava Data
10-13-17_8:04:32 AM :: USTATUSUPDATE: STATUS: Deserializing Permission Data
10-13-17_8:04:33 AM :: LOADWINDOWLOCATION: Loading window location
10-13-17_8:04:33 AM :: LOADWINDOWLOCATION: Window Location Loaded and applied: [L]0 [T]0 [R]0 [B]0
10-13-17_8:04:33 AM :: HIDEGRIDS: Set Grid grdStatus to Hidden on launch
10-13-17_8:04:33 AM :: HIDEGRIDS: Set Grid grdSettings to Hidden on launch
10-13-17_8:04:33 AM :: HIDEGRIDS: Set Grid grdServers to Hidden on launch
10-13-17_8:04:33 AM :: HIDEGRIDS: Set Grid grdBotInfo to Hidden on launch
10-13-17_8:04:33 AM :: DESERIALIZEPERMISSIONS: Cleared Administrators and AllowedChannels
10-13-17_8:04:33 AM :: DESERIALIZEPERMISSIONS: Found Administrators.perm file: C:\Users\mpegler\Source\Repos\ServerRPGAdventure\PersonalDiscordBot\bin\x64\Debug\Permissions\Administrators.perm
10-13-17_8:04:33 AM :: USTATUSUPDATE: STATUS: Owner Deserialization Complete
10-13-17_8:04:33 AM :: USTATUSUPDATE: STATUS: Version updated to 
10-13-17_8:04:33 AM :: TREFRESHADMINLIST: Refreshing admin list
10-13-17_8:04:33 AM :: DESERIALIZEPERMISSIONS: Deserialized Administrators.perm
10-13-17_8:04:33 AM :: DESERIALIZEPERMISSIONS: Found RPGChannels.perm file: C:\Users\mpegler\Source\Repos\ServerRPGAdventure\PersonalDiscordBot\bin\x64\Debug\Permissions\RPGChannels.perm
10-13-17_8:04:33 AM :: DESERIALIZEPERMISSIONS: Deserialized RPGChannels.perm
10-13-17_8:04:33 AM :: CLEANUPLOGDIR: Cleaning up Log Directory: C:\Users\mpegler\Source\Repos\ServerRPGAdventure\PersonalDiscordBot\bin\x64\Debug\Logs
10-13-17_8:04:33 AM :: DESERIALIZEPERMISSIONS: Found GeneralPermissions.perm file: C:\Users\mpegler\Source\Repos\ServerRPGAdventure\PersonalDiscordBot\bin\x64\Debug\Permissions\GeneralPermissions.perm
10-13-17_8:04:33 AM :: CLEANUPLOGDIR: Deleted old log file: Exceptions.log
10-13-17_8:04:33 AM :: CLEANUPLOGDIR: Finished cleaning up Log directory
10-13-17_8:04:33 AM :: DESERIALIZEPERMISSIONS: Deserialized GeneralPermissions.perm
10-13-17_8:04:34 AM :: USTATUSUPDATE: STATUS: Admin Deserialization Complete
10-13-17_8:04:35 AM :: USTATUSUPDATE: STATUS: Newer release found, updating now... [Current]0.1.0.0 [Release]0.1.0.9
10-13-17_8:04:35 AM :: SAVECONFIG: Saved current config to Paths.json
10-13-17_8:04:35 AM :: SAVECONFIG: Saved current config to Paths.json
10-13-17_8:04:35 AM :: SAVECONFIG: Saved current game server list to ServerConfig.xml
10-13-17_8:04:35 AM :: FULLEXCEPTIONLOG: EXCEPTION: StartUpdate at 1133
10-13-17_8:04:35 AM :: USTATUSUPDATE: STATUS: Serializing Permission Data
10-13-17_8:04:35 AM :: USTATUSUPDATE: STATUS: Serializing Save Data
10-13-17_8:04:35 AM :: USTATUSUPDATE: STATUS: Serializing Permission Data
10-13-17_8:04:35 AM :: SERIALIZEPERMISSIONS: Permissions already exists: C:\Users\mpegler\Source\Repos\ServerRPGAdventure\PersonalDiscordBot\bin\x64\Debug\Permissions
10-13-17_8:04:35 AM :: SERIALIZEDATA: SaveData already exists: C:\Users\mpegler\Source\Repos\ServerRPGAdventure\PersonalDiscordBot\bin\x64\Debug\SaveData
10-13-17_8:04:35 AM :: SERIALIZEPERMISSIONS: Permissions already exists: C:\Users\mpegler\Source\Repos\ServerRPGAdventure\PersonalDiscordBot\bin\x64\Debug\Permissions
10-13-17_8:04:35 AM :: USTATUSUPDATE: STATUS: Serializing Save Data
10-13-17_8:04:35 AM :: USTATUSUPDATE: STATUS: Owner Serializing Complete
10-13-17_8:04:35 AM :: SERIALIZEDATA: SaveData already exists: C:\Users\mpegler\Source\Repos\ServerRPGAdventure\PersonalDiscordBot\bin\x64\Debug\SaveData
10-13-17_8:04:35 AM :: USTATUSUPDATE: STATUS: Owner Serializing Complete
10-13-17_8:04:35 AM :: SERIALIZEPERMISSIONS: Serialized Administrators.perm
10-13-17_8:04:35 AM :: SERIALIZEPERMISSIONS: Serialized RPGChannels.perm
10-13-17_8:04:35 AM :: SERIALIZEPERMISSIONS: Serialized GeneralPermissions.perm
10-13-17_8:04:35 AM :: USTATUSUPDATE: STATUS: Admin Serialization Complete
10-13-17_8:04:35 AM :: FULLEXCEPTIONLOG: EXCEPTION: SerializePermissions at 57
10-13-17_8:04:35 AM :: USTATUSUPDATE: STATUS: Admin Serialization Complete

10-13-17_8:04:36 AM :: USTATUSUPDATE: STATUS: Refreshed admin list, total admins: 0
10-13-17_8:04:44 AM :: BTNCONNECT_CLICK: Token wasn't found in LocalSettings, prompting for token and sending notification
10-13-17_8:04:44 AM :: SLIDEGRID: Slid Grid grdToken from -734,97,0,0 to 0,97,0,0
10-13-17_8:04:44 AM :: SHOWNOTIFICATION: New Notification: A previous token wasn't found, please enter a bot token, save, then try again., 4sec(s)
10-13-17_8:04:44 AM :: SHOWNOTIFICATION: Notification wasn't playing, starting notification play cycles
10-13-17_8:04:47 AM :: SAVECONFIG: Saved current config to Paths.json
10-13-17_8:04:47 AM :: BTNSAVETOKEN_CLICK: Saved new token: MzEzNjk0ODc3MTM5MzM3MjE3.DE_UCw.tIMWsvMmZ7b8nsqFM8dPaGNvGpg
10-13-17_8:04:47 AM :: SLIDEGRID: Slid Grid grdToken from 0,97,0,0 to -734,97,0,0
10-13-17_8:04:47 AM :: BTNSAVETOKEN_CLICK: Slid grdToken back out of view
10-13-17_8:04:47 AM :: SHOWNOTIFICATION: New Notification: Successfully saved new token!, 3sec(s)
10-13-17_8:04:47 AM :: SHOWNOTIFICATION: Notification is currently playing, returning
10-13-17_8:04:48 AM :: SHOWNOTIFICATION: Removed notification: A previous token wasn't found, please enter a bot token, save, then try again.
10-13-17_8:04:48 AM :: SHOWNOTIFICATION: Notifications left: 1
10-13-17_8:04:51 AM :: SHOWNOTIFICATION: Removed notification: Successfully saved new token!
10-13-17_8:04:51 AM :: SHOWNOTIFICATION: Notifications left: 0
10-13-17_8:04:51 AM :: SHOWNOTIFICATION: Finished playing all notifications
10-13-17_8:04:53 AM :: USTATUSUPDATE: STATUS: Starting login updater
10-13-17_8:04:53 AM :: SHOWNOTIFICATION: New Notification: Bot Successfully Connected, 4sec(s)
10-13-17_8:04:53 AM :: SHOWNOTIFICATION: Notification wasn't playing, starting notification play cycles
10-13-17_8:04:54 AM :: USTATUSUPDATE: STATUS: Updated Name and Playing Value
10-13-17_8:04:57 AM :: SHOWNOTIFICATION: Removed notification: Bot Successfully Connected
10-13-17_8:04:57 AM :: SHOWNOTIFICATION: Notifications left: 0
10-13-17_8:04:57 AM :: SHOWNOTIFICATION: Finished playing all notifications
10-13-17_8:06:03 AM :: SWITCHGRIDS: Revealed Grid grdStatus
10-13-17_8:06:03 AM :: SWITCHGRIDS: Hid Grid grdSettings
10-13-17_8:06:03 AM :: SWITCHGRIDS: Hid Grid grdServers
10-13-17_8:06:03 AM :: SWITCHGRIDS: Hid Grid grdBotInfo
10-13-17_8:06:03 AM :: MAINMENUGRIDSLIDE: Slid Main Menu out of view
10-13-17_8:06:09 AM :: SWITCHGRIDS: Hid Grid grdStatus
10-13-17_8:06:09 AM :: MAINMENUGRIDSLIDE: Slid Main Menu into view
10-13-17_8:06:32 AM :: WINMAIN_CLOSING: 
########################## Application Stop ##########################


10-13-17_8:41:29 AM :: .CTOR: 
########################## Application Start ##########################

10-13-17_8:41:29 AM :: SETUPCONFIG: Found Log Directory at: C:\Users\mpegler\Source\Repos\ServerRPGAdventure\PersonalDiscordBot\bin\x64\Debug\Logs
10-13-17_8:41:29 AM :: SETUPCONFIG: Found Config Directory at: C:\Users\mpegler\Source\Repos\ServerRPGAdventure\PersonalDiscordBot\bin\x64\Debug\Config
10-13-17_8:41:29 AM :: SETUPCONFIG: Found Paths.json at: C:\Users\mpegler\Source\Repos\ServerRPGAdventure\PersonalDiscordBot\bin\x64\Debug\Config\Paths.json
10-13-17_8:41:29 AM :: SETUPCONFIG: Found ServerConfig.xml at: C:\Users\mpegler\Source\Repos\ServerRPGAdventure\PersonalDiscordBot\bin\x64\Debug\Config\ServerConfig.xml
10-13-17_8:41:30 AM :: FULLEXCEPTIONLOG: EXCEPTION: ReadConfig at 727
10-13-17_8:41:30 AM :: SETUPCONFIG: Finished reading config
10-13-17_8:41:33 AM :: USTATUSUPDATE: STATUS: Running DEBUG Mode
10-13-17_8:41:33 AM :: USTATUSUPDATE: STATUS: Deserializing Sava Data
10-13-17_8:41:33 AM :: USTATUSUPDATE: STATUS: Deserializing Permission Data
10-13-17_8:41:33 AM :: LOADWINDOWLOCATION: Loading window location
10-13-17_8:41:33 AM :: LOADWINDOWLOCATION: Window Location Loaded and applied: [L]233 [T]159 [R]0 [B]0
10-13-17_8:41:33 AM :: HIDEGRIDS: Set Grid grdStatus to Hidden on launch
10-13-17_8:41:33 AM :: HIDEGRIDS: Set Grid grdSettings to Hidden on launch
10-13-17_8:41:33 AM :: HIDEGRIDS: Set Grid grdServers to Hidden on launch
10-13-17_8:41:33 AM :: HIDEGRIDS: Set Grid grdBotInfo to Hidden on launch
10-13-17_8:41:33 AM :: DESERIALIZEPERMISSIONS: Cleared Administrators and AllowedChannels
10-13-17_8:41:33 AM :: DESERIALIZEPERMISSIONS: Found Administrators.perm file: C:\Users\mpegler\Source\Repos\ServerRPGAdventure\PersonalDiscordBot\bin\x64\Debug\Permissions\Administrators.perm
10-13-17_8:41:33 AM :: USTATUSUPDATE: STATUS: Version updated to 
10-13-17_8:41:33 AM :: USTATUSUPDATE: STATUS: Owner Deserialization Complete
10-13-17_8:41:33 AM :: CLEANUPLOGDIR: Cleaning up Log Directory: C:\Users\mpegler\Source\Repos\ServerRPGAdventure\PersonalDiscordBot\bin\x64\Debug\Logs
10-13-17_8:41:33 AM :: CLEANUPLOGDIR: Deleted old log file: Exceptions.log
10-13-17_8:41:33 AM :: CLEANUPLOGDIR: Finished cleaning up Log directory
10-13-17_8:41:33 AM :: TREFRESHADMINLIST: Refreshing admin list
10-13-17_8:41:34 AM :: DESERIALIZEPERMISSIONS: Deserialized Administrators.perm
10-13-17_8:41:34 AM :: DESERIALIZEPERMISSIONS: Found RPGChannels.perm file: C:\Users\mpegler\Source\Repos\ServerRPGAdventure\PersonalDiscordBot\bin\x64\Debug\Permissions\RPGChannels.perm
10-13-17_8:41:34 AM :: DESERIALIZEPERMISSIONS: Deserialized RPGChannels.perm
10-13-17_8:41:34 AM :: DESERIALIZEPERMISSIONS: Found GeneralPermissions.perm file: C:\Users\mpegler\Source\Repos\ServerRPGAdventure\PersonalDiscordBot\bin\x64\Debug\Permissions\GeneralPermissions.perm
10-13-17_8:41:34 AM :: DESERIALIZEPERMISSIONS: Deserialized GeneralPermissions.perm
10-13-17_8:41:35 AM :: USTATUSUPDATE: STATUS: Admin Deserialization Complete
10-13-17_8:41:35 AM :: USTATUSUPDATE: STATUS: Newer release found, updating now... [Current]0.1.0.0 [Release]0.1.0.9
10-13-17_8:41:36 AM :: SAVECONFIG: Saved current config to Paths.json
10-13-17_8:41:36 AM :: SAVECONFIG: Saved current config to Paths.json
10-13-17_8:41:36 AM :: SAVECONFIG: Saved current game server list to ServerConfig.xml
10-13-17_8:41:36 AM :: FULLEXCEPTIONLOG: EXCEPTION: StartUpdate at 1133
10-13-17_8:41:36 AM :: USTATUSUPDATE: STATUS: Serializing Save Data
10-13-17_8:41:36 AM :: USTATUSUPDATE: STATUS: Serializing Permission Data
10-13-17_8:41:36 AM :: USTATUSUPDATE: STATUS: Serializing Permission Data
10-13-17_8:41:36 AM :: SERIALIZEPERMISSIONS: Permissions already exists: C:\Users\mpegler\Source\Repos\ServerRPGAdventure\PersonalDiscordBot\bin\x64\Debug\Permissions
10-13-17_8:41:36 AM :: SERIALIZEDATA: SaveData already exists: C:\Users\mpegler\Source\Repos\ServerRPGAdventure\PersonalDiscordBot\bin\x64\Debug\SaveData
10-13-17_8:41:36 AM :: SERIALIZEPERMISSIONS: Permissions already exists: C:\Users\mpegler\Source\Repos\ServerRPGAdventure\PersonalDiscordBot\bin\x64\Debug\Permissions
10-13-17_8:41:36 AM :: USTATUSUPDATE: STATUS: Owner Serializing Complete
10-13-17_8:41:36 AM :: USTATUSUPDATE: STATUS: Serializing Save Data
10-13-17_8:41:36 AM :: FULLEXCEPTIONLOG: EXCEPTION: uDebugAddLog at 131
10-13-17_8:41:36 AM :: SERIALIZEDATA: SaveData already exists: C:\Users\mpegler\Source\Repos\ServerRPGAdventure\PersonalDiscordBot\bin\x64\Debug\SaveData
10-13-17_8:41:36 AM :: USTATUSUPDATE: STATUS: Owner Serializing Complete
10-13-17_8:41:36 AM :: SERIALIZEPERMISSIONS: Serialized Administrators.perm
10-13-17_8:41:36 AM :: SERIALIZEPERMISSIONS: Serialized RPGChannels.perm
10-13-17_8:41:36 AM :: SERIALIZEPERMISSIONS: Serialized GeneralPermissions.perm
10-13-17_8:41:36 AM :: SERIALIZEPERMISSIONS: Serialized Administrators.perm
10-13-17_8:41:36 AM :: USTATUSUPDATE: STATUS: Admin Serialization Complete
10-13-17_8:41:36 AM :: SERIALIZEPERMISSIONS: Serialized RPGChannels.perm


10-13-17_8:41:36 AM :: SERIALIZEPERMISSIONS: Serialized GeneralPermissions.perm
10-13-17_8:41:36 AM :: USTATUSUPDATE: STATUS: Admin Serialization Complete
10-13-17_8:41:36 AM :: USTATUSUPDATE: STATUS: Refreshed admin list, total admins: 0
10-13-17_8:41:45 AM :: BTNCONNECT_CLICK: Token wasn't found in LocalSettings, prompting for token and sending notification
10-13-17_8:41:45 AM :: SLIDEGRID: Slid Grid grdToken from -734,97,0,0 to 0,97,0,0
10-13-17_8:41:45 AM :: SHOWNOTIFICATION: New Notification: A previous token wasn't found, please enter a bot token, save, then try again., 4sec(s)
10-13-17_8:41:45 AM :: SHOWNOTIFICATION: Notification wasn't playing, starting notification play cycles
10-13-17_8:41:47 AM :: SAVECONFIG: Saved current config to Paths.json
10-13-17_8:41:47 AM :: BTNSAVETOKEN_CLICK: Saved new token: MzEzNjk0ODc3MTM5MzM3MjE3.DMFPyQ.RoTKPud3dCvc7_ELzQV94VwMbQs
10-13-17_8:41:47 AM :: SLIDEGRID: Slid Grid grdToken from 0,97,0,0 to -734,97,0,0
10-13-17_8:41:47 AM :: BTNSAVETOKEN_CLICK: Slid grdToken back out of view
10-13-17_8:41:47 AM :: SHOWNOTIFICATION: New Notification: Successfully saved new token!, 3sec(s)
10-13-17_8:41:47 AM :: SHOWNOTIFICATION: Notification is currently playing, returning
10-13-17_8:41:49 AM :: SHOWNOTIFICATION: Removed notification: A previous token wasn't found, please enter a bot token, save, then try again.
10-13-17_8:41:49 AM :: SHOWNOTIFICATION: Notifications left: 1
10-13-17_8:41:52 AM :: SHOWNOTIFICATION: Removed notification: Successfully saved new token!
10-13-17_8:41:52 AM :: SHOWNOTIFICATION: Notifications left: 0
10-13-17_8:41:52 AM :: SHOWNOTIFICATION: Finished playing all notifications
10-13-17_8:41:56 AM :: USTATUSUPDATE: STATUS: Starting login updater
10-13-17_8:41:57 AM :: SHOWNOTIFICATION: New Notification: Bot Successfully Connected, 4sec(s)
10-13-17_8:41:57 AM :: SHOWNOTIFICATION: Notification wasn't playing, starting notification play cycles
10-13-17_8:41:58 AM :: USTATUSUPDATE: STATUS: Updated Name and Playing Value
10-13-17_8:42:00 AM :: SWITCHGRIDS: Revealed Grid grdStatus
10-13-17_8:42:00 AM :: SWITCHGRIDS: Hid Grid grdSettings
10-13-17_8:42:00 AM :: SWITCHGRIDS: Hid Grid grdServers
10-13-17_8:42:00 AM :: SWITCHGRIDS: Hid Grid grdBotInfo
10-13-17_8:42:00 AM :: MAINMENUGRIDSLIDE: Slid Main Menu out of view
10-13-17_8:42:01 AM :: SHOWNOTIFICATION: Removed notification: Bot Successfully Connected
10-13-17_8:42:01 AM :: SHOWNOTIFICATION: Notifications left: 0
10-13-17_8:42:01 AM :: SHOWNOTIFICATION: Finished playing all notifications
10-13-17_8:50:00 AM :: USTATUSUPDATE: STATUS: User: Bygonjin ◥◤ Command: ;help test
10-13-17_8:50:00 AM :: MESSAGEHANDLER: COMMAND: User: Bygonjin ◥◤ Command: ;help test
10-13-17_8:50:22 AM :: USTATUSUPDATE: STATUS: User: Bygonjin ◥◤ Command: ;test check backpack
10-13-17_8:50:22 AM :: MESSAGEHANDLER: COMMAND: User: Bygonjin ◥◤ Command: ;test check backpack
10-13-17_8:50:23 AM :: USTATUSUPDATE: STATUS: Owner profile not found, created one for Bygonjin | 123913308498690051
10-13-17_8:50:33 AM :: USTATUSUPDATE: STATUS: User: Bygonjin ◥◤ Command: ;test create
10-13-17_8:50:33 AM :: MESSAGEHANDLER: COMMAND: User: Bygonjin ◥◤ Command: ;test create
10-13-17_8:50:33 AM :: VERIFYOWNERPROFILEANDIFHASCHARACTERS: Owner profile was found for Bygonjin | 123913308498690051
10-13-17_8:50:34 AM :: TESTACULES5: Generated message list
10-13-17_8:50:35 AM :: TESTACULES5: Generated message list
10-13-17_8:50:36 AM :: TESTACULES5: Generated message list
10-13-17_8:50:38 AM :: TESTACULES5: Generated message list
10-13-17_8:50:39 AM :: TESTACULES5: Generated message list
10-13-17_8:50:40 AM :: TESTACULES5: Generated message list
10-13-17_8:50:41 AM :: TESTACULES5: Generated message list
10-13-17_8:50:42 AM :: TESTACULES5: Generated message list
10-13-17_8:50:43 AM :: TESTACULES5: Generated message list
10-13-17_8:50:43 AM :: TESTACULES5: Found message from OP with a newer DateTime than the original message
10-13-17_8:50:43 AM :: TESTACULES5: Before response: necromancer
10-13-17_8:50:43 AM :: TESTACULES5: After response: necromancer
10-13-17_8:50:44 AM :: TESTACULES5: Generated message list
10-13-17_8:50:45 AM :: TESTACULES5: Generated message list
10-13-17_8:50:47 AM :: TESTACULES5: Generated message list
10-13-17_8:50:48 AM :: TESTACULES5: Generated message list
10-13-17_8:50:49 AM :: TESTACULES5: Generated message list
10-13-17_8:50:50 AM :: TESTACULES5: Generated message list
10-13-17_8:50:50 AM :: TESTACULES5: Found message from OP with a newer DateTime than the original message
10-13-17_8:50:50 AM :: TESTACULES5: Response: A-A-ron
10-13-17_8:50:50 AM :: TESTACULES5: Valid response recieved, setting Character name [ID]123913308498690051
10-13-17_8:50:51 AM :: TESTACULES5: Generated message list
10-13-17_8:50:52 AM :: TESTACULES5: Generated message list
10-13-17_8:50:52 AM :: TESTACULES5: Found message from OP with a newer DateTime than the original message
10-13-17_8:50:52 AM :: TESTACULES5: Response: yes

10-13-17_8:51:30 AM :: USTATUSUPDATE: STATUS: User: Bygonjin ◥◤ Command: ;help
10-13-17_8:51:30 AM :: MESSAGEHANDLER: COMMAND: User: Bygonjin ◥◤ Command: ;help
10-13-17_8:51:33 AM :: USTATUSUPDATE: STATUS: Serializing Save Data
10-13-17_8:51:33 AM :: SERIALIZEDATA: SaveData already exists: C:\Users\mpegler\Source\Repos\ServerRPGAdventure\PersonalDiscordBot\bin\x64\Debug\SaveData
10-13-17_8:51:34 AM :: SERIALIZEDATA: Serialized Owner: 123913308498690051
10-13-17_8:51:34 AM :: USTATUSUPDATE: STATUS: Owner Serializing Complete
10-13-17_8:51:47 AM :: USTATUSUPDATE: STATUS: User: Bygonjin ◥◤ Command: ;test add loot
10-13-17_8:51:47 AM :: MESSAGEHANDLER: COMMAND: User: Bygonjin ◥◤ Command: ;test add loot
10-13-17_8:51:48 AM :: COMPLETEMATCH: MatchCompleted Event Triggered: [R]Won [EC]10 [EXP]1000 [T]0D 0H 0S [O]123913308498690051
10-13-17_8:51:48 AM :: ENDOFMATCHLOOTASYNC: Generating lootdrop, lootcount: 1
10-13-17_8:51:48 AM :: ENDOFMATCHLOOTASYNC: Lootdrop generated, lootcount before filter: 1 [ID]123913308498690051
10-13-17_8:51:48 AM :: FILTERLOOT: Filtering out loot for A-A-ron [ID]123913308498690051
10-13-17_8:51:48 AM :: FILTERLOOT: Added pebble to A-A-ron and 123913308498690051 and removing from loot list for type Nothing
10-13-17_8:51:48 AM :: FILTERLOOT: Removed pebble from character loot
10-13-17_8:51:48 AM :: FULLEXCEPTIONLOG: EXCEPTION: FilterLoot at 2964
10-13-17_8:51:48 AM :: VERIFYLVLUP: Checking if A-A-ron leveled up: [currexp]1000 [exptolvl]1484
10-13-17_8:51:48 AM :: VERIFYLVLUP: A-A-ron didn't level up 1000/1484
10-13-17_8:51:48 AM :: ENDOFMATCHLOOTASYNC: Lootdrop lootcount after filter: 0 [ID]123913308498690051
10-13-17_8:51:48 AM :: EMPTYLOOT: Emptying Loot: [emptiedLoot]True [Count]0 [ID]123913308498690051
10-13-17_8:52:15 AM :: SWITCHGRIDS: Hid Grid grdStatus
10-13-17_8:52:15 AM :: SWITCHGRIDS: Hid Grid grdSettings
10-13-17_8:52:15 AM :: SWITCHGRIDS: Hid Grid grdServers
10-13-17_8:52:15 AM :: SWITCHGRIDS: Revealed Grid grdBotInfo
10-13-17_8:52:15 AM :: MAINMENUGRIDSLIDE: Slid Main Menu out of view
10-13-17_8:52:17 AM :: SWITCHGRIDS: Hid Grid grdBotInfo
10-13-17_8:52:17 AM :: MAINMENUGRIDSLIDE: Slid Main Menu into view
10-13-17_8:52:19 AM :: SWITCHGRIDS: Hid Grid grdStatus
10-13-17_8:52:19 AM :: SWITCHGRIDS: Revealed Grid grdSettings
10-13-17_8:52:19 AM :: SWITCHGRIDS: Hid Grid grdServers
10-13-17_8:52:19 AM :: SWITCHGRIDS: Hid Grid grdBotInfo
10-13-17_8:52:19 AM :: MAINMENUGRIDSLIDE: Slid Main Menu out of view
10-13-17_8:53:46 AM :: TXTLOGDIRECTORY_LOSTFOCUS: Log Directory Location changed to: C:\Users\mpegler\Source\Repos\ServerRPGAdventure\PersonalDiscordBot\bin\x64\Debug\Logs
10-13-17_8:53:47 AM :: SWITCHGRIDS: Revealed Grid grdStatus
10-13-17_8:53:47 AM :: SWITCHGRIDS: Hid Grid grdSettings
10-13-17_8:53:47 AM :: SWITCHGRIDS: Hid Grid grdServers
10-13-17_8:53:47 AM :: SWITCHGRIDS: Hid Grid grdBotInfo
10-13-17_8:53:47 AM :: MAINMENUGRIDSLIDE: Slid Main Menu out of view
10-13-17_8:53:52 AM :: SWITCHGRIDS: Hid Grid grdStatus
10-13-17_8:53:52 AM :: SWITCHGRIDS: Hid Grid grdSettings
10-13-17_8:53:52 AM :: SWITCHGRIDS: Revealed Grid grdServers
10-13-17_8:53:52 AM :: SWITCHGRIDS: Hid Grid grdBotInfo
10-13-17_8:53:52 AM :: MAINMENUGRIDSLIDE: Slid Main Menu out of view
10-13-17_8:53:54 AM :: SWITCHGRIDS: Hid Grid grdStatus
10-13-17_8:53:54 AM :: SWITCHGRIDS: Hid Grid grdSettings
10-13-17_8:53:54 AM :: SWITCHGRIDS: Hid Grid grdServers
10-13-17_8:53:54 AM :: SWITCHGRIDS: Revealed Grid grdBotInfo
10-13-17_8:53:54 AM :: MAINMENUGRIDSLIDE: Slid Main Menu out of view
10-13-17_8:53:55 AM :: SWITCHGRIDS: Hid Grid grdStatus
10-13-17_8:53:55 AM :: SWITCHGRIDS: Revealed Grid grdSettings
10-13-17_8:53:55 AM :: SWITCHGRIDS: Hid Grid grdServers
10-13-17_8:53:55 AM :: SWITCHGRIDS: Hid Grid grdBotInfo
10-13-17_8:53:55 AM :: MAINMENUGRIDSLIDE: Slid Main Menu out of view
10-13-17_8:53:57 AM :: TXTLOGDIRECTORY_LOSTFOCUS: Log Directory Location changed to: C:\Users\mpegler\Source\Repos\ServerRPGAdventure\PersonalDiscordBot\bin\x64\Debug\Logs
10-13-17_8:53:57 AM :: SHOWNOTIFICATION: New Notification: Added admin ID: 123913308498690051, 4sec(s)
10-13-17_8:53:57 AM :: SHOWNOTIFICATION: Notification wasn't playing, starting notification play cycles
10-13-17_8:53:57 AM :: USTATUSUPDATE: STATUS: Added admin ID: 123913308498690051
10-13-17_8:53:57 AM :: TREFRESHADMINLIST: Refreshing admin list
10-13-17_8:54:00 AM :: USTATUSUPDATE: STATUS: Refreshed admin list, total admins: 1
10-13-17_8:54:01 AM :: SHOWNOTIFICATION: Removed notification: Added admin ID: 123913308498690051
10-13-17_8:54:01 AM :: SHOWNOTIFICATION: Notifications left: 0
10-13-17_8:54:01 AM :: SHOWNOTIFICATION: Finished playing all notifications
10-13-17_8:54:07 AM :: USTATUSUPDATE: STATUS: User: Bygonjin ◥◤ Command: ;test add loot
10-13-17_8:54:07 AM :: MESSAGEHANDLER: COMMAND: User: Bygonjin ◥◤ Command: ;test add loot
10-13-17_8:54:07 AM :: ADMINPERMISSIONS: Admin profile username was null or empty, added username: Bygonjin | 123913308498690051

10-13-17_8:57:14 AM :: .CTOR: 
########################## Application Start ##########################

10-13-17_8:57:14 AM :: SETUPCONFIG: Found Log Directory at: C:\Users\mpegler\Source\Repos\ServerRPGAdventure\PersonalDiscordBot\bin\x64\Debug\Logs
10-13-17_8:57:14 AM :: SETUPCONFIG: Found Config Directory at: C:\Users\mpegler\Source\Repos\ServerRPGAdventure\PersonalDiscordBot\bin\x64\Debug\Config
10-13-17_8:57:14 AM :: SETUPCONFIG: Found Paths.json at: C:\Users\mpegler\Source\Repos\ServerRPGAdventure\PersonalDiscordBot\bin\x64\Debug\Config\Paths.json
10-13-17_8:57:14 AM :: SETUPCONFIG: Found ServerConfig.xml at: C:\Users\mpegler\Source\Repos\ServerRPGAdventure\PersonalDiscordBot\bin\x64\Debug\Config\ServerConfig.xml
10-13-17_8:57:15 AM :: FULLEXCEPTIONLOG: EXCEPTION: ReadConfig at 727
10-13-17_8:57:15 AM :: SETUPCONFIG: Finished reading config
10-13-17_8:57:18 AM :: USTATUSUPDATE: STATUS: Running DEBUG Mode
10-13-17_8:57:18 AM :: USTATUSUPDATE: STATUS: Deserializing Permission Data
10-13-17_8:57:18 AM :: USTATUSUPDATE: STATUS: Deserializing Sava Data
10-13-17_8:57:18 AM :: LOADWINDOWLOCATION: Loading window location
10-13-17_8:57:18 AM :: LOADWINDOWLOCATION: Window Location Loaded and applied: [L]0 [T]0 [R]0 [B]0
10-13-17_8:57:18 AM :: HIDEGRIDS: Set Grid grdStatus to Hidden on launch
10-13-17_8:57:18 AM :: HIDEGRIDS: Set Grid grdSettings to Hidden on launch
10-13-17_8:57:18 AM :: HIDEGRIDS: Set Grid grdServers to Hidden on launch
10-13-17_8:57:18 AM :: HIDEGRIDS: Set Grid grdBotInfo to Hidden on launch
10-13-17_8:57:18 AM :: DESERIALIZEPERMISSIONS: Cleared Administrators and AllowedChannels
10-13-17_8:57:18 AM :: DESERIALIZEPERMISSIONS: Found Administrators.perm file: C:\Users\mpegler\Source\Repos\ServerRPGAdventure\PersonalDiscordBot\bin\x64\Debug\Permissions\Administrators.perm
10-13-17_8:57:18 AM :: DESERIALIZEDATA: Found .owner file: C:\Users\mpegler\Source\Repos\ServerRPGAdventure\PersonalDiscordBot\bin\x64\Debug\SaveData\123913308498690051.owner
10-13-17_8:57:18 AM :: USTATUSUPDATE: STATUS: Version updated to 
10-13-17_8:57:18 AM :: TREFRESHADMINLIST: Refreshing admin list
10-13-17_8:57:18 AM :: CLEANUPLOGDIR: Cleaning up Log Directory: C:\Users\mpegler\Source\Repos\ServerRPGAdventure\PersonalDiscordBot\bin\x64\Debug\Logs
10-13-17_8:57:18 AM :: CLEANUPLOGDIR: Deleted old log file: Exceptions.log
10-13-17_8:57:18 AM :: CLEANUPLOGDIR: Finished cleaning up Log directory
10-13-17_8:57:18 AM :: DESERIALIZEPERMISSIONS: Deserialized Administrators.perm
10-13-17_8:57:18 AM :: DESERIALIZEPERMISSIONS: Found RPGChannels.perm file: C:\Users\mpegler\Source\Repos\ServerRPGAdventure\PersonalDiscordBot\bin\x64\Debug\Permissions\RPGChannels.perm
10-13-17_8:57:18 AM :: DESERIALIZEPERMISSIONS: Deserialized RPGChannels.perm
10-13-17_8:57:18 AM :: DESERIALIZEPERMISSIONS: Found GeneralPermissions.perm file: C:\Users\mpegler\Source\Repos\ServerRPGAdventure\PersonalDiscordBot\bin\x64\Debug\Permissions\GeneralPermissions.perm
10-13-17_8:57:18 AM :: DESERIALIZEPERMISSIONS: Deserialized GeneralPermissions.perm
10-13-17_8:57:18 AM :: DESERIALIZEDATA: Added Owner 123913308498690051 to Owners List
10-13-17_8:57:19 AM :: USTATUSUPDATE: STATUS: Owner Deserialization Complete
10-13-17_8:57:19 AM :: USTATUSUPDATE: STATUS: Admin Deserialization Complete
10-13-17_8:57:20 AM :: USTATUSUPDATE: STATUS: Newer release found, updating now... [Current]0.1.0.0 [Release]0.1.0.9
10-13-17_8:57:20 AM :: SAVECONFIG: Saved current config to Paths.json
10-13-17_8:57:20 AM :: SAVECONFIG: Saved current config to Paths.json
10-13-17_8:57:20 AM :: SAVECONFIG: Saved current game server list to ServerConfig.xml
10-13-17_8:57:20 AM :: FULLEXCEPTIONLOG: EXCEPTION: StartUpdate at 1133
10-13-17_8:57:20 AM :: USTATUSUPDATE: STATUS: Serializing Save Data
10-13-17_8:57:20 AM :: USTATUSUPDATE: STATUS: Serializing Permission Data
10-13-17_8:57:20 AM :: USTATUSUPDATE: STATUS: Serializing Permission Data
10-13-17_8:57:20 AM :: SERIALIZEDATA: SaveData already exists: C:\Users\mpegler\Source\Repos\ServerRPGAdventure\PersonalDiscordBot\bin\x64\Debug\SaveData
10-13-17_8:57:20 AM :: SERIALIZEPERMISSIONS: Permissions already exists: C:\Users\mpegler\Source\Repos\ServerRPGAdventure\PersonalDiscordBot\bin\x64\Debug\Permissions
10-13-17_8:57:20 AM :: SERIALIZEPERMISSIONS: Permissions already exists: C:\Users\mpegler\Source\Repos\ServerRPGAdventure\PersonalDiscordBot\bin\x64\Debug\Permissions
10-13-17_8:57:20 AM :: SERIALIZEPERMISSIONS: Serialized Administrators.perm
10-13-17_8:57:20 AM :: SERIALIZEPERMISSIONS: Serialized RPGChannels.perm
10-13-17_8:57:20 AM :: SERIALIZEPERMISSIONS: Serialized GeneralPermissions.perm
10-13-17_8:57:20 AM :: USTATUSUPDATE: STATUS: Serializing Save Data
10-13-17_8:57:20 AM :: USTATUSUPDATE: STATUS: Admin Serialization Complete
10-13-17_8:57:20 AM :: SERIALIZEDATA: SaveData already exists: C:\Users\mpegler\Source\Repos\ServerRPGAdventure\PersonalDiscordBot\bin\x64\Debug\SaveData
10-13-17_8:57:20 AM :: SERIALIZEPERMISSIONS: Serialized Administrators.perm

10-13-17_8:57:20 AM :: SERIALIZEPERMISSIONS: Serialized RPGChannels.perm
10-13-17_8:57:20 AM :: SERIALIZEPERMISSIONS: Serialized GeneralPermissions.perm
10-13-17_8:57:20 AM :: USTATUSUPDATE: STATUS: Admin Serialization Complete
10-13-17_8:57:20 AM :: SERIALIZEDATA: Serialized Owner: 123913308498690051
10-13-17_8:57:20 AM :: USTATUSUPDATE: STATUS: Owner Serializing Complete
10-13-17_8:57:20 AM :: FULLEXCEPTIONLOG: EXCEPTION: SerializeData at 704
10-13-17_8:57:20 AM :: USTATUSUPDATE: STATUS: Owner Serializing Complete
10-13-17_8:57:21 AM :: USTATUSUPDATE: STATUS: Refreshed admin list, total admins: 0
10-13-17_8:59:02 AM :: BTNCONNECT_CLICK: Token wasn't found in LocalSettings, prompting for token and sending notification
10-13-17_8:59:02 AM :: SLIDEGRID: Slid Grid grdToken from -734,97,0,0 to 0,97,0,0
10-13-17_8:59:02 AM :: SHOWNOTIFICATION: New Notification: A previous token wasn't found, please enter a bot token, save, then try again., 4sec(s)
10-13-17_8:59:02 AM :: SHOWNOTIFICATION: Notification wasn't playing, starting notification play cycles
10-13-17_8:59:06 AM :: SHOWNOTIFICATION: Removed notification: A previous token wasn't found, please enter a bot token, save, then try again.
10-13-17_8:59:06 AM :: SHOWNOTIFICATION: Notifications left: 0
10-13-17_8:59:06 AM :: SHOWNOTIFICATION: Finished playing all notifications
10-13-17_8:59:12 AM :: SAVECONFIG: Saved current config to Paths.json
10-13-17_8:59:12 AM :: BTNSAVETOKEN_CLICK: Saved new token: MzEzNjk0ODc3MTM5MzM3MjE3.DMFPyQ.RoTKPud3dCvc7_ELzQV94VwMbQs
10-13-17_8:59:12 AM :: SLIDEGRID: Slid Grid grdToken from 0,97,0,0 to -734,97,0,0
10-13-17_8:59:12 AM :: BTNSAVETOKEN_CLICK: Slid grdToken back out of view
10-13-17_8:59:12 AM :: SHOWNOTIFICATION: New Notification: Successfully saved new token!, 3sec(s)
10-13-17_8:59:12 AM :: SHOWNOTIFICATION: Notification wasn't playing, starting notification play cycles
10-13-17_8:59:14 AM :: USTATUSUPDATE: STATUS: Starting login updater
10-13-17_8:59:14 AM :: SHOWNOTIFICATION: New Notification: Bot Successfully Connected, 4sec(s)
10-13-17_8:59:14 AM :: SHOWNOTIFICATION: Notification is currently playing, returning
10-13-17_8:59:15 AM :: SHOWNOTIFICATION: Removed notification: Successfully saved new token!
10-13-17_8:59:15 AM :: SHOWNOTIFICATION: Notifications left: 1
10-13-17_8:59:16 AM :: USTATUSUPDATE: STATUS: Updated Name and Playing Value
10-13-17_8:59:19 AM :: SHOWNOTIFICATION: Removed notification: Bot Successfully Connected
10-13-17_8:59:19 AM :: SHOWNOTIFICATION: Notifications left: 0
10-13-17_8:59:19 AM :: SHOWNOTIFICATION: Finished playing all notifications
10-13-17_8:59:21 AM :: USTATUSUPDATE: STATUS: User: Bygonjin ◥◤ Command: ;test check backpack
10-13-17_8:59:21 AM :: MESSAGEHANDLER: COMMAND: User: Bygonjin ◥◤ Command: ;test check backpack
10-13-17_8:59:21 AM :: VERIFYOWNERPROFILEANDIFHASCHARACTERS: Owner profile was found for Bygonjin | 123913308498690051
10-13-17_8:59:21 AM :: CHECKCHARACTERBACKPACK: Asking [OwnerCharacter]PersonalDiscordBot.Classes.Character [OwnerID]123913308498690051 what to see
10-13-17_8:59:24 AM :: CHECKCHARACTERBACKPACK: Response recieved from same author and a newer message. [Resp]all [ID]123913308498690051
10-13-17_8:59:26 AM :: SENDDISCORDMESSAGE: Sent Discord Message via Event with Embed: [UN]Bygonjin [Embed] [ID]123913308498690051
10-13-17_8:59:26 AM :: CHECKCHARACTERBACKPACK: Asking [OwnerCharacter]PersonalDiscordBot.Classes.Character [OwnerID]123913308498690051 which item to inspect
10-13-17_8:59:28 AM :: CHECKCHARACTERBACKPACK: Response recieved from same author and a newer message. [Resp]all [ID]123913308498690051
10-13-17_8:59:28 AM :: CHECKCHARACTERBACKPACK: Answer didn't parse to Int. [Resp]all [ID]123913308498690051
10-13-17_8:59:44 AM :: SWITCHGRIDS: Hid Grid grdStatus
10-13-17_8:59:44 AM :: SWITCHGRIDS: Revealed Grid grdSettings
10-13-17_8:59:44 AM :: SWITCHGRIDS: Hid Grid grdServers
10-13-17_8:59:44 AM :: SWITCHGRIDS: Hid Grid grdBotInfo
10-13-17_8:59:44 AM :: MAINMENUGRIDSLIDE: Slid Main Menu out of view
10-13-17_8:59:45 AM :: SWITCHGRIDS: Revealed Grid grdStatus
10-13-17_8:59:45 AM :: SWITCHGRIDS: Hid Grid grdSettings
10-13-17_8:59:45 AM :: SWITCHGRIDS: Hid Grid grdServers
10-13-17_8:59:45 AM :: SWITCHGRIDS: Hid Grid grdBotInfo
10-13-17_8:59:45 AM :: MAINMENUGRIDSLIDE: Slid Main Menu out of view
10-13-17_8:59:46 AM :: BTNSHOWDEBUG_CLICK: Toggling Status/Debug textbox
10-13-17_8:59:46 AM :: BTNSHOWDEBUG_CLICK: Status window is currently visible, switching to debug window and changing button color
10-13-17_8:59:46 AM :: BTNSHOWDEBUG_CLICK: Finished toggling to debug window
10-13-17_8:59:46 AM :: SHOWNOTIFICATION: New Notification: Changed status window to debug information, 5sec(s)
10-13-17_8:59:46 AM :: SHOWNOTIFICATION: Notification wasn't playing, starting notification play cycles
10-13-17_8:59:51 AM :: SHOWNOTIFICATION: Removed notification: Changed status window to debug information
10-13-17_8:59:51 AM :: SHOWNOTIFICATION: Notifications left: 0

10-13-17_9:17:44 AM :: .CTOR: 
########################## Application Start ##########################

10-13-17_9:17:44 AM :: SETUPCONFIG: Found Log Directory at: C:\Users\mpegler\Source\Repos\ServerRPGAdventure\PersonalDiscordBot\bin\x64\Debug\Logs
10-13-17_9:17:44 AM :: SETUPCONFIG: Found Config Directory at: C:\Users\mpegler\Source\Repos\ServerRPGAdventure\PersonalDiscordBot\bin\x64\Debug\Config
10-13-17_9:17:44 AM :: SETUPCONFIG: Found Paths.json at: C:\Users\mpegler\Source\Repos\ServerRPGAdventure\PersonalDiscordBot\bin\x64\Debug\Config\Paths.json
10-13-17_9:17:44 AM :: SETUPCONFIG: Found ServerConfig.xml at: C:\Users\mpegler\Source\Repos\ServerRPGAdventure\PersonalDiscordBot\bin\x64\Debug\Config\ServerConfig.xml
10-13-17_9:17:45 AM :: FULLEXCEPTIONLOG: EXCEPTION: ReadConfig at 727
10-13-17_9:17:45 AM :: SETUPCONFIG: Finished reading config
10-13-17_9:17:47 AM :: USTATUSUPDATE: STATUS: Deserializing Sava Data
10-13-17_9:17:47 AM :: USTATUSUPDATE: STATUS: Running DEBUG Mode
10-13-17_9:17:47 AM :: USTATUSUPDATE: STATUS: Deserializing Permission Data
10-13-17_9:17:47 AM :: DESERIALIZEDATA: Found .owner file: C:\Users\mpegler\Source\Repos\ServerRPGAdventure\PersonalDiscordBot\bin\x64\Debug\SaveData\123913308498690051.owner
10-13-17_9:17:47 AM :: LOADWINDOWLOCATION: Loading window location
10-13-17_9:17:47 AM :: DESERIALIZEDATA: Added Owner 123913308498690051 to Owners List
10-13-17_9:17:47 AM :: LOADWINDOWLOCATION: Window Location Loaded and applied: [L]0 [T]0 [R]0 [B]0
10-13-17_9:17:47 AM :: HIDEGRIDS: Set Grid grdStatus to Hidden on launch
10-13-17_9:17:47 AM :: HIDEGRIDS: Set Grid grdSettings to Hidden on launch
10-13-17_9:17:47 AM :: HIDEGRIDS: Set Grid grdServers to Hidden on launch
10-13-17_9:17:47 AM :: HIDEGRIDS: Set Grid grdBotInfo to Hidden on launch
10-13-17_9:17:47 AM :: DESERIALIZEPERMISSIONS: Cleared Administrators and AllowedChannels
10-13-17_9:17:47 AM :: DESERIALIZEPERMISSIONS: Found Administrators.perm file: C:\Users\mpegler\Source\Repos\ServerRPGAdventure\PersonalDiscordBot\bin\x64\Debug\Permissions\Administrators.perm
10-13-17_9:17:47 AM :: USTATUSUPDATE: STATUS: Owner Deserialization Complete
10-13-17_9:17:47 AM :: USTATUSUPDATE: STATUS: Version updated to 
10-13-17_9:17:47 AM :: CLEANUPLOGDIR: Cleaning up Log Directory: C:\Users\mpegler\Source\Repos\ServerRPGAdventure\PersonalDiscordBot\bin\x64\Debug\Logs
10-13-17_9:17:47 AM :: TREFRESHADMINLIST: Refreshing admin list
10-13-17_9:17:47 AM :: CLEANUPLOGDIR: Deleted old log file: Exceptions.log
10-13-17_9:17:47 AM :: CLEANUPLOGDIR: Finished cleaning up Log directory
10-13-17_9:17:47 AM :: DESERIALIZEPERMISSIONS: Deserialized Administrators.perm
10-13-17_9:17:47 AM :: DESERIALIZEPERMISSIONS: Found RPGChannels.perm file: C:\Users\mpegler\Source\Repos\ServerRPGAdventure\PersonalDiscordBot\bin\x64\Debug\Permissions\RPGChannels.perm
10-13-17_9:17:47 AM :: DESERIALIZEPERMISSIONS: Deserialized RPGChannels.perm
10-13-17_9:17:47 AM :: DESERIALIZEPERMISSIONS: Found GeneralPermissions.perm file: C:\Users\mpegler\Source\Repos\ServerRPGAdventure\PersonalDiscordBot\bin\x64\Debug\Permissions\GeneralPermissions.perm
10-13-17_9:17:47 AM :: DESERIALIZEPERMISSIONS: Deserialized GeneralPermissions.perm
10-13-17_9:17:48 AM :: USTATUSUPDATE: STATUS: Admin Deserialization Complete
10-13-17_9:17:49 AM :: BTNCONNECT_CLICK: Token wasn't found in LocalSettings, prompting for token and sending notification
10-13-17_9:17:49 AM :: SLIDEGRID: Slid Grid grdToken from -734,97,0,0 to 0,97,0,0
10-13-17_9:17:49 AM :: SHOWNOTIFICATION: New Notification: A previous token wasn't found, please enter a bot token, save, then try again., 4sec(s)
10-13-17_9:17:49 AM :: SHOWNOTIFICATION: Notification wasn't playing, starting notification play cycles
10-13-17_9:17:49 AM :: USTATUSUPDATE: STATUS: Newer release found, updating now... [Current]0.1.0.0 [Release]0.1.0.9
10-13-17_9:17:49 AM :: SAVECONFIG: Saved current config to Paths.json
10-13-17_9:17:49 AM :: SAVECONFIG: Saved current config to Paths.json
10-13-17_9:17:49 AM :: SAVECONFIG: Saved current game server list to ServerConfig.xml
10-13-17_9:17:49 AM :: FULLEXCEPTIONLOG: EXCEPTION: StartUpdate at 1133
10-13-17_9:17:49 AM :: USTATUSUPDATE: STATUS: Serializing Save Data
10-13-17_9:17:49 AM :: USTATUSUPDATE: STATUS: Serializing Permission Data
10-13-17_9:17:49 AM :: SERIALIZEDATA: SaveData already exists: C:\Users\mpegler\Source\Repos\ServerRPGAdventure\PersonalDiscordBot\bin\x64\Debug\SaveData
10-13-17_9:17:49 AM :: SERIALIZEPERMISSIONS: Permissions already exists: C:\Users\mpegler\Source\Repos\ServerRPGAdventure\PersonalDiscordBot\bin\x64\Debug\Permissions
10-13-17_9:17:49 AM :: SERIALIZEPERMISSIONS: Serialized Administrators.perm
10-13-17_9:17:49 AM :: SERIALIZEPERMISSIONS: Serialized RPGChannels.perm
10-13-17_9:17:49 AM :: SERIALIZEPERMISSIONS: Serialized GeneralPermissions.perm
10-13-17_9:17:49 AM :: USTATUSUPDATE: STATUS: Serializing Permission Data
10-13-17_9:17:49 AM :: USTATUSUPDATE: STATUS: Admin Serialization Complete

10-13-17_9:17:49 AM :: SERIALIZEPERMISSIONS: Permissions already exists: C:\Users\mpegler\Source\Repos\ServerRPGAdventure\PersonalDiscordBot\bin\x64\Debug\Permissions
10-13-17_9:17:49 AM :: SERIALIZEPERMISSIONS: Serialized Administrators.perm
10-13-17_9:17:49 AM :: SERIALIZEPERMISSIONS: Serialized RPGChannels.perm
10-13-17_9:17:49 AM :: SERIALIZEPERMISSIONS: Serialized GeneralPermissions.perm
10-13-17_9:17:49 AM :: USTATUSUPDATE: STATUS: Serializing Save Data
10-13-17_9:17:49 AM :: USTATUSUPDATE: STATUS: Admin Serialization Complete
10-13-17_9:17:49 AM :: SERIALIZEDATA: SaveData already exists: C:\Users\mpegler\Source\Repos\ServerRPGAdventure\PersonalDiscordBot\bin\x64\Debug\SaveData
10-13-17_9:17:49 AM :: SERIALIZEDATA: Serialized Owner: 123913308498690051
10-13-17_9:17:49 AM :: SERIALIZEDATA: Serialized Owner: 123913308498690051
10-13-17_9:17:49 AM :: USTATUSUPDATE: STATUS: Owner Serializing Complete
10-13-17_9:17:49 AM :: USTATUSUPDATE: STATUS: Owner Serializing Complete
10-13-17_9:17:50 AM :: USTATUSUPDATE: STATUS: Refreshed admin list, total admins: 0
10-13-17_9:17:53 AM :: SHOWNOTIFICATION: Removed notification: A previous token wasn't found, please enter a bot token, save, then try again.
10-13-17_9:17:53 AM :: SHOWNOTIFICATION: Notifications left: 0
10-13-17_9:17:53 AM :: SHOWNOTIFICATION: Finished playing all notifications
10-13-17_9:17:53 AM :: SAVECONFIG: Saved current config to Paths.json
10-13-17_9:17:53 AM :: BTNSAVETOKEN_CLICK: Saved new token: MzEzNjk0ODc3MTM5MzM3MjE3.DMFPyQ.RoTKPud3dCvc7_ELzQV94VwMbQs
10-13-17_9:17:53 AM :: SLIDEGRID: Slid Grid grdToken from 0,97,0,0 to -734,97,0,0
10-13-17_9:17:53 AM :: BTNSAVETOKEN_CLICK: Slid grdToken back out of view
10-13-17_9:17:53 AM :: SHOWNOTIFICATION: New Notification: Successfully saved new token!, 3sec(s)
10-13-17_9:17:53 AM :: SHOWNOTIFICATION: Notification wasn't playing, starting notification play cycles
10-13-17_9:17:56 AM :: SHOWNOTIFICATION: Removed notification: Successfully saved new token!
10-13-17_9:17:56 AM :: SHOWNOTIFICATION: Notifications left: 0
10-13-17_9:17:56 AM :: SHOWNOTIFICATION: Finished playing all notifications
10-13-17_9:17:57 AM :: USTATUSUPDATE: STATUS: Starting login updater
10-13-17_9:17:57 AM :: SHOWNOTIFICATION: New Notification: Bot Successfully Connected, 4sec(s)
10-13-17_9:17:57 AM :: SHOWNOTIFICATION: Notification wasn't playing, starting notification play cycles
10-13-17_9:17:59 AM :: USTATUSUPDATE: STATUS: Updated Name and Playing Value
10-13-17_9:18:01 AM :: SHOWNOTIFICATION: Removed notification: Bot Successfully Connected
10-13-17_9:18:01 AM :: SHOWNOTIFICATION: Notifications left: 0
10-13-17_9:18:01 AM :: SHOWNOTIFICATION: Finished playing all notifications
10-13-17_9:18:02 AM :: USTATUSUPDATE: STATUS: User: Bygonjin ◥◤ Command: ;test check backpack
10-13-17_9:18:02 AM :: MESSAGEHANDLER: COMMAND: User: Bygonjin ◥◤ Command: ;test check backpack
10-13-17_9:18:03 AM :: VERIFYOWNERPROFILEANDIFHASCHARACTERS: Owner profile was found for Bygonjin | 123913308498690051
10-13-17_9:18:03 AM :: CHECKCHARACTERBACKPACK: Asking [OwnerCharacter]PersonalDiscordBot.Classes.Character [OwnerID]123913308498690051 what to see
10-13-17_9:18:06 AM :: CHECKCHARACTERBACKPACK: Response recieved from same author and a newer message. [Resp]all [ID]123913308498690051
10-13-17_9:18:07 AM :: SENDDISCORDMESSAGE: Sent Discord Message via Event with Embed: [UN]Bygonjin [Embed] [ID]123913308498690051
10-13-17_9:18:07 AM :: CHECKCHARACTERBACKPACK: Asking [OwnerCharacter]PersonalDiscordBot.Classes.Character [OwnerID]123913308498690051 which item to inspect
10-13-17_9:24:06 AM :: CHECKCHARACTERBACKPACK: timestamp2 reached 5 minutes [ID]123913308498690051
10-13-17_9:24:17 AM :: USTATUSUPDATE: STATUS: User: Bygonjin ◥◤ Command: ;test check backpack
10-13-17_9:24:17 AM :: MESSAGEHANDLER: COMMAND: User: Bygonjin ◥◤ Command: ;test check backpack
10-13-17_9:24:17 AM :: VERIFYOWNERPROFILEANDIFHASCHARACTERS: Owner profile was found for Bygonjin | 123913308498690051
10-13-17_9:24:17 AM :: CHECKCHARACTERBACKPACK: Asking [OwnerCharacter]PersonalDiscordBot.Classes.Character [OwnerID]123913308498690051 what to see
10-13-17_9:24:19 AM :: CHECKCHARACTERBACKPACK: Response recieved from same author and a newer message. [Resp]all [ID]123913308498690051
10-13-17_9:24:20 AM :: SENDDISCORDMESSAGE: Sent Discord Message via Event with Embed: [UN]Bygonjin [Embed] [ID]123913308498690051
10-13-17_9:24:20 AM :: CHECKCHARACTERBACKPACK: Asking [OwnerCharacter]PersonalDiscordBot.Classes.Character [OwnerID]123913308498690051 which item to inspect
10-13-17_9:24:51 AM :: CHECKCHARACTERBACKPACK: Response recieved from same author and a newer message. [Resp]all [ID]123913308498690051
10-13-17_9:24:51 AM :: CHECKCHARACTERBACKPACK: Answer didn't parse to Int. [Resp]all [ID]123913308498690051
10-13-17_9:25:12 AM :: USTATUSUPDATE: STATUS: User: Bygonjin ◥◤ Command: ;test check backpack
10-13-17_9:25:12 AM :: MESSAGEHANDLER: COMMAND: User: Bygonjin ◥◤ Command: ;test check backpack

10-13-17_9:34:17 AM :: .CTOR: 
########################## Application Start ##########################

10-13-17_9:34:17 AM :: SETUPCONFIG: Found Log Directory at: C:\Users\mpegler\Source\Repos\ServerRPGAdventure\PersonalDiscordBot\bin\x64\Debug\Logs
10-13-17_9:34:17 AM :: SETUPCONFIG: Found Config Directory at: C:\Users\mpegler\Source\Repos\ServerRPGAdventure\PersonalDiscordBot\bin\x64\Debug\Config
10-13-17_9:34:17 AM :: SETUPCONFIG: Found Paths.json at: C:\Users\mpegler\Source\Repos\ServerRPGAdventure\PersonalDiscordBot\bin\x64\Debug\Config\Paths.json
10-13-17_9:34:17 AM :: SETUPCONFIG: Found ServerConfig.xml at: C:\Users\mpegler\Source\Repos\ServerRPGAdventure\PersonalDiscordBot\bin\x64\Debug\Config\ServerConfig.xml
10-13-17_9:34:18 AM :: FULLEXCEPTIONLOG: EXCEPTION: ReadConfig at 727
10-13-17_9:34:18 AM :: SETUPCONFIG: Finished reading config
10-13-17_9:34:21 AM :: USTATUSUPDATE: STATUS: Running DEBUG Mode
10-13-17_9:34:21 AM :: USTATUSUPDATE: STATUS: Deserializing Sava Data
10-13-17_9:34:21 AM :: USTATUSUPDATE: STATUS: Deserializing Permission Data
10-13-17_9:34:21 AM :: LOADWINDOWLOCATION: Loading window location
10-13-17_9:34:21 AM :: LOADWINDOWLOCATION: Window Location Loaded and applied: [L]0 [T]0 [R]0 [B]0
10-13-17_9:34:21 AM :: HIDEGRIDS: Set Grid grdStatus to Hidden on launch
10-13-17_9:34:21 AM :: HIDEGRIDS: Set Grid grdSettings to Hidden on launch
10-13-17_9:34:21 AM :: HIDEGRIDS: Set Grid grdServers to Hidden on launch
10-13-17_9:34:21 AM :: HIDEGRIDS: Set Grid grdBotInfo to Hidden on launch
10-13-17_9:34:21 AM :: DESERIALIZEPERMISSIONS: Cleared Administrators and AllowedChannels
10-13-17_9:34:21 AM :: DESERIALIZEPERMISSIONS: Found Administrators.perm file: C:\Users\mpegler\Source\Repos\ServerRPGAdventure\PersonalDiscordBot\bin\x64\Debug\Permissions\Administrators.perm
10-13-17_9:34:21 AM :: DESERIALIZEDATA: Found .owner file: C:\Users\mpegler\Source\Repos\ServerRPGAdventure\PersonalDiscordBot\bin\x64\Debug\SaveData\123913308498690051.owner
10-13-17_9:34:21 AM :: USTATUSUPDATE: STATUS: Version updated to 
10-13-17_9:34:21 AM :: TREFRESHADMINLIST: Refreshing admin list
10-13-17_9:34:21 AM :: CLEANUPLOGDIR: Cleaning up Log Directory: C:\Users\mpegler\Source\Repos\ServerRPGAdventure\PersonalDiscordBot\bin\x64\Debug\Logs
10-13-17_9:34:21 AM :: CLEANUPLOGDIR: Deleted old log file: Exceptions.log
10-13-17_9:34:21 AM :: CLEANUPLOGDIR: Finished cleaning up Log directory
10-13-17_9:34:22 AM :: DESERIALIZEPERMISSIONS: Deserialized Administrators.perm
10-13-17_9:34:22 AM :: DESERIALIZEPERMISSIONS: Found RPGChannels.perm file: C:\Users\mpegler\Source\Repos\ServerRPGAdventure\PersonalDiscordBot\bin\x64\Debug\Permissions\RPGChannels.perm
10-13-17_9:34:22 AM :: DESERIALIZEPERMISSIONS: Deserialized RPGChannels.perm
10-13-17_9:34:22 AM :: DESERIALIZEPERMISSIONS: Found GeneralPermissions.perm file: C:\Users\mpegler\Source\Repos\ServerRPGAdventure\PersonalDiscordBot\bin\x64\Debug\Permissions\GeneralPermissions.perm
10-13-17_9:34:22 AM :: DESERIALIZEPERMISSIONS: Deserialized GeneralPermissions.perm
10-13-17_9:34:22 AM :: DESERIALIZEDATA: Added Owner 123913308498690051 to Owners List
10-13-17_9:34:22 AM :: USTATUSUPDATE: STATUS: Owner Deserialization Complete
10-13-17_9:34:22 AM :: USTATUSUPDATE: STATUS: Admin Deserialization Complete
10-13-17_9:34:23 AM :: USTATUSUPDATE: STATUS: Newer release found, updating now... [Current]0.1.0.0 [Release]0.1.0.9
10-13-17_9:34:23 AM :: SAVECONFIG: Saved current config to Paths.json
10-13-17_9:34:23 AM :: SAVECONFIG: Saved current config to Paths.json
10-13-17_9:34:23 AM :: SAVECONFIG: Saved current game server list to ServerConfig.xml
10-13-17_9:34:23 AM :: FULLEXCEPTIONLOG: EXCEPTION: StartUpdate at 1133
10-13-17_9:34:23 AM :: USTATUSUPDATE: STATUS: Serializing Save Data
10-13-17_9:34:23 AM :: USTATUSUPDATE: STATUS: Serializing Permission Data
10-13-17_9:34:23 AM :: USTATUSUPDATE: STATUS: Serializing Permission Data
10-13-17_9:34:23 AM :: SERIALIZEDATA: SaveData already exists: C:\Users\mpegler\Source\Repos\ServerRPGAdventure\PersonalDiscordBot\bin\x64\Debug\SaveData
10-13-17_9:34:23 AM :: SERIALIZEPERMISSIONS: Permissions already exists: C:\Users\mpegler\Source\Repos\ServerRPGAdventure\PersonalDiscordBot\bin\x64\Debug\Permissions
10-13-17_9:34:23 AM :: SERIALIZEPERMISSIONS: Permissions already exists: C:\Users\mpegler\Source\Repos\ServerRPGAdventure\PersonalDiscordBot\bin\x64\Debug\Permissions
10-13-17_9:34:23 AM :: SERIALIZEPERMISSIONS: Serialized Administrators.perm
10-13-17_9:34:23 AM :: SERIALIZEPERMISSIONS: Serialized RPGChannels.perm
10-13-17_9:34:23 AM :: SERIALIZEPERMISSIONS: Serialized Administrators.perm
10-13-17_9:34:23 AM :: SERIALIZEPERMISSIONS: Serialized GeneralPermissions.perm
10-13-17_9:34:23 AM :: SERIALIZEPERMISSIONS: Serialized RPGChannels.perm
10-13-17_9:34:23 AM :: SERIALIZEPERMISSIONS: Serialized GeneralPermissions.perm
10-13-17_9:34:23 AM :: USTATUSUPDATE: STATUS: Serializing Save Data
10-13-17_9:34:23 AM :: USTATUSUPDATE: STATUS: Admin Serialization Complete

10-13-17_9:38:57 AM :: .CTOR: 
########################## Application Start ##########################

10-13-17_9:38:57 AM :: SETUPCONFIG: Found Log Directory at: C:\Users\mpegler\Source\Repos\ServerRPGAdventure\PersonalDiscordBot\bin\x64\Debug\Logs
10-13-17_9:38:57 AM :: SETUPCONFIG: Found Config Directory at: C:\Users\mpegler\Source\Repos\ServerRPGAdventure\PersonalDiscordBot\bin\x64\Debug\Config
10-13-17_9:38:57 AM :: SETUPCONFIG: Found Paths.json at: C:\Users\mpegler\Source\Repos\ServerRPGAdventure\PersonalDiscordBot\bin\x64\Debug\Config\Paths.json
10-13-17_9:38:57 AM :: SETUPCONFIG: Found ServerConfig.xml at: C:\Users\mpegler\Source\Repos\ServerRPGAdventure\PersonalDiscordBot\bin\x64\Debug\Config\ServerConfig.xml
10-13-17_9:38:58 AM :: FULLEXCEPTIONLOG: EXCEPTION: ReadConfig at 727
10-13-17_9:38:58 AM :: SETUPCONFIG: Finished reading config
10-13-17_9:38:59 AM :: USTATUSUPDATE: STATUS: Running DEBUG Mode
10-13-17_9:38:59 AM :: LOADWINDOWLOCATION: Loading window location
10-13-17_9:38:59 AM :: LOADWINDOWLOCATION: Window Location Loaded and applied: [L]0 [T]0 [R]0 [B]0
10-13-17_9:38:59 AM :: HIDEGRIDS: Set Grid grdStatus to Hidden on launch
10-13-17_9:38:59 AM :: HIDEGRIDS: Set Grid grdSettings to Hidden on launch
10-13-17_9:38:59 AM :: HIDEGRIDS: Set Grid grdServers to Hidden on launch
10-13-17_9:38:59 AM :: HIDEGRIDS: Set Grid grdBotInfo to Hidden on launch
10-13-17_9:39:00 AM :: USTATUSUPDATE: STATUS: Deserializing Permission Data
10-13-17_9:39:00 AM :: USTATUSUPDATE: STATUS: Deserializing Sava Data
10-13-17_9:39:00 AM :: USTATUSUPDATE: STATUS: Version updated to 
10-13-17_9:39:00 AM :: DESERIALIZEDATA: Found .owner file: C:\Users\mpegler\Source\Repos\ServerRPGAdventure\PersonalDiscordBot\bin\x64\Debug\SaveData\123913308498690051.owner
10-13-17_9:39:00 AM :: DESERIALIZEPERMISSIONS: Cleared Administrators and AllowedChannels
10-13-17_9:39:00 AM :: DESERIALIZEPERMISSIONS: Found Administrators.perm file: C:\Users\mpegler\Source\Repos\ServerRPGAdventure\PersonalDiscordBot\bin\x64\Debug\Permissions\Administrators.perm
10-13-17_9:39:00 AM :: TREFRESHADMINLIST: Refreshing admin list
10-13-17_9:39:00 AM :: CLEANUPLOGDIR: Cleaning up Log Directory: C:\Users\mpegler\Source\Repos\ServerRPGAdventure\PersonalDiscordBot\bin\x64\Debug\Logs
10-13-17_9:39:00 AM :: CLEANUPLOGDIR: Deleted old log file: Exceptions.log
10-13-17_9:39:00 AM :: CLEANUPLOGDIR: Finished cleaning up Log directory
10-13-17_9:39:00 AM :: DESERIALIZEPERMISSIONS: Deserialized Administrators.perm
10-13-17_9:39:00 AM :: DESERIALIZEPERMISSIONS: Found RPGChannels.perm file: C:\Users\mpegler\Source\Repos\ServerRPGAdventure\PersonalDiscordBot\bin\x64\Debug\Permissions\RPGChannels.perm
10-13-17_9:39:00 AM :: DESERIALIZEPERMISSIONS: Deserialized RPGChannels.perm
10-13-17_9:39:00 AM :: DESERIALIZEPERMISSIONS: Found GeneralPermissions.perm file: C:\Users\mpegler\Source\Repos\ServerRPGAdventure\PersonalDiscordBot\bin\x64\Debug\Permissions\GeneralPermissions.perm
10-13-17_9:39:00 AM :: DESERIALIZEPERMISSIONS: Deserialized GeneralPermissions.perm
10-13-17_9:39:00 AM :: DESERIALIZEDATA: Added Owner 123913308498690051 to Owners List
10-13-17_9:39:00 AM :: USTATUSUPDATE: STATUS: Owner Deserialization Complete
10-13-17_9:39:00 AM :: USTATUSUPDATE: STATUS: Admin Deserialization Complete
10-13-17_9:39:01 AM :: BTNCONNECT_CLICK: Token wasn't found in LocalSettings, prompting for token and sending notification
10-13-17_9:39:01 AM :: SLIDEGRID: Slid Grid grdToken from -734,97,0,0 to 0,97,0,0
10-13-17_9:39:01 AM :: SHOWNOTIFICATION: New Notification: A previous token wasn't found, please enter a bot token, save, then try again., 4sec(s)
10-13-17_9:39:01 AM :: SHOWNOTIFICATION: Notification wasn't playing, starting notification play cycles
10-13-17_9:39:01 AM :: USTATUSUPDATE: STATUS: Newer release found, updating now... [Current]0.1.0.0 [Release]0.1.0.9
10-13-17_9:39:01 AM :: SAVECONFIG: Saved current config to Paths.json
10-13-17_9:39:01 AM :: SAVECONFIG: Saved current config to Paths.json
10-13-17_9:39:01 AM :: SAVECONFIG: Saved current game server list to ServerConfig.xml
10-13-17_9:39:01 AM :: FULLEXCEPTIONLOG: EXCEPTION: StartUpdate at 1133
10-13-17_9:39:01 AM :: USTATUSUPDATE: STATUS: Serializing Save Data
10-13-17_9:39:01 AM :: USTATUSUPDATE: STATUS: Serializing Permission Data
10-13-17_9:39:01 AM :: SERIALIZEDATA: SaveData already exists: C:\Users\mpegler\Source\Repos\ServerRPGAdventure\PersonalDiscordBot\bin\x64\Debug\SaveData
10-13-17_9:39:01 AM :: SERIALIZEPERMISSIONS: Permissions already exists: C:\Users\mpegler\Source\Repos\ServerRPGAdventure\PersonalDiscordBot\bin\x64\Debug\Permissions
10-13-17_9:39:01 AM :: SERIALIZEPERMISSIONS: Serialized Administrators.perm
10-13-17_9:39:01 AM :: SERIALIZEPERMISSIONS: Serialized RPGChannels.perm
10-13-17_9:39:01 AM :: SERIALIZEPERMISSIONS: Serialized GeneralPermissions.perm
10-13-17_9:39:01 AM :: USTATUSUPDATE: STATUS: Serializing Permission Data
10-13-17_9:39:01 AM :: USTATUSUPDATE: STATUS: Admin Serialization Complete

10-13-17_9:39:01 AM :: SERIALIZEPERMISSIONS: Permissions already exists: C:\Users\mpegler\Source\Repos\ServerRPGAdventure\PersonalDiscordBot\bin\x64\Debug\Permissions
10-13-17_9:39:01 AM :: SERIALIZEPERMISSIONS: Serialized Administrators.perm
10-13-17_9:39:01 AM :: SERIALIZEPERMISSIONS: Serialized RPGChannels.perm
10-13-17_9:39:01 AM :: SERIALIZEPERMISSIONS: Serialized GeneralPermissions.perm
10-13-17_9:39:01 AM :: USTATUSUPDATE: STATUS: Serializing Save Data
10-13-17_9:39:01 AM :: USTATUSUPDATE: STATUS: Admin Serialization Complete
10-13-17_9:39:01 AM :: SERIALIZEDATA: SaveData already exists: C:\Users\mpegler\Source\Repos\ServerRPGAdventure\PersonalDiscordBot\bin\x64\Debug\SaveData
10-13-17_9:39:01 AM :: SERIALIZEDATA: Serialized Owner: 123913308498690051
10-13-17_9:39:01 AM :: USTATUSUPDATE: STATUS: Owner Serializing Complete
10-13-17_9:39:01 AM :: SERIALIZEDATA: Serialized Owner: 123913308498690051
10-13-17_9:39:01 AM :: USTATUSUPDATE: STATUS: Owner Serializing Complete
10-13-17_9:39:02 AM :: SAVECONFIG: Saved current config to Paths.json
10-13-17_9:39:02 AM :: BTNSAVETOKEN_CLICK: Saved new token: MzEzNjk0ODc3MTM5MzM3MjE3.DMFPyQ.RoTKPud3dCvc7_ELzQV94VwMbQs
10-13-17_9:39:02 AM :: SLIDEGRID: Slid Grid grdToken from 0,97,0,0 to -734,97,0,0
10-13-17_9:39:02 AM :: BTNSAVETOKEN_CLICK: Slid grdToken back out of view
10-13-17_9:39:02 AM :: SHOWNOTIFICATION: New Notification: Successfully saved new token!, 3sec(s)
10-13-17_9:39:02 AM :: SHOWNOTIFICATION: Notification is currently playing, returning
10-13-17_9:39:03 AM :: USTATUSUPDATE: STATUS: Refreshed admin list, total admins: 0
10-13-17_9:39:05 AM :: SHOWNOTIFICATION: Removed notification: A previous token wasn't found, please enter a bot token, save, then try again.
10-13-17_9:39:05 AM :: SHOWNOTIFICATION: Notifications left: 1
10-13-17_9:39:06 AM :: USTATUSUPDATE: STATUS: Starting login updater
10-13-17_9:39:07 AM :: SHOWNOTIFICATION: New Notification: Bot Successfully Connected, 4sec(s)
10-13-17_9:39:07 AM :: SHOWNOTIFICATION: Notification is currently playing, returning
10-13-17_9:39:08 AM :: SHOWNOTIFICATION: Removed notification: Successfully saved new token!
10-13-17_9:39:08 AM :: SHOWNOTIFICATION: Notifications left: 1
10-13-17_9:39:08 AM :: USTATUSUPDATE: STATUS: Updated Name and Playing Value
10-13-17_9:39:11 AM :: USTATUSUPDATE: STATUS: User: Bygonjin ◥◤ Command: ;test check backpack
10-13-17_9:39:11 AM :: MESSAGEHANDLER: COMMAND: User: Bygonjin ◥◤ Command: ;test check backpack
10-13-17_9:39:11 AM :: VERIFYOWNERPROFILEANDIFHASCHARACTERS: Owner profile was found for Bygonjin | 123913308498690051
10-13-17_9:39:11 AM :: CHECKCHARACTERBACKPACK: Asking [OwnerCharacter]PersonalDiscordBot.Classes.Character [OwnerID]123913308498690051 what to see
10-13-17_9:39:12 AM :: SHOWNOTIFICATION: Removed notification: Bot Successfully Connected
10-13-17_9:39:12 AM :: SHOWNOTIFICATION: Notifications left: 0
10-13-17_9:39:12 AM :: SHOWNOTIFICATION: Finished playing all notifications
10-13-17_9:39:15 AM :: CHECKCHARACTERBACKPACK: Response recieved from same author and a newer message. [Resp]all [ID]123913308498690051
10-13-17_9:39:16 AM :: SENDDISCORDMESSAGE: Sent Discord Message via Event with Embed: [UN]Bygonjin [Embed] [ID]123913308498690051
10-13-17_9:39:16 AM :: CHECKCHARACTERBACKPACK: Asking [OwnerCharacter]PersonalDiscordBot.Classes.Character [OwnerID]123913308498690051 which item to inspect
10-13-17_9:46:59 AM :: CHECKCHARACTERBACKPACK: Response recieved from same author and a newer message. [Resp]all [ID]123913308498690051
10-13-17_9:46:59 AM :: CHECKCHARACTERBACKPACK: Answer didn't parse to Int. [Resp]all [ID]123913308498690051
10-13-17_9:47:52 AM :: USTATUSUPDATE: STATUS: User: Bygonjin ◥◤ Command: ;test check backpack
10-13-17_9:47:52 AM :: MESSAGEHANDLER: COMMAND: User: Bygonjin ◥◤ Command: ;test check backpack
10-13-17_9:47:52 AM :: VERIFYOWNERPROFILEANDIFHASCHARACTERS: Owner profile was found for Bygonjin | 123913308498690051
10-13-17_9:47:52 AM :: CHECKCHARACTERBACKPACK: Asking [OwnerCharacter]PersonalDiscordBot.Classes.Character [OwnerID]123913308498690051 what to see
10-13-17_9:47:54 AM :: CHECKCHARACTERBACKPACK: Response recieved from same author and a newer message. [Resp]armor [ID]123913308498690051
10-13-17_9:47:55 AM :: SENDDISCORDMESSAGE: Sent Discord Message via Event with Embed: [UN]Bygonjin [Embed] [ID]123913308498690051
10-13-17_9:47:55 AM :: CHECKCHARACTERBACKPACK: Asking [OwnerCharacter]PersonalDiscordBot.Classes.Character [OwnerID]123913308498690051 which item to inspect
10-13-17_9:48:02 AM :: CHECKCHARACTERBACKPACK: Response recieved from same author and a newer message. [Resp]armor [ID]123913308498690051
10-13-17_9:48:02 AM :: CHECKCHARACTERBACKPACK: Answer didn't parse to Int. [Resp]armor [ID]123913308498690051
10-13-17_9:48:05 AM :: USTATUSUPDATE: STATUS: User: Bygonjin ◥◤ Command: ;test check backpack
10-13-17_9:48:05 AM :: MESSAGEHANDLER: COMMAND: User: Bygonjin ◥◤ Command: ;test check backpack

10-13-17_9:48:05 AM :: VERIFYOWNERPROFILEANDIFHASCHARACTERS: Owner profile was found for Bygonjin | 123913308498690051
10-13-17_9:48:05 AM :: CHECKCHARACTERBACKPACK: Asking [OwnerCharacter]PersonalDiscordBot.Classes.Character [OwnerID]123913308498690051 what to see
10-13-17_9:48:07 AM :: CHECKCHARACTERBACKPACK: Response recieved from same author and a newer message. [Resp]weapon [ID]123913308498690051
10-13-17_9:48:08 AM :: SENDDISCORDMESSAGE: Sent Discord Message via Event with Embed: [UN]Bygonjin [Embed] [ID]123913308498690051
10-13-17_9:48:08 AM :: CHECKCHARACTERBACKPACK: Asking [OwnerCharacter]PersonalDiscordBot.Classes.Character [OwnerID]123913308498690051 which item to inspect
10-13-17_9:48:17 AM :: CHECKCHARACTERBACKPACK: Response recieved from same author and a newer message. [Resp]weapon [ID]123913308498690051
10-13-17_9:48:17 AM :: CHECKCHARACTERBACKPACK: Answer didn't parse to Int. [Resp]weapon [ID]123913308498690051
10-13-17_9:49:00 AM :: USTATUSUPDATE: STATUS: Serializing Save Data
10-13-17_9:49:00 AM :: SERIALIZEDATA: SaveData already exists: C:\Users\mpegler\Source\Repos\ServerRPGAdventure\PersonalDiscordBot\bin\x64\Debug\SaveData
10-13-17_9:49:00 AM :: SERIALIZEDATA: Serialized Owner: 123913308498690051
10-13-17_9:49:00 AM :: USTATUSUPDATE: STATUS: Owner Serializing Complete
10-13-17_9:59:00 AM :: USTATUSUPDATE: STATUS: Serializing Save Data
10-13-17_9:59:00 AM :: SERIALIZEDATA: SaveData already exists: C:\Users\mpegler\Source\Repos\ServerRPGAdventure\PersonalDiscordBot\bin\x64\Debug\SaveData
10-13-17_9:59:00 AM :: SERIALIZEDATA: Serialized Owner: 123913308498690051
10-13-17_9:59:00 AM :: USTATUSUPDATE: STATUS: Owner Serializing Complete
10-13-17_10:09:00 AM :: USTATUSUPDATE: STATUS: Serializing Save Data
10-13-17_10:09:00 AM :: SERIALIZEDATA: SaveData already exists: C:\Users\mpegler\Source\Repos\ServerRPGAdventure\PersonalDiscordBot\bin\x64\Debug\SaveData
10-13-17_10:09:00 AM :: SERIALIZEDATA: Serialized Owner: 123913308498690051
10-13-17_10:09:00 AM :: USTATUSUPDATE: STATUS: Owner Serializing Complete
10-13-17_10:09:44 AM :: WINMAIN_CLOSING: 
########################## Application Stop ##########################


10-13-17_10:12:10 AM :: .CTOR: 
########################## Application Start ##########################

10-13-17_10:12:10 AM :: SETUPCONFIG: Found Log Directory at: C:\Users\mpegler\Source\Repos\ServerRPGAdventure\PersonalDiscordBot\bin\x64\Debug\Logs
10-13-17_10:12:10 AM :: SETUPCONFIG: Found Config Directory at: C:\Users\mpegler\Source\Repos\ServerRPGAdventure\PersonalDiscordBot\bin\x64\Debug\Config
10-13-17_10:12:10 AM :: SETUPCONFIG: Found Paths.json at: C:\Users\mpegler\Source\Repos\ServerRPGAdventure\PersonalDiscordBot\bin\x64\Debug\Config\Paths.json
10-13-17_10:12:10 AM :: SETUPCONFIG: Found ServerConfig.xml at: C:\Users\mpegler\Source\Repos\ServerRPGAdventure\PersonalDiscordBot\bin\x64\Debug\Config\ServerConfig.xml
10-13-17_10:12:11 AM :: FULLEXCEPTIONLOG: EXCEPTION: ReadConfig at 727
10-13-17_10:12:11 AM :: SETUPCONFIG: Finished reading config
10-13-17_10:12:12 AM :: USTATUSUPDATE: STATUS: Running DEBUG Mode
10-13-17_10:12:13 AM :: LOADWINDOWLOCATION: Loading window location
10-13-17_10:12:13 AM :: LOADWINDOWLOCATION: Window Location Loaded and applied: [L]0 [T]0 [R]0 [B]0
10-13-17_10:12:13 AM :: HIDEGRIDS: Set Grid grdStatus to Hidden on launch
10-13-17_10:12:13 AM :: HIDEGRIDS: Set Grid grdSettings to Hidden on launch
10-13-17_10:12:13 AM :: HIDEGRIDS: Set Grid grdServers to Hidden on launch
10-13-17_10:12:13 AM :: HIDEGRIDS: Set Grid grdBotInfo to Hidden on launch
10-13-17_10:12:13 AM :: USTATUSUPDATE: STATUS: Deserializing Sava Data
10-13-17_10:12:13 AM :: USTATUSUPDATE: STATUS: Deserializing Permission Data
10-13-17_10:12:13 AM :: USTATUSUPDATE: STATUS: Version updated to 
10-13-17_10:12:13 AM :: DESERIALIZEPERMISSIONS: Cleared Administrators and AllowedChannels
10-13-17_10:12:13 AM :: DESERIALIZEPERMISSIONS: Found Administrators.perm file: C:\Users\mpegler\Source\Repos\ServerRPGAdventure\PersonalDiscordBot\bin\x64\Debug\Permissions\Administrators.perm
10-13-17_10:12:13 AM :: DESERIALIZEDATA: Found .owner file: C:\Users\mpegler\Source\Repos\ServerRPGAdventure\PersonalDiscordBot\bin\x64\Debug\SaveData\123913308498690051.owner
10-13-17_10:12:13 AM :: TREFRESHADMINLIST: Refreshing admin list
10-13-17_10:12:13 AM :: CLEANUPLOGDIR: Cleaning up Log Directory: C:\Users\mpegler\Source\Repos\ServerRPGAdventure\PersonalDiscordBot\bin\x64\Debug\Logs
10-13-17_10:12:13 AM :: CLEANUPLOGDIR: Deleted old log file: Exceptions.log
10-13-17_10:12:13 AM :: CLEANUPLOGDIR: Finished cleaning up Log directory
10-13-17_10:12:13 AM :: DESERIALIZEPERMISSIONS: Deserialized Administrators.perm
10-13-17_10:12:13 AM :: DESERIALIZEPERMISSIONS: Found RPGChannels.perm file: C:\Users\mpegler\Source\Repos\ServerRPGAdventure\PersonalDiscordBot\bin\x64\Debug\Permissions\RPGChannels.perm
10-13-17_10:12:13 AM :: DESERIALIZEPERMISSIONS: Deserialized RPGChannels.perm
10-13-17_10:12:13 AM :: DESERIALIZEPERMISSIONS: Found GeneralPermissions.perm file: C:\Users\mpegler\Source\Repos\ServerRPGAdventure\PersonalDiscordBot\bin\x64\Debug\Permissions\GeneralPermissions.perm
10-13-17_10:12:13 AM :: DESERIALIZEPERMISSIONS: Deserialized GeneralPermissions.perm
10-13-17_10:12:13 AM :: DESERIALIZEDATA: Added Owner 123913308498690051 to Owners List
10-13-17_10:12:13 AM :: USTATUSUPDATE: STATUS: Owner Deserialization Complete
10-13-17_10:12:13 AM :: USTATUSUPDATE: STATUS: Admin Deserialization Complete
10-13-17_10:12:15 AM :: USTATUSUPDATE: STATUS: Newer release found, updating now... [Current]0.1.0.0 [Release]0.1.0.9
10-13-17_10:12:15 AM :: SAVECONFIG: Saved current config to Paths.json
10-13-17_10:12:15 AM :: SAVECONFIG: Saved current config to Paths.json
10-13-17_10:12:15 AM :: SAVECONFIG: Saved current game server list to ServerConfig.xml
10-13-17_10:12:15 AM :: FULLEXCEPTIONLOG: EXCEPTION: StartUpdate at 1133
10-13-17_10:12:15 AM :: USTATUSUPDATE: STATUS: Serializing Save Data
10-13-17_10:12:15 AM :: USTATUSUPDATE: STATUS: Serializing Permission Data
10-13-17_10:12:15 AM :: USTATUSUPDATE: STATUS: Serializing Permission Data
10-13-17_10:12:15 AM :: SERIALIZEDATA: SaveData already exists: C:\Users\mpegler\Source\Repos\ServerRPGAdventure\PersonalDiscordBot\bin\x64\Debug\SaveData
10-13-17_10:12:15 AM :: SERIALIZEPERMISSIONS: Permissions already exists: C:\Users\mpegler\Source\Repos\ServerRPGAdventure\PersonalDiscordBot\bin\x64\Debug\Permissions
10-13-17_10:12:15 AM :: SERIALIZEPERMISSIONS: Permissions already exists: C:\Users\mpegler\Source\Repos\ServerRPGAdventure\PersonalDiscordBot\bin\x64\Debug\Permissions
10-13-17_10:12:15 AM :: SERIALIZEPERMISSIONS: Serialized Administrators.perm
10-13-17_10:12:15 AM :: SERIALIZEPERMISSIONS: Serialized RPGChannels.perm
10-13-17_10:12:15 AM :: SERIALIZEPERMISSIONS: Serialized GeneralPermissions.perm
10-13-17_10:12:15 AM :: USTATUSUPDATE: STATUS: Serializing Save Data
10-13-17_10:12:15 AM :: USTATUSUPDATE: STATUS: Admin Serialization Complete
10-13-17_10:12:15 AM :: SERIALIZEDATA: SaveData already exists: C:\Users\mpegler\Source\Repos\ServerRPGAdventure\PersonalDiscordBot\bin\x64\Debug\SaveData

10-13-17_10:13:38 AM :: .CTOR: 
########################## Application Start ##########################

10-13-17_10:13:38 AM :: SETUPCONFIG: Found Log Directory at: C:\Users\mpegler\Source\Repos\ServerRPGAdventure\PersonalDiscordBot\bin\x64\Debug\Logs
10-13-17_10:13:38 AM :: SETUPCONFIG: Found Config Directory at: C:\Users\mpegler\Source\Repos\ServerRPGAdventure\PersonalDiscordBot\bin\x64\Debug\Config
10-13-17_10:13:38 AM :: SETUPCONFIG: Found Paths.json at: C:\Users\mpegler\Source\Repos\ServerRPGAdventure\PersonalDiscordBot\bin\x64\Debug\Config\Paths.json
10-13-17_10:13:38 AM :: SETUPCONFIG: Found ServerConfig.xml at: C:\Users\mpegler\Source\Repos\ServerRPGAdventure\PersonalDiscordBot\bin\x64\Debug\Config\ServerConfig.xml
10-13-17_10:13:39 AM :: FULLEXCEPTIONLOG: EXCEPTION: ReadConfig at 727
10-13-17_10:13:39 AM :: SETUPCONFIG: Finished reading config
10-13-17_10:13:41 AM :: USTATUSUPDATE: STATUS: Running DEBUG Mode
10-13-17_10:13:41 AM :: USTATUSUPDATE: STATUS: Deserializing Sava Data
10-13-17_10:13:41 AM :: USTATUSUPDATE: STATUS: Deserializing Permission Data
10-13-17_10:13:41 AM :: LOADWINDOWLOCATION: Loading window location
10-13-17_10:13:41 AM :: LOADWINDOWLOCATION: Window Location Loaded and applied: [L]0 [T]0 [R]0 [B]0
10-13-17_10:13:41 AM :: HIDEGRIDS: Set Grid grdStatus to Hidden on launch
10-13-17_10:13:41 AM :: HIDEGRIDS: Set Grid grdSettings to Hidden on launch
10-13-17_10:13:41 AM :: HIDEGRIDS: Set Grid grdServers to Hidden on launch
10-13-17_10:13:41 AM :: HIDEGRIDS: Set Grid grdBotInfo to Hidden on launch
10-13-17_10:13:41 AM :: DESERIALIZEDATA: Found .owner file: C:\Users\mpegler\Source\Repos\ServerRPGAdventure\PersonalDiscordBot\bin\x64\Debug\SaveData\123913308498690051.owner
10-13-17_10:13:41 AM :: USTATUSUPDATE: STATUS: Version updated to 
10-13-17_10:13:41 AM :: DESERIALIZEPERMISSIONS: Cleared Administrators and AllowedChannels
10-13-17_10:13:41 AM :: DESERIALIZEPERMISSIONS: Found Administrators.perm file: C:\Users\mpegler\Source\Repos\ServerRPGAdventure\PersonalDiscordBot\bin\x64\Debug\Permissions\Administrators.perm
10-13-17_10:13:41 AM :: CLEANUPLOGDIR: Cleaning up Log Directory: C:\Users\mpegler\Source\Repos\ServerRPGAdventure\PersonalDiscordBot\bin\x64\Debug\Logs
10-13-17_10:13:41 AM :: CLEANUPLOGDIR: Deleted old log file: Exceptions.log
10-13-17_10:13:41 AM :: CLEANUPLOGDIR: Finished cleaning up Log directory
10-13-17_10:13:41 AM :: TREFRESHADMINLIST: Refreshing admin list
10-13-17_10:13:41 AM :: DESERIALIZEPERMISSIONS: Deserialized Administrators.perm
10-13-17_10:13:41 AM :: DESERIALIZEPERMISSIONS: Found RPGChannels.perm file: C:\Users\mpegler\Source\Repos\ServerRPGAdventure\PersonalDiscordBot\bin\x64\Debug\Permissions\RPGChannels.perm
10-13-17_10:13:41 AM :: DESERIALIZEPERMISSIONS: Deserialized RPGChannels.perm
10-13-17_10:13:41 AM :: DESERIALIZEPERMISSIONS: Found GeneralPermissions.perm file: C:\Users\mpegler\Source\Repos\ServerRPGAdventure\PersonalDiscordBot\bin\x64\Debug\Permissions\GeneralPermissions.perm
10-13-17_10:13:42 AM :: DESERIALIZEPERMISSIONS: Deserialized GeneralPermissions.perm
10-13-17_10:13:42 AM :: DESERIALIZEDATA: Added Owner 123913308498690051 to Owners List
10-13-17_10:13:42 AM :: USTATUSUPDATE: STATUS: Owner Deserialization Complete
10-13-17_10:13:42 AM :: USTATUSUPDATE: STATUS: Admin Deserialization Complete
10-13-17_10:13:43 AM :: USTATUSUPDATE: STATUS: Newer release found, updating now... [Current]0.1.0.0 [Release]0.1.0.9
10-13-17_10:13:43 AM :: SAVECONFIG: Saved current config to Paths.json
10-13-17_10:13:43 AM :: SAVECONFIG: Saved current config to Paths.json
10-13-17_10:13:43 AM :: SAVECONFIG: Saved current game server list to ServerConfig.xml
10-13-17_10:13:43 AM :: FULLEXCEPTIONLOG: EXCEPTION: StartUpdate at 1133
10-13-17_10:13:43 AM :: USTATUSUPDATE: STATUS: Serializing Save Data
10-13-17_10:13:43 AM :: USTATUSUPDATE: STATUS: Serializing Permission Data
10-13-17_10:13:43 AM :: USTATUSUPDATE: STATUS: Serializing Permission Data
10-13-17_10:13:43 AM :: SERIALIZEPERMISSIONS: Permissions already exists: C:\Users\mpegler\Source\Repos\ServerRPGAdventure\PersonalDiscordBot\bin\x64\Debug\Permissions10-13-17_10:13:43 AM :: SERIALIZEDATA: SaveData already exists: C:\Users\mpegler\Source\Repos\ServerRPGAdventure\PersonalDiscordBot\bin\x64\Debug\SaveData
10-13-17_10:13:43 AM :: SERIALIZEPERMISSIONS: Permissions already exists: C:\Users\mpegler\Source\Repos\ServerRPGAdventure\PersonalDiscordBot\bin\x64\Debug\Permissions
10-13-17_10:13:43 AM :: FULLEXCEPTIONLOG: EXCEPTION: uDebugAddLog at 131
10-13-17_10:13:43 AM :: SERIALIZEPERMISSIONS: Serialized Administrators.perm
10-13-17_10:13:43 AM :: SERIALIZEPERMISSIONS: Serialized RPGChannels.perm
10-13-17_10:13:43 AM :: SERIALIZEPERMISSIONS: Serialized GeneralPermissions.perm
10-13-17_10:13:43 AM :: USTATUSUPDATE: STATUS: Serializing Save Data
10-13-17_10:13:43 AM :: USTATUSUPDATE: STATUS: Admin Serialization Complete
10-13-17_10:13:43 AM :: SERIALIZEDATA: SaveData already exists: C:\Users\mpegler\Source\Repos\ServerRPGAdventure\PersonalDiscordBot\bin\x64\Debug\SaveData

10-13-17_9:00:06 PM :: .CTOR: 
########################## Application Start ##########################

10-13-17_9:00:06 PM :: SETUPCONFIG: Found Log Directory at: C:\Users\mathe\Source\Repos\ServerRPGAdventure\ServerRPGAdventure\PersonalDiscordBot\bin\x64\Debug\Logs
10-13-17_9:00:06 PM :: SETUPCONFIG: Found Config Directory at: C:\Users\mathe\Source\Repos\ServerRPGAdventure\ServerRPGAdventure\PersonalDiscordBot\bin\x64\Debug\Config
10-13-17_9:00:06 PM :: SETUPCONFIG: Found Paths.json at: C:\Users\mathe\Source\Repos\ServerRPGAdventure\ServerRPGAdventure\PersonalDiscordBot\bin\x64\Debug\Config\Paths.json
10-13-17_9:00:06 PM :: SETUPCONFIG: Found ServerConfig.xml at: C:\Users\mathe\Source\Repos\ServerRPGAdventure\ServerRPGAdventure\PersonalDiscordBot\bin\x64\Debug\Config\ServerConfig.xml
10-13-17_9:00:06 PM :: FULLEXCEPTIONLOG: EXCEPTION: ReadConfig at 727
10-13-17_9:00:06 PM :: SETUPCONFIG: Finished reading config
10-13-17_9:00:07 PM :: USTATUSUPDATE: STATUS: Deserializing Sava Data
10-13-17_9:00:07 PM :: USTATUSUPDATE: STATUS: Deserializing Permission Data
10-13-17_9:00:07 PM :: USTATUSUPDATE: STATUS: Running DEBUG Mode
10-13-17_9:00:07 PM :: DESERIALIZEDATA: Found .owner file: C:\Users\mathe\Source\Repos\ServerRPGAdventure\ServerRPGAdventure\PersonalDiscordBot\bin\x64\Debug\SaveData\123913308498690051.owner
10-13-17_9:00:07 PM :: DESERIALIZEPERMISSIONS: Cleared Administrators and AllowedChannels
10-13-17_9:00:07 PM :: DESERIALIZEPERMISSIONS: Found Administrators.perm file: C:\Users\mathe\Source\Repos\ServerRPGAdventure\ServerRPGAdventure\PersonalDiscordBot\bin\x64\Debug\Permissions\Administrators.perm
10-13-17_9:00:07 PM :: DESERIALIZEPERMISSIONS: Deserialized Administrators.perm
10-13-17_9:00:07 PM :: DESERIALIZEPERMISSIONS: Found RPGChannels.perm file: C:\Users\mathe\Source\Repos\ServerRPGAdventure\ServerRPGAdventure\PersonalDiscordBot\bin\x64\Debug\Permissions\RPGChannels.perm
10-13-17_9:00:07 PM :: DESERIALIZEPERMISSIONS: Deserialized RPGChannels.perm
10-13-17_9:00:07 PM :: DESERIALIZEPERMISSIONS: Found GeneralPermissions.perm file: C:\Users\mathe\Source\Repos\ServerRPGAdventure\ServerRPGAdventure\PersonalDiscordBot\bin\x64\Debug\Permissions\GeneralPermissions.perm
10-13-17_9:00:07 PM :: DESERIALIZEPERMISSIONS: Deserialized GeneralPermissions.perm
10-13-17_9:00:07 PM :: DESERIALIZEDATA: Added Owner 123913308498690051 to Owners List
10-13-17_9:00:07 PM :: LOADWINDOWLOCATION: Loading window location
10-13-17_9:00:07 PM :: LOADWINDOWLOCATION: Window Location Loaded and applied: [L]0 [T]0 [R]0 [B]0
10-13-17_9:00:07 PM :: HIDEGRIDS: Set Grid grdStatus to Hidden on launch
10-13-17_9:00:07 PM :: HIDEGRIDS: Set Grid grdSettings to Hidden on launch
10-13-17_9:00:07 PM :: HIDEGRIDS: Set Grid grdServers to Hidden on launch
10-13-17_9:00:07 PM :: HIDEGRIDS: Set Grid grdBotInfo to Hidden on launch
10-13-17_9:00:08 PM :: USTATUSUPDATE: STATUS: Owner Deserialization Complete
10-13-17_9:00:08 PM :: USTATUSUPDATE: STATUS: Admin Deserialization Complete
10-13-17_9:00:08 PM :: USTATUSUPDATE: STATUS: Version updated to 
10-13-17_9:00:08 PM :: TREFRESHADMINLIST: Refreshing admin list
10-13-17_9:00:08 PM :: CLEANUPLOGDIR: Cleaning up Log Directory: C:\Users\mathe\Source\Repos\ServerRPGAdventure\ServerRPGAdventure\PersonalDiscordBot\bin\x64\Debug\Logs
10-13-17_9:00:08 PM :: CLEANUPLOGDIR: Finished cleaning up Log directory
10-13-17_9:00:08 PM :: USTATUSUPDATE: STATUS: Newer release found, updating now... [Current]0.1.0.0 [Release]0.1.0.9
10-13-17_9:00:08 PM :: SAVECONFIG: Saved current config to Paths.json
10-13-17_9:00:08 PM :: SAVECONFIG: Saved current config to Paths.json
10-13-17_9:00:08 PM :: SAVECONFIG: Saved current game server list to ServerConfig.xml
10-13-17_9:00:08 PM :: FULLEXCEPTIONLOG: EXCEPTION: StartUpdate at 1133
10-13-17_9:00:08 PM :: USTATUSUPDATE: STATUS: Serializing Save Data
10-13-17_9:00:08 PM :: USTATUSUPDATE: STATUS: Serializing Save Data
10-13-17_9:00:08 PM :: USTATUSUPDATE: STATUS: Serializing Permission Data
10-13-17_9:00:08 PM :: USTATUSUPDATE: STATUS: Serializing Permission Data
10-13-17_9:00:08 PM :: SERIALIZEDATA: SaveData already exists: C:\Users\mathe\Source\Repos\ServerRPGAdventure\ServerRPGAdventure\PersonalDiscordBot\bin\x64\Debug\SaveData
10-13-17_9:00:08 PM :: SERIALIZEDATA: SaveData already exists: C:\Users\mathe\Source\Repos\ServerRPGAdventure\ServerRPGAdventure\PersonalDiscordBot\bin\x64\Debug\SaveData
10-13-17_9:00:08 PM :: SERIALIZEPERMISSIONS: Permissions already exists: C:\Users\mathe\Source\Repos\ServerRPGAdventure\ServerRPGAdventure\PersonalDiscordBot\bin\x64\Debug\Permissions
10-13-17_9:00:08 PM :: SERIALIZEPERMISSIONS: Permissions already exists: C:\Users\mathe\Source\Repos\ServerRPGAdventure\ServerRPGAdventure\PersonalDiscordBot\bin\x64\Debug\Permissions
10-13-17_9:00:08 PM :: SERIALIZEPERMISSIONS: Serialized Administrators.perm
10-13-17_9:00:08 PM :: SERIALIZEPERMISSIONS: Serialized RPGChannels.perm
10-13-17_9:00:08 PM :: FULLEXCEPTIONLOG: EXCEPTION: SerializePermissions at 57
10-13-17_9:00:08 PM :: SERIALIZEPERMISSIONS: Serialized GeneralPermissions.perm











10-13-17_9:00:08 PM :: USTATUSUPDATE: STATUS: Admin Serialization Complete
10-13-17_9:00:08 PM :: SAVEFILERETRY: Successfully saved to file after 1 attempts: C:\Users\mathe\Source\Repos\ServerRPGAdventure\ServerRPGAdventure\PersonalDiscordBot\bin\x64\Debug\Logs\DebugLog_10-13-17.log
10-13-17_9:00:08 PM :: USTATUSUPDATE: STATUS: Admin Serialization Complete
10-13-17_9:00:08 PM :: SAVEFILERETRY: Successfully saved to file after 2 attempts: C:\Users\mathe\Source\Repos\ServerRPGAdventure\ServerRPGAdventure\PersonalDiscordBot\bin\x64\Debug\Logs\DebugLog_10-13-17.log
10-13-17_9:00:08 PM :: SAVEFILERETRY: Successfully saved to file after 3 attempts: C:\Users\mathe\Source\Repos\ServerRPGAdventure\ServerRPGAdventure\PersonalDiscordBot\bin\x64\Debug\Logs\DebugLog_10-13-17.log
10-13-17_9:00:08 PM :: SAVEFILERETRY: Successfully saved to file after 4 attempts: C:\Users\mathe\Source\Repos\ServerRPGAdventure\ServerRPGAdventure\PersonalDiscordBot\bin\x64\Debug\Logs\DebugLog_10-13-17.log
10-13-17_9:00:08 PM :: SAVEFILERETRY: Successfully saved to file after 5 attempts: C:\Users\mathe\Source\Repos\ServerRPGAdventure\ServerRPGAdventure\PersonalDiscordBot\bin\x64\Debug\Logs\DebugLog_10-13-17.log
10-13-17_9:00:08 PM :: SAVEFILERETRY: Successfully saved to file after 6 attempts: C:\Users\mathe\Source\Repos\ServerRPGAdventure\ServerRPGAdventure\PersonalDiscordBot\bin\x64\Debug\Logs\DebugLog_10-13-17.log
10-13-17_9:00:08 PM :: SERIALIZEDATA: Serialized Owner: 123913308498690051
10-13-17_9:00:08 PM :: FULLEXCEPTIONLOG: EXCEPTION: SerializeData at 704
10-13-17_9:00:08 PM :: USTATUSUPDATE: STATUS: Owner Serializing Complete
10-13-17_9:00:08 PM :: SAVEFILERETRY: Successfully saved to file after 7 attempts: C:\Users\mathe\Source\Repos\ServerRPGAdventure\ServerRPGAdventure\PersonalDiscordBot\bin\x64\Debug\Logs\DebugLog_10-13-17.log
10-13-17_9:00:08 PM :: USTATUSUPDATE: STATUS: Owner Serializing Complete
10-13-17_9:00:08 PM :: SAVEFILERETRY: Successfully saved to file after 8 attempts: C:\Users\mathe\Source\Repos\ServerRPGAdventure\ServerRPGAdventure\PersonalDiscordBot\bin\x64\Debug\Logs\DebugLog_10-13-17.log
10-13-17_9:00:08 PM :: SAVEFILERETRY: Successfully saved to file after 9 attempts: C:\Users\mathe\Source\Repos\ServerRPGAdventure\ServerRPGAdventure\PersonalDiscordBot\bin\x64\Debug\Logs\DebugLog_10-13-17.log
10-13-17_9:00:08 PM :: SAVEFILERETRY: Successfully saved to file after 10 attempts: C:\Users\mathe\Source\Repos\ServerRPGAdventure\ServerRPGAdventure\PersonalDiscordBot\bin\x64\Debug\Logs\DebugLog_10-13-17.log
10-13-17_9:00:10 PM :: BTNCONNECT_CLICK: Token wasn't found in LocalSettings, prompting for token and sending notification
10-13-17_9:00:10 PM :: SLIDEGRID: Slid Grid grdToken from -734,97,0,0 to 0,97,0,0
10-13-17_9:00:10 PM :: SHOWNOTIFICATION: New Notification: A previous token wasn't found, please enter a bot token, save, then try again., 4sec(s)
10-13-17_9:00:10 PM :: SHOWNOTIFICATION: Notification wasn't playing, starting notification play cycles
10-13-17_9:00:11 PM :: USTATUSUPDATE: STATUS: Refreshed admin list, total admins: 0
10-13-17_9:00:14 PM :: SHOWNOTIFICATION: Removed notification: A previous token wasn't found, please enter a bot token, save, then try again.
10-13-17_9:00:14 PM :: SHOWNOTIFICATION: Notifications left: 0
10-13-17_9:00:14 PM :: SHOWNOTIFICATION: Finished playing all notifications
10-13-17_9:00:16 PM :: SAVECONFIG: Saved current config to Paths.json
10-13-17_9:00:16 PM :: BTNSAVETOKEN_CLICK: Saved new token: MzEzNjk0ODc3MTM5MzM3MjE3.DMFPyQ.RoTKPud3dCvc7_ELzQV94VwMbQs
10-13-17_9:00:16 PM :: SLIDEGRID: Slid Grid grdToken from 0,97,0,0 to -734,97,0,0
10-13-17_9:00:16 PM :: BTNSAVETOKEN_CLICK: Slid grdToken back out of view
10-13-17_9:00:16 PM :: SHOWNOTIFICATION: New Notification: Successfully saved new token!, 3sec(s)
10-13-17_9:00:16 PM :: SHOWNOTIFICATION: Notification wasn't playing, starting notification play cycles
10-13-17_9:00:18 PM :: USTATUSUPDATE: STATUS: Starting login updater
10-13-17_9:00:18 PM :: SHOWNOTIFICATION: New Notification: Bot Successfully Connected, 4sec(s)
10-13-17_9:00:18 PM :: SHOWNOTIFICATION: Notification is currently playing, returning
10-13-17_9:00:19 PM :: USTATUSUPDATE: STATUS: Updated Name and Playing Value
10-13-17_9:00:19 PM :: SHOWNOTIFICATION: Removed notification: Successfully saved new token!
10-13-17_9:00:19 PM :: SHOWNOTIFICATION: Notifications left: 1
10-13-17_9:00:23 PM :: SHOWNOTIFICATION: Removed notification: Bot Successfully Connected
10-13-17_9:00:23 PM :: SHOWNOTIFICATION: Notifications left: 0
10-13-17_9:00:23 PM :: SHOWNOTIFICATION: Finished playing all notifications
10-13-17_9:00:43 PM :: USTATUSUPDATE: STATUS: User: Bygonjin ◥◤ Command: ;test check backpack
10-13-17_9:00:43 PM :: MESSAGEHANDLER: COMMAND: User: Bygonjin ◥◤ Command: ;test check backpack
10-13-17_9:00:43 PM :: VERIFYOWNERPROFILEANDIFHASCHARACTERS: Owner profile was found for Bygonjin | 123913308498690051
10-13-17_9:00:43 PM :: CHECKCHARACTERBACKPACK: Asking [OwnerCharacter]PersonalDiscordBot.Classes.Character [OwnerID]123913308498690051 what to see

10-13-17_9:02:15 PM :: .CTOR: 
########################## Application Start ##########################

10-13-17_9:02:15 PM :: SETUPCONFIG: Found Log Directory at: C:\Users\mathe\Source\Repos\ServerRPGAdventure\ServerRPGAdventure\PersonalDiscordBot\bin\x64\Debug\Logs
10-13-17_9:02:15 PM :: SETUPCONFIG: Found Config Directory at: C:\Users\mathe\Source\Repos\ServerRPGAdventure\ServerRPGAdventure\PersonalDiscordBot\bin\x64\Debug\Config
10-13-17_9:02:15 PM :: SETUPCONFIG: Found Paths.json at: C:\Users\mathe\Source\Repos\ServerRPGAdventure\ServerRPGAdventure\PersonalDiscordBot\bin\x64\Debug\Config\Paths.json
10-13-17_9:02:15 PM :: SETUPCONFIG: Found ServerConfig.xml at: C:\Users\mathe\Source\Repos\ServerRPGAdventure\ServerRPGAdventure\PersonalDiscordBot\bin\x64\Debug\Config\ServerConfig.xml
10-13-17_9:02:16 PM :: FULLEXCEPTIONLOG: EXCEPTION: ReadConfig at 727
10-13-17_9:02:16 PM :: SETUPCONFIG: Finished reading config
10-13-17_9:02:16 PM :: USTATUSUPDATE: STATUS: Deserializing Sava Data
10-13-17_9:02:16 PM :: USTATUSUPDATE: STATUS: Running DEBUG Mode
10-13-17_9:02:16 PM :: USTATUSUPDATE: STATUS: Deserializing Permission Data
10-13-17_9:02:16 PM :: DESERIALIZEDATA: Found .owner file: C:\Users\mathe\Source\Repos\ServerRPGAdventure\ServerRPGAdventure\PersonalDiscordBot\bin\x64\Debug\SaveData\123913308498690051.owner
10-13-17_9:02:17 PM :: DESERIALIZEDATA: Added Owner 123913308498690051 to Owners List
10-13-17_9:02:17 PM :: LOADWINDOWLOCATION: Loading window location
10-13-17_9:02:17 PM :: LOADWINDOWLOCATION: Window Location Loaded and applied: [L]0 [T]0 [R]0 [B]0
10-13-17_9:02:17 PM :: HIDEGRIDS: Set Grid grdStatus to Hidden on launch
10-13-17_9:02:17 PM :: HIDEGRIDS: Set Grid grdSettings to Hidden on launch
10-13-17_9:02:17 PM :: HIDEGRIDS: Set Grid grdServers to Hidden on launch
10-13-17_9:02:17 PM :: HIDEGRIDS: Set Grid grdBotInfo to Hidden on launch
10-13-17_9:02:17 PM :: DESERIALIZEPERMISSIONS: Cleared Administrators and AllowedChannels
10-13-17_9:02:17 PM :: DESERIALIZEPERMISSIONS: Found Administrators.perm file: C:\Users\mathe\Source\Repos\ServerRPGAdventure\ServerRPGAdventure\PersonalDiscordBot\bin\x64\Debug\Permissions\Administrators.perm
10-13-17_9:02:17 PM :: DESERIALIZEPERMISSIONS: Deserialized Administrators.perm
10-13-17_9:02:17 PM :: DESERIALIZEPERMISSIONS: Found RPGChannels.perm file: C:\Users\mathe\Source\Repos\ServerRPGAdventure\ServerRPGAdventure\PersonalDiscordBot\bin\x64\Debug\Permissions\RPGChannels.perm
10-13-17_9:02:17 PM :: DESERIALIZEPERMISSIONS: Deserialized RPGChannels.perm
10-13-17_9:02:17 PM :: DESERIALIZEPERMISSIONS: Found GeneralPermissions.perm file: C:\Users\mathe\Source\Repos\ServerRPGAdventure\ServerRPGAdventure\PersonalDiscordBot\bin\x64\Debug\Permissions\GeneralPermissions.perm
10-13-17_9:02:17 PM :: DESERIALIZEPERMISSIONS: Deserialized GeneralPermissions.perm
10-13-17_9:02:17 PM :: USTATUSUPDATE: STATUS: Admin Deserialization Complete
10-13-17_9:02:17 PM :: USTATUSUPDATE: STATUS: Owner Deserialization Complete
10-13-17_9:02:17 PM :: USTATUSUPDATE: STATUS: Version updated to 
10-13-17_9:02:17 PM :: TREFRESHADMINLIST: Refreshing admin list
10-13-17_9:02:17 PM :: CLEANUPLOGDIR: Cleaning up Log Directory: C:\Users\mathe\Source\Repos\ServerRPGAdventure\ServerRPGAdventure\PersonalDiscordBot\bin\x64\Debug\Logs
10-13-17_9:02:17 PM :: CLEANUPLOGDIR: Finished cleaning up Log directory
10-13-17_9:02:17 PM :: USTATUSUPDATE: STATUS: Newer release found, updating now... [Current]0.1.0.0 [Release]0.1.0.9
10-13-17_9:02:17 PM :: SAVECONFIG: Saved current config to Paths.json
10-13-17_9:02:17 PM :: SAVECONFIG: Saved current config to Paths.json
10-13-17_9:02:17 PM :: SAVECONFIG: Saved current game server list to ServerConfig.xml
10-13-17_9:02:17 PM :: FULLEXCEPTIONLOG: EXCEPTION: StartUpdate at 1133
10-13-17_9:02:17 PM :: USTATUSUPDATE: STATUS: Serializing Save Data
10-13-17_9:02:17 PM :: USTATUSUPDATE: STATUS: Serializing Permission Data
10-13-17_9:02:17 PM :: USTATUSUPDATE: STATUS: Serializing Save Data
10-13-17_9:02:17 PM :: USTATUSUPDATE: STATUS: Serializing Permission Data
10-13-17_9:02:17 PM :: SERIALIZEDATA: SaveData already exists: C:\Users\mathe\Source\Repos\ServerRPGAdventure\ServerRPGAdventure\PersonalDiscordBot\bin\x64\Debug\SaveData
10-13-17_9:02:17 PM :: SERIALIZEPERMISSIONS: Permissions already exists: C:\Users\mathe\Source\Repos\ServerRPGAdventure\ServerRPGAdventure\PersonalDiscordBot\bin\x64\Debug\Permissions
10-13-17_9:02:17 PM :: SERIALIZEDATA: SaveData already exists: C:\Users\mathe\Source\Repos\ServerRPGAdventure\ServerRPGAdventure\PersonalDiscordBot\bin\x64\Debug\SaveData
10-13-17_9:02:17 PM :: SERIALIZEPERMISSIONS: Permissions already exists: C:\Users\mathe\Source\Repos\ServerRPGAdventure\ServerRPGAdventure\PersonalDiscordBot\bin\x64\Debug\Permissions
10-13-17_9:02:17 PM :: SERIALIZEPERMISSIONS: Serialized Administrators.perm
10-13-17_9:02:17 PM :: SERIALIZEPERMISSIONS: Serialized RPGChannels.perm
10-13-17_9:02:17 PM :: FULLEXCEPTIONLOG: EXCEPTION: SerializePermissions at 57


