10-06-17_8:48:51 AM :: .CTOR: 
########################## Application Start ##########################

10-06-17_8:48:51 AM :: SETUPCONFIG: Found Log Directory at: C:\Users\mpegler\Source\Repos\ServerRPGAdventure\PersonalDiscordBot\bin\x64\Debug\Logs
10-06-17_8:48:51 AM :: SETUPCONFIG: Found Config Directory at: C:\Users\mpegler\Source\Repos\ServerRPGAdventure\PersonalDiscordBot\bin\x64\Debug\Config
10-06-17_8:48:51 AM :: SETUPCONFIG: Found Paths.json at: C:\Users\mpegler\Source\Repos\ServerRPGAdventure\PersonalDiscordBot\bin\x64\Debug\Config\Paths.json
10-06-17_8:48:51 AM :: SETUPCONFIG: Found ServerConfig.xml at: C:\Users\mpegler\Source\Repos\ServerRPGAdventure\PersonalDiscordBot\bin\x64\Debug\Config\ServerConfig.xml
10-06-17_8:48:52 AM :: FULLEXCEPTIONLOG: EXCEPTION: ReadConfig at 727
10-06-17_8:48:52 AM :: SETUPCONFIG: Finished reading config
10-06-17_8:48:54 AM :: USTATUSUPDATE: STATUS: Running DEBUG Mode
10-06-17_8:48:54 AM :: USTATUSUPDATE: STATUS: Deserializing Permission Data
10-06-17_8:48:54 AM :: USTATUSUPDATE: STATUS: Deserializing Sava Data
10-06-17_8:48:54 AM :: LOADWINDOWLOCATION: Loading window location
10-06-17_8:48:54 AM :: LOADWINDOWLOCATION: Window Location Loaded and applied: [L]0 [T]0 [R]0 [B]0
10-06-17_8:48:54 AM :: HIDEGRIDS: Set Grid grdStatus to Hidden on launch
10-06-17_8:48:54 AM :: HIDEGRIDS: Set Grid grdSettings to Hidden on launch
10-06-17_8:48:54 AM :: HIDEGRIDS: Set Grid grdServers to Hidden on launch
10-06-17_8:48:54 AM :: HIDEGRIDS: Set Grid grdBotInfo to Hidden on launch
10-06-17_8:48:54 AM :: DESERIALIZEPERMISSIONS: Cleared Administrators and AllowedChannels
10-06-17_8:48:54 AM :: DESERIALIZEPERMISSIONS: Found Administrators.perm file: C:\Users\mpegler\Source\Repos\ServerRPGAdventure\PersonalDiscordBot\bin\x64\Debug\Permissions\Administrators.perm
10-06-17_8:48:54 AM :: USTATUSUPDATE: STATUS: Version updated to 
10-06-17_8:48:54 AM :: USTATUSUPDATE: STATUS: Owner Deserialization Complete
10-06-17_8:48:54 AM :: CLEANUPLOGDIR: Cleaning up Log Directory: C:\Users\mpegler\Source\Repos\ServerRPGAdventure\PersonalDiscordBot\bin\x64\Debug\Logs10-06-17_8:48:54 AM :: TREFRESHADMINLIST: Refreshing admin list
10-06-17_8:48:54 AM :: CLEANUPLOGDIR: Deleted old log file: DebugLog_09-07-17.log
10-06-17_8:48:54 AM :: CLEANUPLOGDIR: Deleted old log file: Exceptions.log
10-06-17_8:48:54 AM :: CLEANUPLOGDIR: Deleted old log file: StatusLog_09-07-17.log
10-06-17_8:48:54 AM :: CLEANUPLOGDIR: Finished cleaning up Log directory
10-06-17_8:48:54 AM :: DESERIALIZEPERMISSIONS: Deserialized Administrators.perm
10-06-17_8:48:54 AM :: DESERIALIZEPERMISSIONS: Found RPGChannels.perm file: C:\Users\mpegler\Source\Repos\ServerRPGAdventure\PersonalDiscordBot\bin\x64\Debug\Permissions\RPGChannels.perm
10-06-17_8:48:54 AM :: DESERIALIZEPERMISSIONS: Deserialized RPGChannels.perm
10-06-17_8:48:54 AM :: DESERIALIZEPERMISSIONS: Found GeneralPermissions.perm file: C:\Users\mpegler\Source\Repos\ServerRPGAdventure\PersonalDiscordBot\bin\x64\Debug\Permissions\GeneralPermissions.perm
10-06-17_8:48:55 AM :: DESERIALIZEPERMISSIONS: Deserialized GeneralPermissions.perm
10-06-17_8:48:55 AM :: USTATUSUPDATE: STATUS: Admin Deserialization Complete
10-06-17_8:48:56 AM :: USTATUSUPDATE: STATUS: Newer release found, updating now... [Current]0.1.0.0 [Release]0.1.0.9
10-06-17_8:48:56 AM :: SAVECONFIG: Saved current config to Paths.json
10-06-17_8:48:56 AM :: SAVECONFIG: Saved current config to Paths.json
10-06-17_8:48:56 AM :: SAVECONFIG: Saved current game server list to ServerConfig.xml
10-06-17_8:48:56 AM :: FULLEXCEPTIONLOG: EXCEPTION: StartUpdate at 1133
10-06-17_8:48:56 AM :: USTATUSUPDATE: STATUS: Serializing Save Data
10-06-17_8:48:56 AM :: USTATUSUPDATE: STATUS: Serializing Permission Data
10-06-17_8:48:56 AM :: USTATUSUPDATE: STATUS: Serializing Permission Data
10-06-17_8:48:56 AM :: SERIALIZEDATA: SaveData already exists: C:\Users\mpegler\Source\Repos\ServerRPGAdventure\PersonalDiscordBot\bin\x64\Debug\SaveData
10-06-17_8:48:56 AM :: SERIALIZEPERMISSIONS: Permissions already exists: C:\Users\mpegler\Source\Repos\ServerRPGAdventure\PersonalDiscordBot\bin\x64\Debug\Permissions
10-06-17_8:48:56 AM :: SERIALIZEPERMISSIONS: Permissions already exists: C:\Users\mpegler\Source\Repos\ServerRPGAdventure\PersonalDiscordBot\bin\x64\Debug\Permissions
10-06-17_8:48:56 AM :: USTATUSUPDATE: STATUS: Serializing Save Data
10-06-17_8:48:56 AM :: USTATUSUPDATE: STATUS: Owner Serializing Complete
10-06-17_8:48:56 AM :: SERIALIZEDATA: SaveData already exists: C:\Users\mpegler\Source\Repos\ServerRPGAdventure\PersonalDiscordBot\bin\x64\Debug\SaveData
10-06-17_8:48:56 AM :: USTATUSUPDATE: STATUS: Owner Serializing Complete
10-06-17_8:48:56 AM :: SERIALIZEPERMISSIONS: Serialized Administrators.perm
10-06-17_8:48:56 AM :: SERIALIZEPERMISSIONS: Serialized RPGChannels.perm
10-06-17_8:48:56 AM :: SERIALIZEPERMISSIONS: Serialized GeneralPermissions.perm
10-06-17_8:48:56 AM :: USTATUSUPDATE: STATUS: Admin Serialization Complete

10-06-17_8:48:56 AM :: FULLEXCEPTIONLOG: EXCEPTION: SerializePermissions at 57
10-06-17_8:48:56 AM :: USTATUSUPDATE: STATUS: Admin Serialization Complete
10-06-17_8:48:57 AM :: USTATUSUPDATE: STATUS: Refreshed admin list, total admins: 0
10-06-17_8:50:48 AM :: WINMAIN_CLOSING: 
########################## Application Stop ##########################


10-06-17_4:34:21 PM :: .CTOR: 
########################## Application Start ##########################

10-06-17_4:34:21 PM :: SETUPCONFIG: Found Log Directory at: C:\Users\mpegler\Source\Repos\ServerRPGAdventure\PersonalDiscordBot\bin\x64\Debug\Logs
10-06-17_4:34:21 PM :: SETUPCONFIG: Found Config Directory at: C:\Users\mpegler\Source\Repos\ServerRPGAdventure\PersonalDiscordBot\bin\x64\Debug\Config
10-06-17_4:34:21 PM :: SETUPCONFIG: Found Paths.json at: C:\Users\mpegler\Source\Repos\ServerRPGAdventure\PersonalDiscordBot\bin\x64\Debug\Config\Paths.json
10-06-17_4:34:21 PM :: SETUPCONFIG: Found ServerConfig.xml at: C:\Users\mpegler\Source\Repos\ServerRPGAdventure\PersonalDiscordBot\bin\x64\Debug\Config\ServerConfig.xml
10-06-17_4:34:21 PM :: FULLEXCEPTIONLOG: EXCEPTION: ReadConfig at 727
10-06-17_4:34:21 PM :: SETUPCONFIG: Finished reading config
10-06-17_4:34:23 PM :: USTATUSUPDATE: STATUS: Running DEBUG Mode
10-06-17_4:34:23 PM :: USTATUSUPDATE: STATUS: Deserializing Sava Data
10-06-17_4:34:23 PM :: USTATUSUPDATE: STATUS: Deserializing Permission Data
10-06-17_4:34:24 PM :: LOADWINDOWLOCATION: Loading window location
10-06-17_4:34:24 PM :: LOADWINDOWLOCATION: Window Location Loaded and applied: [L]0 [T]0 [R]0 [B]0
10-06-17_4:34:24 PM :: HIDEGRIDS: Set Grid grdStatus to Hidden on launch
10-06-17_4:34:24 PM :: HIDEGRIDS: Set Grid grdSettings to Hidden on launch
10-06-17_4:34:24 PM :: HIDEGRIDS: Set Grid grdServers to Hidden on launch
10-06-17_4:34:24 PM :: HIDEGRIDS: Set Grid grdBotInfo to Hidden on launch
10-06-17_4:34:24 PM :: DESERIALIZEPERMISSIONS: Cleared Administrators and AllowedChannels
10-06-17_4:34:24 PM :: DESERIALIZEPERMISSIONS: Found Administrators.perm file: C:\Users\mpegler\Source\Repos\ServerRPGAdventure\PersonalDiscordBot\bin\x64\Debug\Permissions\Administrators.perm
10-06-17_4:34:24 PM :: USTATUSUPDATE: STATUS: Version updated to 
10-06-17_4:34:24 PM :: USTATUSUPDATE: STATUS: Owner Deserialization Complete
10-06-17_4:34:24 PM :: CLEANUPLOGDIR: Cleaning up Log Directory: C:\Users\mpegler\Source\Repos\ServerRPGAdventure\PersonalDiscordBot\bin\x64\Debug\Logs
10-06-17_4:34:24 PM :: TREFRESHADMINLIST: Refreshing admin list
10-06-17_4:34:24 PM :: CLEANUPLOGDIR: Deleted old log file: Exceptions.log
10-06-17_4:34:24 PM :: CLEANUPLOGDIR: Finished cleaning up Log directory
10-06-17_4:34:24 PM :: DESERIALIZEPERMISSIONS: Deserialized Administrators.perm
10-06-17_4:34:24 PM :: DESERIALIZEPERMISSIONS: Found RPGChannels.perm file: C:\Users\mpegler\Source\Repos\ServerRPGAdventure\PersonalDiscordBot\bin\x64\Debug\Permissions\RPGChannels.perm
10-06-17_4:34:24 PM :: DESERIALIZEPERMISSIONS: Deserialized RPGChannels.perm
10-06-17_4:34:24 PM :: DESERIALIZEPERMISSIONS: Found GeneralPermissions.perm file: C:\Users\mpegler\Source\Repos\ServerRPGAdventure\PersonalDiscordBot\bin\x64\Debug\Permissions\GeneralPermissions.perm
10-06-17_4:34:24 PM :: DESERIALIZEPERMISSIONS: Deserialized GeneralPermissions.perm
10-06-17_4:34:25 PM :: USTATUSUPDATE: STATUS: Admin Deserialization Complete
10-06-17_4:34:26 PM :: USTATUSUPDATE: STATUS: Newer release found, updating now... [Current]0.1.0.0 [Release]0.1.0.9
10-06-17_4:34:26 PM :: SAVECONFIG: Saved current config to Paths.json
10-06-17_4:34:26 PM :: SAVECONFIG: Saved current config to Paths.json
10-06-17_4:34:26 PM :: SAVECONFIG: Saved current game server list to ServerConfig.xml
10-06-17_4:34:26 PM :: FULLEXCEPTIONLOG: EXCEPTION: StartUpdate at 1133
10-06-17_4:34:26 PM :: USTATUSUPDATE: STATUS: Serializing Save Data
10-06-17_4:34:26 PM :: USTATUSUPDATE: STATUS: Serializing Permission Data
10-06-17_4:34:26 PM :: USTATUSUPDATE: STATUS: Serializing Permission Data
10-06-17_4:34:26 PM :: SERIALIZEDATA: SaveData already exists: C:\Users\mpegler\Source\Repos\ServerRPGAdventure\PersonalDiscordBot\bin\x64\Debug\SaveData
10-06-17_4:34:26 PM :: SERIALIZEPERMISSIONS: Permissions already exists: C:\Users\mpegler\Source\Repos\ServerRPGAdventure\PersonalDiscordBot\bin\x64\Debug\Permissions
10-06-17_4:34:26 PM :: SERIALIZEPERMISSIONS: Permissions already exists: C:\Users\mpegler\Source\Repos\ServerRPGAdventure\PersonalDiscordBot\bin\x64\Debug\Permissions
10-06-17_4:34:26 PM :: USTATUSUPDATE: STATUS: Serializing Save Data
10-06-17_4:34:26 PM :: USTATUSUPDATE: STATUS: Owner Serializing Complete
10-06-17_4:34:26 PM :: SERIALIZEDATA: SaveData already exists: C:\Users\mpegler\Source\Repos\ServerRPGAdventure\PersonalDiscordBot\bin\x64\Debug\SaveData
10-06-17_4:34:26 PM :: USTATUSUPDATE: STATUS: Owner Serializing Complete
10-06-17_4:34:26 PM :: SERIALIZEPERMISSIONS: Serialized Administrators.perm
10-06-17_4:34:26 PM :: SERIALIZEPERMISSIONS: Serialized RPGChannels.perm
10-06-17_4:34:26 PM :: SERIALIZEPERMISSIONS: Serialized GeneralPermissions.perm
10-06-17_4:34:26 PM :: USTATUSUPDATE: STATUS: Admin Serialization Complete
10-06-17_4:34:26 PM :: SERIALIZEPERMISSIONS: Serialized Administrators.perm
10-06-17_4:34:26 PM :: SERIALIZEPERMISSIONS: Serialized RPGChannels.perm

10-06-17_4:34:26 PM :: SERIALIZEPERMISSIONS: Serialized GeneralPermissions.perm
10-06-17_4:34:26 PM :: USTATUSUPDATE: STATUS: Admin Serialization Complete
10-06-17_4:34:26 PM :: WINMAIN_CLOSING: 
########################## Application Stop ##########################


10-06-17_5:00:02 PM :: .CTOR: 
########################## Application Start ##########################

10-06-17_5:00:02 PM :: SETUPCONFIG: Found Log Directory at: C:\Users\mpegler\Source\Repos\ServerRPGAdventure\PersonalDiscordBot\bin\x64\Debug\Logs
10-06-17_5:00:02 PM :: SETUPCONFIG: Found Config Directory at: C:\Users\mpegler\Source\Repos\ServerRPGAdventure\PersonalDiscordBot\bin\x64\Debug\Config
10-06-17_5:00:02 PM :: SETUPCONFIG: Found Paths.json at: C:\Users\mpegler\Source\Repos\ServerRPGAdventure\PersonalDiscordBot\bin\x64\Debug\Config\Paths.json
10-06-17_5:00:02 PM :: SETUPCONFIG: Found ServerConfig.xml at: C:\Users\mpegler\Source\Repos\ServerRPGAdventure\PersonalDiscordBot\bin\x64\Debug\Config\ServerConfig.xml
10-06-17_5:00:03 PM :: FULLEXCEPTIONLOG: EXCEPTION: ReadConfig at 727
10-06-17_5:00:04 PM :: SETUPCONFIG: Finished reading config
10-06-17_5:00:05 PM :: USTATUSUPDATE: STATUS: Running DEBUG Mode
10-06-17_5:00:05 PM :: LOADWINDOWLOCATION: Loading window location
10-06-17_5:00:05 PM :: LOADWINDOWLOCATION: Window Location Loaded and applied: [L]0 [T]0 [R]0 [B]0
10-06-17_5:00:05 PM :: HIDEGRIDS: Set Grid grdStatus to Hidden on launch
10-06-17_5:00:05 PM :: HIDEGRIDS: Set Grid grdSettings to Hidden on launch
10-06-17_5:00:05 PM :: HIDEGRIDS: Set Grid grdServers to Hidden on launch
10-06-17_5:00:05 PM :: HIDEGRIDS: Set Grid grdBotInfo to Hidden on launch
10-06-17_5:00:05 PM :: USTATUSUPDATE: STATUS: Deserializing Permission Data
10-06-17_5:00:05 PM :: USTATUSUPDATE: STATUS: Deserializing Sava Data
10-06-17_5:00:05 PM :: USTATUSUPDATE: STATUS: Version updated to 
10-06-17_5:00:05 PM :: DESERIALIZEPERMISSIONS: Cleared Administrators and AllowedChannels
10-06-17_5:00:05 PM :: DESERIALIZEPERMISSIONS: Found Administrators.perm file: C:\Users\mpegler\Source\Repos\ServerRPGAdventure\PersonalDiscordBot\bin\x64\Debug\Permissions\Administrators.perm
10-06-17_5:00:05 PM :: CLEANUPLOGDIR: Cleaning up Log Directory: C:\Users\mpegler\Source\Repos\ServerRPGAdventure\PersonalDiscordBot\bin\x64\Debug\Logs
10-06-17_5:00:05 PM :: CLEANUPLOGDIR: Deleted old log file: Exceptions.log
10-06-17_5:00:05 PM :: CLEANUPLOGDIR: Finished cleaning up Log directory
10-06-17_5:00:05 PM :: TREFRESHADMINLIST: Refreshing admin list
10-06-17_5:00:05 PM :: DESERIALIZEPERMISSIONS: Deserialized Administrators.perm
10-06-17_5:00:05 PM :: DESERIALIZEPERMISSIONS: Found RPGChannels.perm file: C:\Users\mpegler\Source\Repos\ServerRPGAdventure\PersonalDiscordBot\bin\x64\Debug\Permissions\RPGChannels.perm
10-06-17_5:00:05 PM :: DESERIALIZEPERMISSIONS: Deserialized RPGChannels.perm
10-06-17_5:00:05 PM :: DESERIALIZEPERMISSIONS: Found GeneralPermissions.perm file: C:\Users\mpegler\Source\Repos\ServerRPGAdventure\PersonalDiscordBot\bin\x64\Debug\Permissions\GeneralPermissions.perm
10-06-17_5:00:06 PM :: DESERIALIZEPERMISSIONS: Deserialized GeneralPermissions.perm
10-06-17_5:00:06 PM :: USTATUSUPDATE: STATUS: Admin Deserialization Complete
10-06-17_5:00:06 PM :: USTATUSUPDATE: STATUS: Owner Deserialization Complete
10-06-17_5:00:07 PM :: USTATUSUPDATE: STATUS: Newer release found, updating now... [Current]0.1.0.0 [Release]0.1.0.9
10-06-17_5:00:07 PM :: SAVECONFIG: Saved current config to Paths.json
10-06-17_5:00:07 PM :: SAVECONFIG: Saved current config to Paths.json
10-06-17_5:00:07 PM :: SAVECONFIG: Saved current game server list to ServerConfig.xml
10-06-17_5:00:07 PM :: FULLEXCEPTIONLOG: EXCEPTION: StartUpdate at 1133
10-06-17_5:00:07 PM :: USTATUSUPDATE: STATUS: Serializing Save Data
10-06-17_5:00:07 PM :: USTATUSUPDATE: STATUS: Serializing Permission Data
10-06-17_5:00:07 PM :: USTATUSUPDATE: STATUS: Serializing Permission Data
10-06-17_5:00:07 PM :: SERIALIZEDATA: SaveData already exists: C:\Users\mpegler\Source\Repos\ServerRPGAdventure\PersonalDiscordBot\bin\x64\Debug\SaveData
10-06-17_5:00:07 PM :: SERIALIZEPERMISSIONS: Permissions already exists: C:\Users\mpegler\Source\Repos\ServerRPGAdventure\PersonalDiscordBot\bin\x64\Debug\Permissions
10-06-17_5:00:07 PM :: SERIALIZEPERMISSIONS: Permissions already exists: C:\Users\mpegler\Source\Repos\ServerRPGAdventure\PersonalDiscordBot\bin\x64\Debug\Permissions
10-06-17_5:00:07 PM :: USTATUSUPDATE: STATUS: Serializing Save Data
10-06-17_5:00:07 PM :: USTATUSUPDATE: STATUS: Owner Serializing Complete
10-06-17_5:00:07 PM :: SERIALIZEDATA: SaveData already exists: C:\Users\mpegler\Source\Repos\ServerRPGAdventure\PersonalDiscordBot\bin\x64\Debug\SaveData
10-06-17_5:00:07 PM :: USTATUSUPDATE: STATUS: Owner Serializing Complete
10-06-17_5:00:07 PM :: SERIALIZEPERMISSIONS: Serialized Administrators.perm
10-06-17_5:00:07 PM :: SERIALIZEPERMISSIONS: Serialized RPGChannels.perm
10-06-17_5:00:07 PM :: SERIALIZEPERMISSIONS: Serialized GeneralPermissions.perm
10-06-17_5:00:07 PM :: USTATUSUPDATE: STATUS: Admin Serialization Complete
10-06-17_5:00:07 PM :: FULLEXCEPTIONLOG: EXCEPTION: SerializePermissions at 57
10-06-17_5:00:07 PM :: USTATUSUPDATE: STATUS: Admin Serialization Complete

10-06-17_5:00:08 PM :: USTATUSUPDATE: STATUS: Refreshed admin list, total admins: 0
10-06-17_5:00:24 PM :: WINMAIN_CLOSING: 
########################## Application Stop ##########################


