09-07-17_12:40:15 PM :: .CTOR: 
########################## Application Start ##########################

09-07-17_12:40:15 PM :: SETUPCONFIG: Found Log Directory at: C:\Users\mpegler\Source\Repos\ServerRPGAdventure\PersonalDiscordBot\bin\x64\Debug\Logs
09-07-17_12:40:15 PM :: SETUPCONFIG: Found Config Directory at: C:\Users\mpegler\Source\Repos\ServerRPGAdventure\PersonalDiscordBot\bin\x64\Debug\Config
09-07-17_12:40:15 PM :: SETUPCONFIG: Found Paths.json at: C:\Users\mpegler\Source\Repos\ServerRPGAdventure\PersonalDiscordBot\bin\x64\Debug\Config\Paths.json
09-07-17_12:40:15 PM :: SETUPCONFIG: Found ServerConfig.xml at: C:\Users\mpegler\Source\Repos\ServerRPGAdventure\PersonalDiscordBot\bin\x64\Debug\Config\ServerConfig.xml
09-07-17_12:40:16 PM :: READCONFIG: C:\Users\mpegler\Source\Repos\ServerRPGAdventure\PersonalDiscordBot\bin\x64\Debug\Config\Paths.json Deserialized:
 LogLocation[C:\Users\mpegler\Source\Repos\ServerRPGAdventure\PersonalDiscordBot\bin\x64\Debug\Logs]
 ConfigLocation[C:\Users\mpegler\Source\Repos\ServerRPGAdventure\PersonalDiscordBot\bin\x64\Debug\Config]
 PathsConfig[C:\Users\mpegler\Source\Repos\ServerRPGAdventure\PersonalDiscordBot\bin\x64\Debug\Config\Paths.json]
 ServerConfig[C:\Users\mpegler\Source\Repos\ServerRPGAdventure\PersonalDiscordBot\bin\x64\Debug\Config\ServerConfig.xml]
09-07-17_12:40:16 PM :: SETUPCONFIG: Finished reading config
09-07-17_12:40:18 PM :: USTATUSUPDATE: STATUS: Running DEBUG Mode
09-07-17_12:40:18 PM :: USTATUSUPDATE: STATUS: Deserializing Permission Data
09-07-17_12:40:18 PM :: USTATUSUPDATE: STATUS: Deserializing Sava Data
09-07-17_12:40:18 PM :: LOADWINDOWLOCATION: Loading window location
09-07-17_12:40:18 PM :: LOADWINDOWLOCATION: Window Location Loaded and applied: [L]0 [T]0 [R]0 [B]0
09-07-17_12:40:18 PM :: HIDEGRIDS: Set Grid grdStatus to Hidden on launch
09-07-17_12:40:18 PM :: HIDEGRIDS: Set Grid grdSettings to Hidden on launch
09-07-17_12:40:18 PM :: HIDEGRIDS: Set Grid grdServers to Hidden on launch
09-07-17_12:40:18 PM :: HIDEGRIDS: Set Grid grdBotInfo to Hidden on launch
09-07-17_12:40:18 PM :: DESERIALIZEPERMISSIONS: Cleared Administrators and AllowedChannels
09-07-17_12:40:18 PM :: DESERIALIZEPERMISSIONS: Found Administrators.perm file: C:\Users\mpegler\Source\Repos\ServerRPGAdventure\PersonalDiscordBot\bin\x64\Debug\Permissions\Administrators.perm
09-07-17_12:40:18 PM :: USTATUSUPDATE: STATUS: Version updated to 
09-07-17_12:40:18 PM :: USTATUSUPDATE: STATUS: Owner Deserialization Complete
09-07-17_12:40:18 PM :: DESERIALIZEPERMISSIONS: Deserialized Administrators.perm
09-07-17_12:40:18 PM :: DESERIALIZEPERMISSIONS: Found RPGChannels.perm file: C:\Users\mpegler\Source\Repos\ServerRPGAdventure\PersonalDiscordBot\bin\x64\Debug\Permissions\RPGChannels.perm
09-07-17_12:40:18 PM :: DESERIALIZEPERMISSIONS: Deserialized RPGChannels.perm
09-07-17_12:40:18 PM :: DESERIALIZEPERMISSIONS: Found GeneralPermissions.perm file: C:\Users\mpegler\Source\Repos\ServerRPGAdventure\PersonalDiscordBot\bin\x64\Debug\Permissions\GeneralPermissions.perm
09-07-17_12:40:18 PM :: DESERIALIZEPERMISSIONS: Deserialized GeneralPermissions.perm
09-07-17_12:40:18 PM :: SAVECONFIG: Saved current config to Paths.json
09-07-17_12:40:18 PM :: USTATUSUPDATE: STATUS: Admin Deserialization Complete
09-07-17_12:40:18 PM :: USTATUSUPDATE: STATUS: Updated to github version 0.1.0.0
09-07-17_12:40:18 PM :: CLEANUPLOGDIR: Cleaning up Log Directory: C:\Users\mpegler\Source\Repos\ServerRPGAdventure\PersonalDiscordBot\bin\x64\Debug\Logs
09-07-17_12:40:18 PM :: TREFRESHADMINLIST: Refreshing admin list
09-07-17_12:40:18 PM :: CLEANUPLOGDIR: Deleted old log file: DebugLog_07-18-17.txt
09-07-17_12:40:18 PM :: CLEANUPLOGDIR: Deleted old log file: Exceptions.log
09-07-17_12:40:18 PM :: CLEANUPLOGDIR: Deleted old log file: StatusLog_07-18-17.txt
09-07-17_12:40:18 PM :: CLEANUPLOGDIR: Finished cleaning up Log directory
09-07-17_12:40:20 PM :: USTATUSUPDATE: STATUS: Starting login updater
09-07-17_12:40:20 PM :: USTATUSUPDATE: STATUS: Newer release found, updating now... [Current]0.1.0.0 [Release]0.1.0.9
09-07-17_12:40:20 PM :: SAVECONFIG: Saved current config to Paths.json
09-07-17_12:40:20 PM :: SAVECONFIG: Saved current config to Paths.json
09-07-17_12:40:20 PM :: SAVECONFIG: Saved current game server list to ServerConfig.xml
09-07-17_12:40:20 PM :: FULLEXCEPTIONLOG: EXCEPTION: StartUpdate at 1133
09-07-17_12:40:20 PM :: USTATUSUPDATE: STATUS: Serializing Save Data
09-07-17_12:40:20 PM :: USTATUSUPDATE: STATUS: Serializing Permission Data
09-07-17_12:40:20 PM :: SERIALIZEDATA: SaveData already exists: C:\Users\mpegler\Source\Repos\ServerRPGAdventure\PersonalDiscordBot\bin\x64\Debug\SaveData
09-07-17_12:40:20 PM :: SERIALIZEPERMISSIONS: Permissions already exists: C:\Users\mpegler\Source\Repos\ServerRPGAdventure\PersonalDiscordBot\bin\x64\Debug\Permissions
09-07-17_12:40:20 PM :: SERIALIZEPERMISSIONS: Serialized Administrators.perm
09-07-17_12:40:20 PM :: SERIALIZEPERMISSIONS: Serialized RPGChannels.perm

09-07-17_12:42:13 PM :: .CTOR: 
########################## Application Start ##########################

09-07-17_12:42:13 PM :: SETUPCONFIG: Found Log Directory at: C:\Users\mpegler\Source\Repos\ServerRPGAdventure\PersonalDiscordBot\bin\x64\Debug\Logs
09-07-17_12:42:13 PM :: SETUPCONFIG: Found Config Directory at: C:\Users\mpegler\Source\Repos\ServerRPGAdventure\PersonalDiscordBot\bin\x64\Debug\Config
09-07-17_12:42:13 PM :: SETUPCONFIG: Found Paths.json at: C:\Users\mpegler\Source\Repos\ServerRPGAdventure\PersonalDiscordBot\bin\x64\Debug\Config\Paths.json
09-07-17_12:42:13 PM :: SETUPCONFIG: Found ServerConfig.xml at: C:\Users\mpegler\Source\Repos\ServerRPGAdventure\PersonalDiscordBot\bin\x64\Debug\Config\ServerConfig.xml
09-07-17_12:42:14 PM :: FULLEXCEPTIONLOG: EXCEPTION: ReadConfig at 727
09-07-17_12:42:14 PM :: SETUPCONFIG: Finished reading config
09-07-17_12:42:15 PM :: USTATUSUPDATE: STATUS: Running DEBUG Mode
09-07-17_12:42:15 PM :: LOADWINDOWLOCATION: Loading window location
09-07-17_12:42:15 PM :: LOADWINDOWLOCATION: Window Location Loaded and applied: [L]0 [T]0 [R]0 [B]0
09-07-17_12:42:15 PM :: HIDEGRIDS: Set Grid grdStatus to Hidden on launch
09-07-17_12:42:15 PM :: HIDEGRIDS: Set Grid grdSettings to Hidden on launch
09-07-17_12:42:15 PM :: HIDEGRIDS: Set Grid grdServers to Hidden on launch
09-07-17_12:42:15 PM :: HIDEGRIDS: Set Grid grdBotInfo to Hidden on launch
09-07-17_12:42:15 PM :: USTATUSUPDATE: STATUS: Deserializing Sava Data
09-07-17_12:42:15 PM :: USTATUSUPDATE: STATUS: Deserializing Permission Data
09-07-17_12:42:15 PM :: USTATUSUPDATE: STATUS: Version updated to 
09-07-17_12:42:15 PM :: CLEANUPLOGDIR: Cleaning up Log Directory: C:\Users\mpegler\Source\Repos\ServerRPGAdventure\PersonalDiscordBot\bin\x64\Debug\Logs
09-07-17_12:42:15 PM :: TREFRESHADMINLIST: Refreshing admin list
09-07-17_12:42:15 PM :: CLEANUPLOGDIR: Deleted old log file: Exceptions.log
09-07-17_12:42:15 PM :: CLEANUPLOGDIR: Finished cleaning up Log directory
09-07-17_12:42:16 PM :: DESERIALIZEPERMISSIONS: Cleared Administrators and AllowedChannels
09-07-17_12:42:16 PM :: DESERIALIZEPERMISSIONS: Found Administrators.perm file: C:\Users\mpegler\Source\Repos\ServerRPGAdventure\PersonalDiscordBot\bin\x64\Debug\Permissions\Administrators.perm
09-07-17_12:42:16 PM :: USTATUSUPDATE: STATUS: Owner Deserialization Complete
09-07-17_12:42:16 PM :: DESERIALIZEPERMISSIONS: Deserialized Administrators.perm
09-07-17_12:42:16 PM :: DESERIALIZEPERMISSIONS: Found RPGChannels.perm file: C:\Users\mpegler\Source\Repos\ServerRPGAdventure\PersonalDiscordBot\bin\x64\Debug\Permissions\RPGChannels.perm
09-07-17_12:42:16 PM :: DESERIALIZEPERMISSIONS: Deserialized RPGChannels.perm
09-07-17_12:42:16 PM :: DESERIALIZEPERMISSIONS: Found GeneralPermissions.perm file: C:\Users\mpegler\Source\Repos\ServerRPGAdventure\PersonalDiscordBot\bin\x64\Debug\Permissions\GeneralPermissions.perm
09-07-17_12:42:16 PM :: DESERIALIZEPERMISSIONS: Deserialized GeneralPermissions.perm
09-07-17_12:42:16 PM :: USTATUSUPDATE: STATUS: Admin Deserialization Complete
09-07-17_12:42:16 PM :: USTATUSUPDATE: STATUS: Newer release found, updating now... [Current]0.1.0.0 [Release]0.1.0.9
09-07-17_12:42:17 PM :: SAVECONFIG: Saved current config to Paths.json
09-07-17_12:42:17 PM :: SAVECONFIG: Saved current config to Paths.json
09-07-17_12:42:17 PM :: SAVECONFIG: Saved current game server list to ServerConfig.xml
09-07-17_12:42:17 PM :: FULLEXCEPTIONLOG: EXCEPTION: StartUpdate at 1133
09-07-17_12:42:17 PM :: USTATUSUPDATE: STATUS: Serializing Save Data
09-07-17_12:42:17 PM :: USTATUSUPDATE: STATUS: Serializing Permission Data
09-07-17_12:42:17 PM :: USTATUSUPDATE: STATUS: Serializing Permission Data
09-07-17_12:42:17 PM :: SERIALIZEDATA: SaveData already exists: C:\Users\mpegler\Source\Repos\ServerRPGAdventure\PersonalDiscordBot\bin\x64\Debug\SaveData
09-07-17_12:42:17 PM :: SERIALIZEPERMISSIONS: Permissions already exists: C:\Users\mpegler\Source\Repos\ServerRPGAdventure\PersonalDiscordBot\bin\x64\Debug\Permissions
09-07-17_12:42:17 PM :: SERIALIZEPERMISSIONS: Permissions already exists: C:\Users\mpegler\Source\Repos\ServerRPGAdventure\PersonalDiscordBot\bin\x64\Debug\Permissions
09-07-17_12:42:17 PM :: USTATUSUPDATE: STATUS: Serializing Save Data
09-07-17_12:42:17 PM :: USTATUSUPDATE: STATUS: Owner Serializing Complete
09-07-17_12:42:17 PM :: SERIALIZEDATA: SaveData already exists: C:\Users\mpegler\Source\Repos\ServerRPGAdventure\PersonalDiscordBot\bin\x64\Debug\SaveData
09-07-17_12:42:17 PM :: USTATUSUPDATE: STATUS: Owner Serializing Complete
09-07-17_12:42:17 PM :: SERIALIZEPERMISSIONS: Serialized Administrators.perm
09-07-17_12:42:17 PM :: SERIALIZEPERMISSIONS: Serialized RPGChannels.perm
09-07-17_12:42:17 PM :: SERIALIZEPERMISSIONS: Serialized GeneralPermissions.perm
09-07-17_12:42:17 PM :: USTATUSUPDATE: STATUS: Admin Serialization Complete
09-07-17_12:42:17 PM :: USTATUSUPDATE: STATUS: Admin Serialization Complete
09-07-17_12:42:18 PM :: USTATUSUPDATE: STATUS: Refreshed admin list, total admins: 0

09-07-17_12:44:26 PM :: .CTOR: 
########################## Application Start ##########################

09-07-17_12:44:26 PM :: SETUPCONFIG: Found Log Directory at: C:\Users\mpegler\Source\Repos\ServerRPGAdventure\PersonalDiscordBot\bin\x64\Debug\Logs
09-07-17_12:44:26 PM :: SETUPCONFIG: Found Config Directory at: C:\Users\mpegler\Source\Repos\ServerRPGAdventure\PersonalDiscordBot\bin\x64\Debug\Config
09-07-17_12:44:26 PM :: SETUPCONFIG: Found Paths.json at: C:\Users\mpegler\Source\Repos\ServerRPGAdventure\PersonalDiscordBot\bin\x64\Debug\Config\Paths.json
09-07-17_12:44:26 PM :: SETUPCONFIG: Found ServerConfig.xml at: C:\Users\mpegler\Source\Repos\ServerRPGAdventure\PersonalDiscordBot\bin\x64\Debug\Config\ServerConfig.xml
09-07-17_12:44:27 PM :: FULLEXCEPTIONLOG: EXCEPTION: ReadConfig at 727
09-07-17_12:44:27 PM :: SETUPCONFIG: Finished reading config
09-07-17_12:44:28 PM :: USTATUSUPDATE: STATUS: Running DEBUG Mode
09-07-17_12:44:28 PM :: USTATUSUPDATE: STATUS: Deserializing Permission Data
09-07-17_12:44:28 PM :: USTATUSUPDATE: STATUS: Deserializing Sava Data
09-07-17_12:44:28 PM :: LOADWINDOWLOCATION: Loading window location
09-07-17_12:44:28 PM :: LOADWINDOWLOCATION: Window Location Loaded and applied: [L]0 [T]0 [R]0 [B]0
09-07-17_12:44:28 PM :: HIDEGRIDS: Set Grid grdStatus to Hidden on launch
09-07-17_12:44:28 PM :: HIDEGRIDS: Set Grid grdSettings to Hidden on launch
09-07-17_12:44:28 PM :: HIDEGRIDS: Set Grid grdServers to Hidden on launch
09-07-17_12:44:28 PM :: HIDEGRIDS: Set Grid grdBotInfo to Hidden on launch
09-07-17_12:44:28 PM :: DESERIALIZEPERMISSIONS: Cleared Administrators and AllowedChannels
09-07-17_12:44:28 PM :: DESERIALIZEPERMISSIONS: Found Administrators.perm file: C:\Users\mpegler\Source\Repos\ServerRPGAdventure\PersonalDiscordBot\bin\x64\Debug\Permissions\Administrators.perm
09-07-17_12:44:28 PM :: USTATUSUPDATE: STATUS: Version updated to 
09-07-17_12:44:28 PM :: USTATUSUPDATE: STATUS: Owner Deserialization Complete
09-07-17_12:44:28 PM :: TREFRESHADMINLIST: Refreshing admin list
09-07-17_12:44:28 PM :: CLEANUPLOGDIR: Cleaning up Log Directory: C:\Users\mpegler\Source\Repos\ServerRPGAdventure\PersonalDiscordBot\bin\x64\Debug\Logs
09-07-17_12:44:28 PM :: CLEANUPLOGDIR: Deleted old log file: Exceptions.log
09-07-17_12:44:28 PM :: CLEANUPLOGDIR: Finished cleaning up Log directory
09-07-17_12:44:29 PM :: DESERIALIZEPERMISSIONS: Deserialized Administrators.perm
09-07-17_12:44:29 PM :: DESERIALIZEPERMISSIONS: Found RPGChannels.perm file: C:\Users\mpegler\Source\Repos\ServerRPGAdventure\PersonalDiscordBot\bin\x64\Debug\Permissions\RPGChannels.perm
09-07-17_12:44:29 PM :: DESERIALIZEPERMISSIONS: Deserialized RPGChannels.perm
09-07-17_12:44:29 PM :: DESERIALIZEPERMISSIONS: Found GeneralPermissions.perm file: C:\Users\mpegler\Source\Repos\ServerRPGAdventure\PersonalDiscordBot\bin\x64\Debug\Permissions\GeneralPermissions.perm
09-07-17_12:44:29 PM :: DESERIALIZEPERMISSIONS: Deserialized GeneralPermissions.perm
09-07-17_12:44:29 PM :: USTATUSUPDATE: STATUS: Admin Deserialization Complete
09-07-17_12:44:29 PM :: USTATUSUPDATE: STATUS: Newer release found, updating now... [Current]0.1.0.0 [Release]0.1.0.9
09-07-17_12:44:30 PM :: SAVECONFIG: Saved current config to Paths.json
09-07-17_12:44:30 PM :: SAVECONFIG: Saved current config to Paths.json
09-07-17_12:44:30 PM :: SAVECONFIG: Saved current game server list to ServerConfig.xml
09-07-17_12:44:30 PM :: FULLEXCEPTIONLOG: EXCEPTION: StartUpdate at 1133
09-07-17_12:44:30 PM :: USTATUSUPDATE: STATUS: Serializing Save Data
09-07-17_12:44:30 PM :: USTATUSUPDATE: STATUS: Serializing Permission Data
09-07-17_12:44:30 PM :: USTATUSUPDATE: STATUS: Serializing Permission Data
09-07-17_12:44:30 PM :: SERIALIZEDATA: SaveData already exists: C:\Users\mpegler\Source\Repos\ServerRPGAdventure\PersonalDiscordBot\bin\x64\Debug\SaveData
09-07-17_12:44:30 PM :: SERIALIZEPERMISSIONS: Permissions already exists: C:\Users\mpegler\Source\Repos\ServerRPGAdventure\PersonalDiscordBot\bin\x64\Debug\Permissions
09-07-17_12:44:30 PM :: SERIALIZEPERMISSIONS: Permissions already exists: C:\Users\mpegler\Source\Repos\ServerRPGAdventure\PersonalDiscordBot\bin\x64\Debug\Permissions
09-07-17_12:44:30 PM :: USTATUSUPDATE: STATUS: Serializing Save Data
09-07-17_12:44:30 PM :: USTATUSUPDATE: STATUS: Owner Serializing Complete
09-07-17_12:44:30 PM :: SERIALIZEDATA: SaveData already exists: C:\Users\mpegler\Source\Repos\ServerRPGAdventure\PersonalDiscordBot\bin\x64\Debug\SaveData
09-07-17_12:44:30 PM :: USTATUSUPDATE: STATUS: Owner Serializing Complete
09-07-17_12:44:30 PM :: SERIALIZEPERMISSIONS: Serialized Administrators.perm
09-07-17_12:44:30 PM :: SERIALIZEPERMISSIONS: Serialized RPGChannels.perm
09-07-17_12:44:30 PM :: SERIALIZEPERMISSIONS: Serialized GeneralPermissions.perm
09-07-17_12:44:30 PM :: FULLEXCEPTIONLOG: EXCEPTION: SerializePermissions at 57
09-07-17_12:44:30 PM :: USTATUSUPDATE: STATUS: Admin Serialization Complete

09-07-17_12:44:58 PM :: .CTOR: 
########################## Application Start ##########################

09-07-17_12:44:58 PM :: SETUPCONFIG: Found Log Directory at: C:\Users\mpegler\Source\Repos\ServerRPGAdventure\PersonalDiscordBot\bin\x64\Debug\Logs
09-07-17_12:44:58 PM :: SETUPCONFIG: Found Config Directory at: C:\Users\mpegler\Source\Repos\ServerRPGAdventure\PersonalDiscordBot\bin\x64\Debug\Config
09-07-17_12:44:58 PM :: SETUPCONFIG: Found Paths.json at: C:\Users\mpegler\Source\Repos\ServerRPGAdventure\PersonalDiscordBot\bin\x64\Debug\Config\Paths.json
09-07-17_12:44:58 PM :: SETUPCONFIG: Found ServerConfig.xml at: C:\Users\mpegler\Source\Repos\ServerRPGAdventure\PersonalDiscordBot\bin\x64\Debug\Config\ServerConfig.xml
09-07-17_12:44:59 PM :: FULLEXCEPTIONLOG: EXCEPTION: ReadConfig at 727
09-07-17_12:44:59 PM :: SETUPCONFIG: Finished reading config
09-07-17_12:45:01 PM :: USTATUSUPDATE: STATUS: Running DEBUG Mode
09-07-17_12:45:01 PM :: USTATUSUPDATE: STATUS: Deserializing Sava Data
09-07-17_12:45:01 PM :: USTATUSUPDATE: STATUS: Deserializing Permission Data
09-07-17_12:45:01 PM :: LOADWINDOWLOCATION: Loading window location
09-07-17_12:45:01 PM :: LOADWINDOWLOCATION: Window Location Loaded and applied: [L]0 [T]0 [R]0 [B]0
09-07-17_12:45:01 PM :: HIDEGRIDS: Set Grid grdStatus to Hidden on launch
09-07-17_12:45:01 PM :: HIDEGRIDS: Set Grid grdSettings to Hidden on launch
09-07-17_12:45:01 PM :: HIDEGRIDS: Set Grid grdServers to Hidden on launch
09-07-17_12:45:01 PM :: HIDEGRIDS: Set Grid grdBotInfo to Hidden on launch
09-07-17_12:45:01 PM :: DESERIALIZEPERMISSIONS: Cleared Administrators and AllowedChannels
09-07-17_12:45:01 PM :: DESERIALIZEPERMISSIONS: Found Administrators.perm file: C:\Users\mpegler\Source\Repos\ServerRPGAdventure\PersonalDiscordBot\bin\x64\Debug\Permissions\Administrators.perm
09-07-17_12:45:01 PM :: USTATUSUPDATE: STATUS: Version updated to 
09-07-17_12:45:01 PM :: USTATUSUPDATE: STATUS: Owner Deserialization Complete
09-07-17_12:45:01 PM :: CLEANUPLOGDIR: Cleaning up Log Directory: C:\Users\mpegler\Source\Repos\ServerRPGAdventure\PersonalDiscordBot\bin\x64\Debug\Logs
09-07-17_12:45:01 PM :: TREFRESHADMINLIST: Refreshing admin list
09-07-17_12:45:01 PM :: CLEANUPLOGDIR: Deleted old log file: Exceptions.log
09-07-17_12:45:01 PM :: CLEANUPLOGDIR: Finished cleaning up Log directory
09-07-17_12:45:01 PM :: DESERIALIZEPERMISSIONS: Deserialized Administrators.perm
09-07-17_12:45:01 PM :: DESERIALIZEPERMISSIONS: Found RPGChannels.perm file: C:\Users\mpegler\Source\Repos\ServerRPGAdventure\PersonalDiscordBot\bin\x64\Debug\Permissions\RPGChannels.perm
09-07-17_12:45:01 PM :: DESERIALIZEPERMISSIONS: Deserialized RPGChannels.perm
09-07-17_12:45:01 PM :: DESERIALIZEPERMISSIONS: Found GeneralPermissions.perm file: C:\Users\mpegler\Source\Repos\ServerRPGAdventure\PersonalDiscordBot\bin\x64\Debug\Permissions\GeneralPermissions.perm
09-07-17_12:45:01 PM :: DESERIALIZEPERMISSIONS: Deserialized GeneralPermissions.perm
09-07-17_12:45:01 PM :: USTATUSUPDATE: STATUS: Admin Deserialization Complete
09-07-17_12:45:02 PM :: USTATUSUPDATE: STATUS: Newer release found, updating now... [Current]0.1.0.0 [Release]0.1.0.9
09-07-17_12:45:02 PM :: SAVECONFIG: Saved current config to Paths.json
09-07-17_12:45:02 PM :: SAVECONFIG: Saved current config to Paths.json
09-07-17_12:45:02 PM :: SAVECONFIG: Saved current game server list to ServerConfig.xml
09-07-17_12:45:03 PM :: FULLEXCEPTIONLOG: EXCEPTION: StartUpdate at 1133
09-07-17_12:45:03 PM :: USTATUSUPDATE: STATUS: Serializing Save Data
09-07-17_12:45:03 PM :: USTATUSUPDATE: STATUS: Serializing Permission Data
09-07-17_12:45:03 PM :: USTATUSUPDATE: STATUS: Serializing Permission Data
09-07-17_12:45:03 PM :: SERIALIZEDATA: SaveData already exists: C:\Users\mpegler\Source\Repos\ServerRPGAdventure\PersonalDiscordBot\bin\x64\Debug\SaveData
09-07-17_12:45:03 PM :: SERIALIZEPERMISSIONS: Permissions already exists: C:\Users\mpegler\Source\Repos\ServerRPGAdventure\PersonalDiscordBot\bin\x64\Debug\Permissions
09-07-17_12:45:03 PM :: SERIALIZEPERMISSIONS: Permissions already exists: C:\Users\mpegler\Source\Repos\ServerRPGAdventure\PersonalDiscordBot\bin\x64\Debug\Permissions
09-07-17_12:45:03 PM :: USTATUSUPDATE: STATUS: Serializing Save Data
09-07-17_12:45:03 PM :: USTATUSUPDATE: STATUS: Owner Serializing Complete
09-07-17_12:45:03 PM :: SERIALIZEDATA: SaveData already exists: C:\Users\mpegler\Source\Repos\ServerRPGAdventure\PersonalDiscordBot\bin\x64\Debug\SaveData
09-07-17_12:45:03 PM :: USTATUSUPDATE: STATUS: Owner Serializing Complete
09-07-17_12:45:03 PM :: SERIALIZEPERMISSIONS: Serialized Administrators.perm
09-07-17_12:45:03 PM :: SERIALIZEPERMISSIONS: Serialized RPGChannels.perm
09-07-17_12:45:03 PM :: FULLEXCEPTIONLOG: EXCEPTION: SerializePermissions at 57
09-07-17_12:45:03 PM :: SERIALIZEPERMISSIONS: Serialized GeneralPermissions.perm
09-07-17_12:45:03 PM :: USTATUSUPDATE: STATUS: Admin Serialization Complete

09-07-17_1:12:39 PM :: .CTOR: 
########################## Application Start ##########################

09-07-17_1:12:39 PM :: SETUPCONFIG: Found Log Directory at: C:\Users\mpegler\Source\Repos\ServerRPGAdventure\PersonalDiscordBot\bin\x64\Debug\Logs
09-07-17_1:12:39 PM :: SETUPCONFIG: Found Config Directory at: C:\Users\mpegler\Source\Repos\ServerRPGAdventure\PersonalDiscordBot\bin\x64\Debug\Config
09-07-17_1:12:39 PM :: SETUPCONFIG: Found Paths.json at: C:\Users\mpegler\Source\Repos\ServerRPGAdventure\PersonalDiscordBot\bin\x64\Debug\Config\Paths.json
09-07-17_1:12:39 PM :: SETUPCONFIG: Found ServerConfig.xml at: C:\Users\mpegler\Source\Repos\ServerRPGAdventure\PersonalDiscordBot\bin\x64\Debug\Config\ServerConfig.xml
09-07-17_1:12:39 PM :: FULLEXCEPTIONLOG: EXCEPTION: ReadConfig at 727
09-07-17_1:12:39 PM :: SETUPCONFIG: Finished reading config
09-07-17_1:12:41 PM :: USTATUSUPDATE: STATUS: Deserializing Sava Data
09-07-17_1:12:42 PM :: USTATUSUPDATE: STATUS: Running DEBUG Mode
09-07-17_1:12:42 PM :: USTATUSUPDATE: STATUS: Deserializing Permission Data
09-07-17_1:12:42 PM :: LOADWINDOWLOCATION: Loading window location
09-07-17_1:12:42 PM :: LOADWINDOWLOCATION: Window Location Loaded and applied: [L]0 [T]0 [R]0 [B]0
09-07-17_1:12:42 PM :: HIDEGRIDS: Set Grid grdStatus to Hidden on launch
09-07-17_1:12:42 PM :: HIDEGRIDS: Set Grid grdSettings to Hidden on launch
09-07-17_1:12:42 PM :: HIDEGRIDS: Set Grid grdServers to Hidden on launch
09-07-17_1:12:42 PM :: HIDEGRIDS: Set Grid grdBotInfo to Hidden on launch
09-07-17_1:12:42 PM :: DESERIALIZEPERMISSIONS: Cleared Administrators and AllowedChannels
09-07-17_1:12:42 PM :: DESERIALIZEPERMISSIONS: Found Administrators.perm file: C:\Users\mpegler\Source\Repos\ServerRPGAdventure\PersonalDiscordBot\bin\x64\Debug\Permissions\Administrators.perm
09-07-17_1:12:42 PM :: USTATUSUPDATE: STATUS: Owner Deserialization Complete
09-07-17_1:12:42 PM :: USTATUSUPDATE: STATUS: Version updated to 
09-07-17_1:12:42 PM :: CLEANUPLOGDIR: Cleaning up Log Directory: C:\Users\mpegler\Source\Repos\ServerRPGAdventure\PersonalDiscordBot\bin\x64\Debug\Logs
09-07-17_1:12:42 PM :: TREFRESHADMINLIST: Refreshing admin list
09-07-17_1:12:42 PM :: CLEANUPLOGDIR: Deleted old log file: Exceptions.log
09-07-17_1:12:42 PM :: CLEANUPLOGDIR: Finished cleaning up Log directory
09-07-17_1:12:42 PM :: DESERIALIZEPERMISSIONS: Deserialized Administrators.perm
09-07-17_1:12:42 PM :: DESERIALIZEPERMISSIONS: Found RPGChannels.perm file: C:\Users\mpegler\Source\Repos\ServerRPGAdventure\PersonalDiscordBot\bin\x64\Debug\Permissions\RPGChannels.perm
09-07-17_1:12:42 PM :: DESERIALIZEPERMISSIONS: Deserialized RPGChannels.perm
09-07-17_1:12:42 PM :: DESERIALIZEPERMISSIONS: Found GeneralPermissions.perm file: C:\Users\mpegler\Source\Repos\ServerRPGAdventure\PersonalDiscordBot\bin\x64\Debug\Permissions\GeneralPermissions.perm
09-07-17_1:12:42 PM :: DESERIALIZEPERMISSIONS: Deserialized GeneralPermissions.perm
09-07-17_1:12:42 PM :: USTATUSUPDATE: STATUS: Admin Deserialization Complete
09-07-17_1:12:43 PM :: USTATUSUPDATE: STATUS: Newer release found, updating now... [Current]0.1.0.0 [Release]0.1.0.9
09-07-17_1:12:43 PM :: SAVECONFIG: Saved current config to Paths.json
09-07-17_1:12:43 PM :: SAVECONFIG: Saved current config to Paths.json
09-07-17_1:12:43 PM :: SAVECONFIG: Saved current game server list to ServerConfig.xml
09-07-17_1:12:43 PM :: FULLEXCEPTIONLOG: EXCEPTION: StartUpdate at 1133
09-07-17_1:12:43 PM :: USTATUSUPDATE: STATUS: Serializing Save Data
09-07-17_1:12:43 PM :: USTATUSUPDATE: STATUS: Serializing Permission Data
09-07-17_1:12:43 PM :: USTATUSUPDATE: STATUS: Serializing Permission Data
09-07-17_1:12:43 PM :: SERIALIZEDATA: SaveData already exists: C:\Users\mpegler\Source\Repos\ServerRPGAdventure\PersonalDiscordBot\bin\x64\Debug\SaveData
09-07-17_1:12:43 PM :: SERIALIZEPERMISSIONS: Permissions already exists: C:\Users\mpegler\Source\Repos\ServerRPGAdventure\PersonalDiscordBot\bin\x64\Debug\Permissions
09-07-17_1:12:43 PM :: SERIALIZEPERMISSIONS: Permissions already exists: C:\Users\mpegler\Source\Repos\ServerRPGAdventure\PersonalDiscordBot\bin\x64\Debug\Permissions
09-07-17_1:12:43 PM :: USTATUSUPDATE: STATUS: Serializing Save Data
09-07-17_1:12:43 PM :: USTATUSUPDATE: STATUS: Owner Serializing Complete
09-07-17_1:12:43 PM :: SERIALIZEDATA: SaveData already exists: C:\Users\mpegler\Source\Repos\ServerRPGAdventure\PersonalDiscordBot\bin\x64\Debug\SaveData
09-07-17_1:12:43 PM :: USTATUSUPDATE: STATUS: Owner Serializing Complete
09-07-17_1:12:43 PM :: SERIALIZEPERMISSIONS: Serialized Administrators.perm
09-07-17_1:12:43 PM :: SERIALIZEPERMISSIONS: Serialized RPGChannels.perm
09-07-17_1:12:43 PM :: SERIALIZEPERMISSIONS: Serialized GeneralPermissions.perm
09-07-17_1:12:43 PM :: FULLEXCEPTIONLOG: EXCEPTION: SerializePermissions at 57
09-07-17_1:12:43 PM :: USTATUSUPDATE: STATUS: Admin Serialization Complete
09-07-17_1:12:43 PM :: USTATUSUPDATE: STATUS: Admin Serialization Complete

09-07-17_1:12:45 PM :: USTATUSUPDATE: STATUS: Refreshed admin list, total admins: 0
09-07-17_1:12:45 PM :: WINMAIN_CLOSING: 
########################## Application Stop ##########################


