10/18/2017_7:44 AM :: Running DEBUG Mode
10/18/2017_7:44 AM :: Deserializing Sava Data
10/18/2017_7:44 AM :: Deserializing Permission Data
10/18/2017_7:44 AM :: Version updated to 
10/18/2017_7:44 AM :: Admin Deserialization Complete
10/18/2017_7:44 AM :: Owner Deserialization Complete
10/18/2017_7:44 AM :: Newer release found, updating now... [Current]0.1.0.0 [Release]0.1.0.9
10/18/2017_7:44 AM :: Serializing Save Data
10/18/2017_7:44 AM :: Serializing Permission Data
10/18/2017_7:44 AM :: Serializing Permission Data
10/18/2017_7:44 AM :: Serializing Save Data
10/18/2017_7:44 AM :: Admin Serialization Complete
10/18/2017_7:44 AM :: Owner Serializing Complete
10/18/2017_7:44 AM :: Owner Serializing Complete
10/18/2017_7:44 AM :: Admin Serialization Complete
10/18/2017_7:44 AM :: Refreshed admin list, total admins: 0
10/18/2017_7:45 AM :: Starting login updater
10/18/2017_7:45 AM :: Updated Name and Playing Value
10/18/2017_7:45 AM :: User: Bygonjin ◥◤ Command: ;test check backpack
10/18/2017_7:46 AM :: User: Bygonjin ◥◤ Command: ;test delete
10/18/2017_7:46 AM :: Added admin ID: 123913308498690051
10/18/2017_7:46 AM :: Refreshed admin list, total admins: 1
10/18/2017_7:47 AM :: User: Bygonjin ◥◤ Command: ;test delete
10/18/2017_7:47 AM :: Refreshed admin list, total admins: 1
10/18/2017_7:47 AM :: User: Bygonjin ◥◤ Command: ;test create
10/18/2017_7:47 AM :: Owner profile not found, created one for Bygonjin | 123913308498690051
10/18/2017_7:47 AM :: User: Bygonjin ◥◤ Command: ;test check backpack
10/18/2017_7:49 AM :: Serializing Save Data
10/18/2017_7:49 AM :: Serializing Permission Data

10/18/2017_8:06 AM :: Running DEBUG Mode
10/18/2017_8:06 AM :: Deserializing Permission Data
10/18/2017_8:06 AM :: Deserializing Sava Data
10/18/2017_8:06 AM :: Version updated to 
10/18/2017_8:06 AM :: Admin Deserialization Complete
10/18/2017_8:06 AM :: Owner Deserialization Complete
10/18/2017_8:06 AM :: Newer release found, updating now... [Current]0.1.0.0 [Release]0.1.0.9
10/18/2017_8:06 AM :: Serializing Save Data
10/18/2017_8:06 AM :: Serializing Permission Data
10/18/2017_8:06 AM :: Serializing Permission Data
10/18/2017_8:06 AM :: Serializing Save Data
10/18/2017_8:06 AM :: Admin Serialization Complete
10/18/2017_8:06 AM :: Admin Serialization Complete
10/18/2017_8:06 AM :: Owner Serializing Complete
10/18/2017_8:06 AM :: Owner Serializing Complete
10/18/2017_8:06 AM :: Starting login updater
10/18/2017_8:06 AM :: Refreshed admin list, total admins: 1
10/18/2017_8:06 AM :: Updated Name and Playing Value
10/18/2017_8:06 AM :: User: Bygonjin ◥◤ Command: ;test check backpack
10/18/2017_8:08 AM :: Starting login updater
10/18/2017_8:08 AM :: Updated Name and Playing Value
10/18/2017_8:08 AM :: User: Bygonjin ◥◤ Command: ;test check backpack
10/18/2017_8:08 AM :: User: Bygonjin ◥◤ Command: ;test check backpack
10/18/2017_8:08 AM :: Starting login updater
10/18/2017_8:08 AM :: Updated Name and Playing Value
10/18/2017_8:09 AM :: Bot Client has disconnected and logged out
10/18/2017_8:09 AM :: Serializing Save Data
10/18/2017_8:09 AM :: Serializing Permission Data

10/18/2017_9:45 AM :: Running DEBUG Mode
10/18/2017_9:45 AM :: Deserializing Sava Data
10/18/2017_9:45 AM :: Deserializing Permission Data
10/18/2017_9:45 AM :: Version updated to 
10/18/2017_9:45 AM :: Admin Deserialization Complete
10/18/2017_9:45 AM :: Owner Deserialization Complete
10/18/2017_9:45 AM :: Newer release found, updating now... [Current]0.1.0.0 [Release]0.1.0.9
10/18/2017_9:45 AM :: Serializing Save Data
10/18/2017_9:45 AM :: Serializing Permission Data
10/18/2017_9:45 AM :: Serializing Permission Data
10/18/2017_9:45 AM :: Serializing Save Data
10/18/2017_9:45 AM :: Admin Serialization Complete

10/18/2017_9:49 AM :: Deserializing Permission Data
10/18/2017_9:49 AM :: Running DEBUG Mode
10/18/2017_9:49 AM :: Deserializing Sava Data
10/18/2017_9:49 AM :: Version updated to 
10/18/2017_9:49 AM :: Admin Deserialization Complete
10/18/2017_9:49 AM :: Owner Deserialization Complete
10/18/2017_9:49 AM :: Newer release found, updating now... [Current]0.1.0.0 [Release]0.1.0.9
10/18/2017_9:49 AM :: Serializing Save Data
10/18/2017_9:49 AM :: Serializing Permission Data
10/18/2017_9:49 AM :: Serializing Permission Data
10/18/2017_9:49 AM :: Serializing Save Data
10/18/2017_9:49 AM :: Admin Serialization Complete
10/18/2017_9:49 AM :: Admin Serialization Complete
10/18/2017_9:49 AM :: Owner Serializing Complete
10/18/2017_9:49 AM :: Owner Serializing Complete
10/18/2017_9:49 AM :: Starting login updater
10/18/2017_9:49 AM :: Refreshed admin list, total admins: 1
10/18/2017_9:49 AM :: Updated Name and Playing Value
10/18/2017_9:49 AM :: User: Bygonjin ◥◤ Command: ;test check backpack
10/18/2017_9:50 AM :: Serializing Permission Data
10/18/2017_9:50 AM :: Serializing Save Data

10/18/2017_1:02 PM :: Running DEBUG Mode
10/18/2017_1:02 PM :: Deserializing Sava Data
10/18/2017_1:02 PM :: Deserializing Permission Data
10/18/2017_1:02 PM :: Version updated to 
10/18/2017_1:02 PM :: Admin Deserialization Complete
10/18/2017_1:02 PM :: Owner Deserialization Complete
10/18/2017_1:02 PM :: Newer release found, updating now... [Current]0.1.0.0 [Release]0.1.0.9
10/18/2017_1:02 PM :: Serializing Permission Data
10/18/2017_1:02 PM :: Serializing Save Data
10/18/2017_1:02 PM :: Serializing Permission Data
10/18/2017_1:02 PM :: Serializing Save Data
10/18/2017_1:02 PM :: Admin Serialization Complete
10/18/2017_1:02 PM :: Admin Serialization Complete
10/18/2017_1:02 PM :: Owner Serializing Complete
10/18/2017_1:02 PM :: Owner Serializing Complete
10/18/2017_1:02 PM :: Starting login updater
10/18/2017_1:02 PM :: Refreshed admin list, total admins: 1
10/18/2017_1:02 PM :: Updated Name and Playing Value
10/18/2017_1:03 PM :: User: Bygonjin ◥◤ Command: ;test check backpack
10/18/2017_1:04 PM :: Serializing Save Data
10/18/2017_1:04 PM :: Serializing Permission Data

10/18/2017_1:12 PM :: Deserializing Permission Data
10/18/2017_1:12 PM :: Running DEBUG Mode
10/18/2017_1:12 PM :: Deserializing Sava Data
10/18/2017_1:12 PM :: Version updated to 
10/18/2017_1:12 PM :: Admin Deserialization Complete
10/18/2017_1:12 PM :: Owner Deserialization Complete
10/18/2017_1:12 PM :: Serializing Save Data
10/18/2017_1:12 PM :: Serializing Permission Data

10/18/2017_1:15 PM :: Deserializing Sava Data
10/18/2017_1:15 PM :: Running DEBUG Mode
10/18/2017_1:15 PM :: Deserializing Permission Data
10/18/2017_1:15 PM :: Version updated to 
10/18/2017_1:15 PM :: Owner Deserialization Complete
10/18/2017_1:15 PM :: Admin Deserialization Complete
10/18/2017_1:15 PM :: Newer release found, updating now... [Current]0.1.0.0 [Release]0.1.0.9
10/18/2017_1:15 PM :: Serializing Save Data
10/18/2017_1:15 PM :: Serializing Permission Data
10/18/2017_1:15 PM :: Serializing Permission Data
10/18/2017_1:15 PM :: Serializing Save Data
10/18/2017_1:15 PM :: Starting login updater
10/18/2017_1:15 PM :: Admin Serialization Complete
10/18/2017_1:15 PM :: Admin Serialization Complete
10/18/2017_1:15 PM :: Owner Serializing Complete
10/18/2017_1:15 PM :: Owner Serializing Complete
10/18/2017_1:15 PM :: Refreshed admin list, total admins: 1
10/18/2017_1:15 PM :: Updated Name and Playing Value
10/18/2017_1:15 PM :: User: Bygonjin ◥◤ Command: ;test check backpack
10/18/2017_1:16 PM :: Serializing Save Data
10/18/2017_1:16 PM :: Serializing Permission Data

10/18/2017_1:56 PM :: Running DEBUG Mode
10/18/2017_1:56 PM :: Deserializing Sava Data
10/18/2017_1:56 PM :: Deserializing Permission Data
10/18/2017_1:56 PM :: Version updated to 
10/18/2017_1:56 PM :: Admin Deserialization Complete
10/18/2017_1:56 PM :: Owner Deserialization Complete
10/18/2017_1:56 PM :: Newer release found, updating now... [Current]0.1.0.0 [Release]0.1.0.9
10/18/2017_1:56 PM :: Serializing Save Data
10/18/2017_1:56 PM :: Serializing Permission Data
10/18/2017_1:56 PM :: Serializing Permission Data
10/18/2017_1:56 PM :: Serializing Save Data
10/18/2017_1:56 PM :: Starting login updater
10/18/2017_1:56 PM :: Admin Serialization Complete
10/18/2017_1:56 PM :: Admin Serialization Complete
10/18/2017_1:56 PM :: Owner Serializing Complete
10/18/2017_1:56 PM :: Owner Serializing Complete
10/18/2017_1:56 PM :: Refreshed admin list, total admins: 1
10/18/2017_1:56 PM :: Updated Name and Playing Value
10/18/2017_1:56 PM :: User: Bygonjin ◥◤ Command: ;test check backpack
10/18/2017_1:56 PM :: Serializing Save Data
10/18/2017_1:56 PM :: Serializing Permission Data

10/18/2017_1:59 PM :: Deserializing Sava Data
10/18/2017_1:59 PM :: Running DEBUG Mode
10/18/2017_1:59 PM :: Deserializing Permission Data
10/18/2017_1:59 PM :: Version updated to 
10/18/2017_1:59 PM :: Owner Deserialization Complete
10/18/2017_1:59 PM :: Admin Deserialization Complete
10/18/2017_1:59 PM :: Newer release found, updating now... [Current]0.1.0.0 [Release]0.1.0.9
10/18/2017_1:59 PM :: Serializing Save Data
10/18/2017_1:59 PM :: Serializing Permission Data
10/18/2017_1:59 PM :: Serializing Permission Data
10/18/2017_1:59 PM :: Serializing Save Data
10/18/2017_1:59 PM :: Admin Serialization Complete
10/18/2017_1:59 PM :: Starting login updater
10/18/2017_1:59 PM :: Admin Serialization Complete
10/18/2017_1:59 PM :: Owner Serializing Complete
10/18/2017_1:59 PM :: Owner Serializing Complete
10/18/2017_1:59 PM :: Refreshed admin list, total admins: 1
10/18/2017_1:59 PM :: Updated Name and Playing Value
10/18/2017_1:59 PM :: User: Bygonjin ◥◤ Command: ;test check backpack
10/18/2017_2:01 PM :: Serializing Save Data
10/18/2017_2:01 PM :: Serializing Permission Data

10/18/2017_2:43 PM :: Running DEBUG Mode
10/18/2017_2:43 PM :: Deserializing Sava Data
10/18/2017_2:43 PM :: Deserializing Permission Data
10/18/2017_2:43 PM :: Version updated to 
10/18/2017_2:43 PM :: Admin Deserialization Complete
10/18/2017_2:43 PM :: Owner Deserialization Complete
10/18/2017_2:43 PM :: Newer release found, updating now... [Current]0.1.0.0 [Release]0.1.0.9
10/18/2017_2:43 PM :: Serializing Save Data
10/18/2017_2:43 PM :: Serializing Permission Data
10/18/2017_2:43 PM :: Serializing Permission Data
10/18/2017_2:43 PM :: Refreshed admin list, total admins: 1
10/18/2017_2:43 PM :: Serializing Save Data
10/18/2017_2:43 PM :: Admin Serialization Complete
10/18/2017_2:43 PM :: Admin Serialization Complete
10/18/2017_2:43 PM :: Owner Serializing Complete
10/18/2017_2:43 PM :: Owner Serializing Complete
10/18/2017_2:43 PM :: Starting login updater
10/18/2017_2:43 PM :: Updated Name and Playing Value
10/18/2017_2:43 PM :: User: Bygonjin ◥◤ Command: ;test check backpack
10/18/2017_2:44 PM :: User: Bygonjin ◥◤ Command: ;test check backpack
10/18/2017_2:45 PM :: Serializing Save Data
10/18/2017_2:45 PM :: Serializing Permission Data

