10/17/2017_8:27 AM :: Running DEBUG Mode
10/17/2017_8:27 AM :: Deserializing Sava Data
10/17/2017_8:27 AM :: Deserializing Permission Data
10/17/2017_8:27 AM :: Version updated to 
10/17/2017_8:27 AM :: Admin Deserialization Complete
10/17/2017_8:27 AM :: Owner Deserialization Complete
10/17/2017_8:27 AM :: Newer release found, updating now... [Current]0.1.0.0 [Release]0.1.0.9
10/17/2017_8:27 AM :: Serializing Save Data
10/17/2017_8:27 AM :: Serializing Permission Data
10/17/2017_8:27 AM :: Serializing Permission Data
10/17/2017_8:27 AM :: Admin Serialization Complete
10/17/2017_8:27 AM :: Serializing Save Data
10/17/2017_8:27 AM :: Admin Serialization Complete
10/17/2017_8:27 AM :: Owner Serializing Complete
10/17/2017_8:27 AM :: Owner Serializing Complete
10/17/2017_8:27 AM :: Refreshed admin list, total admins: 0
10/17/2017_8:27 AM :: Starting login updater
10/17/2017_8:27 AM :: Updated Name and Playing Value
10/17/2017_8:27 AM :: User: Bygonjin ◥◤ Command: ;test check backpack
10/17/2017_8:29 AM :: Serializing Permission Data
10/17/2017_8:29 AM :: Serializing Save Data

