10/16/2017_8:43 AM :: Running DEBUG Mode
10/16/2017_8:43 AM :: Deserializing Sava Data
10/16/2017_8:43 AM :: Deserializing Permission Data
10/16/2017_8:43 AM :: Version updated to 
10/16/2017_8:43 AM :: Admin Deserialization Complete
10/16/2017_8:43 AM :: Owner Deserialization Complete
10/16/2017_8:43 AM :: Newer release found, updating now... [Current]0.1.0.0 [Release]0.1.0.9
10/16/2017_8:43 AM :: Serializing Save Data
10/16/2017_8:43 AM :: Serializing Permission Data
10/16/2017_8:43 AM :: Serializing Permission Data
10/16/2017_8:43 AM :: Admin Serialization Complete
10/16/2017_8:43 AM :: Serializing Save Data
10/16/2017_8:43 AM :: Admin Serialization Complete
10/16/2017_8:43 AM :: Owner Serializing Complete
10/16/2017_8:43 AM :: Owner Serializing Complete
10/16/2017_8:43 AM :: Refreshed admin list, total admins: 0
10/16/2017_8:43 AM :: Starting login updater
10/16/2017_8:43 AM :: Updated Name and Playing Value
10/16/2017_8:43 AM :: User: Bygonjin ◥◤ Command: ;test check backpack
10/16/2017_8:44 AM :: Serializing Save Data
10/16/2017_8:44 AM :: Serializing Permission Data

10/16/2017_8:45 AM :: Running DEBUG Mode
10/16/2017_8:45 AM :: Deserializing Permission Data
10/16/2017_8:45 AM :: Deserializing Sava Data
10/16/2017_8:45 AM :: Version updated to 
10/16/2017_8:45 AM :: Admin Deserialization Complete
10/16/2017_8:45 AM :: Owner Deserialization Complete
10/16/2017_8:45 AM :: Newer release found, updating now... [Current]0.1.0.0 [Release]0.1.0.9
10/16/2017_8:45 AM :: Serializing Save Data
10/16/2017_8:45 AM :: Serializing Permission Data
10/16/2017_8:45 AM :: Serializing Permission Data
10/16/2017_8:45 AM :: Serializing Save Data
10/16/2017_8:45 AM :: Admin Serialization Complete
10/16/2017_8:45 AM :: Admin Serialization Complete
10/16/2017_8:45 AM :: Owner Serializing Complete
10/16/2017_8:45 AM :: Owner Serializing Complete
10/16/2017_8:45 AM :: Refreshed admin list, total admins: 0
10/16/2017_8:45 AM :: Starting login updater
10/16/2017_8:45 AM :: Updated Name and Playing Value
10/16/2017_8:47 AM :: User: Bygonjin ◥◤ Command: ;test check backpack
10/16/2017_8:48 AM :: Serializing Save Data
10/16/2017_8:48 AM :: Serializing Permission Data

10/16/2017_8:55 AM :: Running DEBUG Mode
10/16/2017_8:55 AM :: Deserializing Sava Data
10/16/2017_8:55 AM :: Deserializing Permission Data
10/16/2017_8:55 AM :: Version updated to 
10/16/2017_8:55 AM :: Admin Deserialization Complete
10/16/2017_8:55 AM :: Owner Deserialization Complete
10/16/2017_8:55 AM :: Newer release found, updating now... [Current]0.1.0.0 [Release]0.1.0.9
10/16/2017_8:55 AM :: Serializing Save Data
10/16/2017_8:55 AM :: Serializing Permission Data
10/16/2017_8:55 AM :: Serializing Permission Data
10/16/2017_8:55 AM :: Serializing Save Data
10/16/2017_8:55 AM :: Admin Serialization Complete
10/16/2017_8:55 AM :: Admin Serialization Complete
10/16/2017_8:55 AM :: Owner Serializing Complete
10/16/2017_8:55 AM :: Owner Serializing Complete
10/16/2017_8:55 AM :: Refreshed admin list, total admins: 0
10/16/2017_8:56 AM :: Serializing Permission Data
10/16/2017_8:56 AM :: Serializing Save Data

10/16/2017_9:41 AM :: Deserializing Permission Data
10/16/2017_9:41 AM :: Running DEBUG Mode
10/16/2017_9:41 AM :: Deserializing Sava Data
10/16/2017_9:41 AM :: Version updated to 
10/16/2017_9:41 AM :: Admin Deserialization Complete
10/16/2017_9:41 AM :: Owner Deserialization Complete
10/16/2017_9:41 AM :: Newer release found, updating now... [Current]0.1.0.0 [Release]0.1.0.9
10/16/2017_9:41 AM :: Serializing Save Data
10/16/2017_9:41 AM :: Serializing Permission Data
10/16/2017_9:41 AM :: Serializing Permission Data
10/16/2017_9:41 AM :: Serializing Save Data
10/16/2017_9:41 AM :: Admin Serialization Complete
10/16/2017_9:41 AM :: Admin Serialization Complete
10/16/2017_9:41 AM :: Owner Serializing Complete
10/16/2017_9:41 AM :: Owner Serializing Complete
10/16/2017_9:41 AM :: Refreshed admin list, total admins: 0
10/16/2017_9:41 AM :: Starting login updater
10/16/2017_9:41 AM :: Updated Name and Playing Value
10/16/2017_9:42 AM :: User: Bygonjin ◥◤ Command: ;test check backpack
10/16/2017_9:43 AM :: Serializing Save Data
10/16/2017_9:43 AM :: Serializing Permission Data

10/16/2017_1:55 PM :: Running DEBUG Mode
10/16/2017_1:55 PM :: Deserializing Sava Data
10/16/2017_1:55 PM :: Deserializing Permission Data
10/16/2017_1:55 PM :: Version updated to 
10/16/2017_1:55 PM :: Admin Deserialization Complete
10/16/2017_1:55 PM :: Owner Deserialization Complete
10/16/2017_1:55 PM :: Newer release found, updating now... [Current]0.1.0.0 [Release]0.1.0.9
10/16/2017_1:55 PM :: Serializing Save Data
10/16/2017_1:55 PM :: Serializing Permission Data
10/16/2017_1:55 PM :: Serializing Permission Data
10/16/2017_1:55 PM :: Serializing Save Data
10/16/2017_1:55 PM :: Admin Serialization Complete
10/16/2017_1:55 PM :: Admin Serialization Complete
10/16/2017_1:55 PM :: Owner Serializing Complete
10/16/2017_1:55 PM :: Owner Serializing Complete
10/16/2017_1:55 PM :: Refreshed admin list, total admins: 0
10/16/2017_1:56 PM :: Starting login updater
10/16/2017_1:56 PM :: Updated Name and Playing Value
10/16/2017_1:56 PM :: User: Bygonjin ◥◤ Command: ;test check backpack
10/16/2017_1:58 PM :: Serializing Save Data
10/16/2017_1:58 PM :: Serializing Permission Data

10/16/2017_2:18 PM :: Running DEBUG Mode
10/16/2017_2:18 PM :: Deserializing Sava Data
10/16/2017_2:18 PM :: Deserializing Permission Data
10/16/2017_2:18 PM :: Version updated to 
10/16/2017_2:18 PM :: Admin Deserialization Complete
10/16/2017_2:18 PM :: Owner Deserialization Complete
10/16/2017_2:18 PM :: Newer release found, updating now... [Current]0.1.0.0 [Release]0.1.0.9
10/16/2017_2:18 PM :: Serializing Save Data
10/16/2017_2:18 PM :: Serializing Permission Data
10/16/2017_2:18 PM :: Serializing Permission Data
10/16/2017_2:18 PM :: Admin Serialization Complete
10/16/2017_2:18 PM :: Admin Serialization Complete
10/16/2017_2:18 PM :: Serializing Save Data
10/16/2017_2:18 PM :: Owner Serializing Complete
10/16/2017_2:18 PM :: Owner Serializing Complete
10/16/2017_2:18 PM :: Refreshed admin list, total admins: 0
10/16/2017_2:18 PM :: An Exception Occured: btnDisconnect_Click at 182
Msg: Object reference not set to an instance of an object.
10/16/2017_2:18 PM :: An Exception Occured: btnDisconnect_Click at 182
Msg: Object reference not set to an instance of an object.
10/16/2017_2:19 PM :: Starting login updater
10/16/2017_2:19 PM :: Updated Name and Playing Value
10/16/2017_2:19 PM :: User: Bygonjin ◥◤ Command: ;test check backpack
10/16/2017_2:20 PM :: Serializing Save Data
10/16/2017_2:20 PM :: Serializing Permission Data

