10/13/2017_8:04 AM :: Running DEBUG Mode
10/13/2017_8:04 AM :: Deserializing Sava Data
10/13/2017_8:04 AM :: Deserializing Permission Data
10/13/2017_8:04 AM :: Version updated to 
10/13/2017_8:04 AM :: Owner Deserialization Complete
10/13/2017_8:04 AM :: Admin Deserialization Complete
10/13/2017_8:04 AM :: Newer release found, updating now... [Current]0.1.0.0 [Release]0.1.0.9
10/13/2017_8:04 AM :: Serializing Permission Data
10/13/2017_8:04 AM :: Serializing Save Data
10/13/2017_8:04 AM :: Serializing Permission Data
10/13/2017_8:04 AM :: Serializing Save Data
10/13/2017_8:04 AM :: Owner Serializing Complete
10/13/2017_8:04 AM :: Owner Serializing Complete
10/13/2017_8:04 AM :: Admin Serialization Complete
10/13/2017_8:04 AM :: Admin Serialization Complete
10/13/2017_8:04 AM :: Refreshed admin list, total admins: 0
10/13/2017_8:04 AM :: Starting login updater
10/13/2017_8:04 AM :: Updated Name and Playing Value
10/13/2017_8:06 AM :: Serializing Save Data
10/13/2017_8:06 AM :: Serializing Permission Data

10/13/2017_9:38 AM :: Running DEBUG Mode
10/13/2017_9:38 AM :: Deserializing Permission Data
10/13/2017_9:38 AM :: Deserializing Sava Data
10/13/2017_9:39 AM :: Version updated to 
10/13/2017_9:39 AM :: Admin Deserialization Complete
10/13/2017_9:39 AM :: Owner Deserialization Complete
10/13/2017_9:39 AM :: Newer release found, updating now... [Current]0.1.0.0 [Release]0.1.0.9
10/13/2017_9:39 AM :: Serializing Save Data
10/13/2017_9:39 AM :: Serializing Permission Data
10/13/2017_9:39 AM :: Serializing Permission Data
10/13/2017_9:39 AM :: Admin Serialization Complete
10/13/2017_9:39 AM :: Serializing Save Data
10/13/2017_9:39 AM :: Admin Serialization Complete
10/13/2017_9:39 AM :: Owner Serializing Complete
10/13/2017_9:39 AM :: Owner Serializing Complete
10/13/2017_9:39 AM :: Refreshed admin list, total admins: 0
10/13/2017_9:39 AM :: Starting login updater
10/13/2017_9:39 AM :: Updated Name and Playing Value
10/13/2017_9:39 AM :: User: Bygonjin ◥◤ Command: ;test check backpack
10/13/2017_9:47 AM :: User: Bygonjin ◥◤ Command: ;test check backpack
10/13/2017_9:48 AM :: User: Bygonjin ◥◤ Command: ;test check backpack
10/13/2017_9:49 AM :: Serializing Save Data
10/13/2017_9:49 AM :: Owner Serializing Complete
10/13/2017_9:59 AM :: Serializing Save Data
10/13/2017_9:59 AM :: Owner Serializing Complete
10/13/2017_10:09 AM :: Serializing Save Data
10/13/2017_10:09 AM :: Owner Serializing Complete
10/13/2017_10:09 AM :: Serializing Save Data
10/13/2017_10:09 AM :: Serializing Permission Data

