10/06/2017_8:48 AM :: Running DEBUG Mode
10/06/2017_8:48 AM :: Deserializing Permission Data
10/06/2017_8:48 AM :: Deserializing Sava Data
10/06/2017_8:48 AM :: Version updated to 
10/06/2017_8:48 AM :: Owner Deserialization Complete
10/06/2017_8:48 AM :: Admin Deserialization Complete
10/06/2017_8:48 AM :: Newer release found, updating now... [Current]0.1.0.0 [Release]0.1.0.9
10/06/2017_8:48 AM :: Serializing Save Data
10/06/2017_8:48 AM :: Serializing Permission Data
10/06/2017_8:48 AM :: Serializing Permission Data
10/06/2017_8:48 AM :: Serializing Save Data
10/06/2017_8:48 AM :: Owner Serializing Complete
10/06/2017_8:48 AM :: Owner Serializing Complete
10/06/2017_8:48 AM :: Admin Serialization Complete
10/06/2017_8:48 AM :: Admin Serialization Complete
10/06/2017_8:48 AM :: Refreshed admin list, total admins: 0
10/06/2017_8:50 AM :: Serializing Save Data
10/06/2017_8:50 AM :: Serializing Permission Data

10/06/2017_4:34 PM :: Running DEBUG Mode
10/06/2017_4:34 PM :: Deserializing Sava Data
10/06/2017_4:34 PM :: Deserializing Permission Data
10/06/2017_4:34 PM :: Version updated to 
10/06/2017_4:34 PM :: Owner Deserialization Complete
10/06/2017_4:34 PM :: Admin Deserialization Complete
10/06/2017_4:34 PM :: Newer release found, updating now... [Current]0.1.0.0 [Release]0.1.0.9
10/06/2017_4:34 PM :: Serializing Save Data
10/06/2017_4:34 PM :: Serializing Permission Data
10/06/2017_4:34 PM :: Serializing Permission Data
10/06/2017_4:34 PM :: Serializing Save Data
10/06/2017_4:34 PM :: Owner Serializing Complete
10/06/2017_4:34 PM :: Owner Serializing Complete
10/06/2017_4:34 PM :: Admin Serialization Complete
10/06/2017_4:34 PM :: Admin Serialization Complete
10/06/2017_4:34 PM :: Serializing Save Data
10/06/2017_4:34 PM :: Serializing Permission Data

10/06/2017_5:00 PM :: Running DEBUG Mode
10/06/2017_5:00 PM :: Deserializing Permission Data
10/06/2017_5:00 PM :: Deserializing Sava Data
10/06/2017_5:00 PM :: Version updated to 
10/06/2017_5:00 PM :: Owner Deserialization Complete
10/06/2017_5:00 PM :: Admin Deserialization Complete
10/06/2017_5:00 PM :: Newer release found, updating now... [Current]0.1.0.0 [Release]0.1.0.9
10/06/2017_5:00 PM :: Serializing Save Data
10/06/2017_5:00 PM :: Serializing Permission Data
10/06/2017_5:00 PM :: Serializing Permission Data
10/06/2017_5:00 PM :: Serializing Save Data
10/06/2017_5:00 PM :: Owner Serializing Complete
10/06/2017_5:00 PM :: Owner Serializing Complete
10/06/2017_5:00 PM :: Admin Serialization Complete
10/06/2017_5:00 PM :: Admin Serialization Complete
10/06/2017_5:00 PM :: Refreshed admin list, total admins: 0
10/06/2017_5:00 PM :: Serializing Save Data

